2025-01-27 11:06:19,727 [INFO] Activator:176 - 


2025-01-27 11:06:19,735 [INFO] Activator:177 - !SESSION log4j initialized
2025-01-27 11:06:29,161 [INFO] LogOutputStream:77 - [STDOUT_REDIRECT] 
2025-01-27 11:06:31,764 [INFO] ApplicationProperties:184 - Using Application install path: C:\ST\STM32CubeIDE_1.15.0\STM32CubeIDE\plugins\com.st.stm32cube.common.mx_6.11.0.202403141607
2025-01-27 11:06:31,790 [INFO] DbMcusXml:78 - Set database path to: C:\ST\STM32CubeIDE_1.15.0\STM32CubeIDE\plugins\com.st.stm32cube.common.mx_6.11.0.202403141607\\db\/mcu/
2025-01-27 11:06:31,791 [INFO] ApiDb:274 - Set plugin database path to: C:\ST\STM32CubeIDE_1.15.0\STM32CubeIDE\plugins\com.st.stm32cube.common.mx_6.11.0.202403141607\\db\/plugins/boardmanager/
2025-01-27 11:06:31,792 [WARN] ApiDb:259 - Overriding images path with different value:  => C:\ST\STM32CubeIDE_1.15.0\STM32CubeIDE\plugins\com.st.stm32cube.common.mx_6.11.0.202403141607\\db\/plugins/mcufinder/images/
2025-01-27 11:06:31,797 [INFO] ApiDb:250 - Set database path to: C:\Users\ksylaz\.stmcufinder\plugins\mcufinder//mcu/
2025-01-27 11:06:31,799 [INFO] DbMcusAds:125 - Set database path to: C:\Users\ksylaz\.stmcufinder\plugins\mcufinder//mcu/
2025-01-27 11:06:31,801 [INFO] CrossReferenceDbSqlite:203 - Set database path to: C:\Users\ksylaz\.stmcufinder\plugins\mcufinder//mcu/cs/
2025-01-27 11:06:32,060 [INFO] RulesReader:64 - Compatibility file has been processed (297 Rules)
2025-01-27 11:06:32,379 [INFO] DbMcusXml:78 - Set database path to: C:\ST\STM32CubeIDE_1.15.0\STM32CubeIDE\plugins\com.st.stm32cube.common.mx_6.11.0.202403141607\\db\/mcu/
2025-01-27 11:06:32,379 [INFO] ApiDb:274 - Set plugin database path to: C:\ST\STM32CubeIDE_1.15.0\STM32CubeIDE\plugins\com.st.stm32cube.common.mx_6.11.0.202403141607\\db\/plugins/boardmanager/
2025-01-27 11:06:32,380 [INFO] ApiDb:261 - Set plugin images path to: C:\ST\STM32CubeIDE_1.15.0\STM32CubeIDE\plugins\com.st.stm32cube.common.mx_6.11.0.202403141607\\db\/plugins/mcufinder/images/
2025-01-27 11:06:32,380 [WARN] DbFile:41 - Overriding database path with different value: C:\Users\ksylaz\.stmcufinder\plugins\mcufinder/ => C:\Users\ksylaz\.stmcufinder\plugins\mcufinder
2025-01-27 11:06:32,380 [INFO] ApiDb:250 - Set database path to: C:\Users\ksylaz\.stmcufinder\plugins\mcufinder//mcu/
2025-01-27 11:06:32,381 [WARN] DbFile:41 - Overriding database path with different value: C:\Users\ksylaz\.stmcufinder\plugins\mcufinder/ => C:\Users\ksylaz\.stmcufinder\plugins\mcufinder
2025-01-27 11:06:32,381 [INFO] DbMcusAds:125 - Set database path to: C:\Users\ksylaz\.stmcufinder\plugins\mcufinder//mcu/
2025-01-27 11:06:32,381 [WARN] DbFile:41 - Overriding database path with different value: C:\Users\ksylaz\.stmcufinder\plugins\mcufinder/ => C:\Users\ksylaz\.stmcufinder\plugins\mcufinder
2025-01-27 11:06:32,381 [WARN] DbFile:41 - Overriding database path with different value: C:\Users\ksylaz\.stmcufinder\plugins\mcufinder/ => C:\Users\ksylaz\.stmcufinder\plugins\mcufinder
2025-01-27 11:06:32,381 [INFO] CrossReferenceDbSqlite:203 - Set database path to: C:\Users\ksylaz\.stmcufinder\plugins\mcufinder//mcu/cs/
2025-01-27 11:06:32,494 [INFO] MainPanel:264 - HeapMemory: 268435456
2025-01-27 11:06:32,585 [INFO] DbMcusXml:78 - Set database path to: C:\ST\STM32CubeIDE_1.15.0\STM32CubeIDE\plugins\com.st.stm32cube.common.mx_6.11.0.202403141607\\db\/mcu/
2025-01-27 11:06:32,585 [INFO] ApiDb:274 - Set plugin database path to: C:\ST\STM32CubeIDE_1.15.0\STM32CubeIDE\plugins\com.st.stm32cube.common.mx_6.11.0.202403141607\\db\/plugins/boardmanager/
2025-01-27 11:06:32,585 [INFO] ApiDb:261 - Set plugin images path to: C:\ST\STM32CubeIDE_1.15.0\STM32CubeIDE\plugins\com.st.stm32cube.common.mx_6.11.0.202403141607\\db\/plugins/mcufinder/images/
2025-01-27 11:06:32,586 [WARN] DbFile:41 - Overriding database path with different value: C:\Users\ksylaz\.stmcufinder\plugins\mcufinder/ => C:\Users\ksylaz\.stmcufinder\plugins\mcufinder
2025-01-27 11:06:32,586 [INFO] ApiDb:250 - Set database path to: C:\Users\ksylaz\.stmcufinder\plugins\mcufinder//mcu/
2025-01-27 11:06:32,586 [WARN] DbFile:41 - Overriding database path with different value: C:\Users\ksylaz\.stmcufinder\plugins\mcufinder/ => C:\Users\ksylaz\.stmcufinder\plugins\mcufinder
2025-01-27 11:06:32,586 [INFO] DbMcusAds:125 - Set database path to: C:\Users\ksylaz\.stmcufinder\plugins\mcufinder//mcu/
2025-01-27 11:06:32,586 [WARN] DbFile:41 - Overriding database path with different value: C:\Users\ksylaz\.stmcufinder\plugins\mcufinder/ => C:\Users\ksylaz\.stmcufinder\plugins\mcufinder
2025-01-27 11:06:32,586 [WARN] DbFile:41 - Overriding database path with different value: C:\Users\ksylaz\.stmcufinder\plugins\mcufinder/ => C:\Users\ksylaz\.stmcufinder\plugins\mcufinder
2025-01-27 11:06:32,586 [INFO] CrossReferenceDbSqlite:203 - Set database path to: C:\Users\ksylaz\.stmcufinder\plugins\mcufinder//mcu/cs/
2025-01-27 11:06:32,604 [INFO] ApplicationProperties:184 - Using Application install path: C:\ST\STM32CubeIDE_1.15.0\STM32CubeIDE\plugins\com.st.stm32cube.common.mx_6.11.0.202403141607
2025-01-27 11:06:32,606 [INFO] PluginManage:196 - Search for loadable plugins [exclusion list=, ]
2025-01-27 11:06:32,607 [INFO] PluginManage:310 - Check plugin analytics
2025-01-27 11:06:33,003 [INFO] AnalyticsPlugin:253 - Accepted Software Licenses: 
2025-01-27 11:06:33,003 [INFO] AnalyticsPlugin:255 - Accepted CMSIS Pack Licenses: 
2025-01-27 11:06:33,003 [INFO] AnalyticsPlugin:257 - Accepted Firmware Licenses: FW.F4.1.28.0
2025-01-27 11:06:33,011 [INFO] PluginManage:359 - Loaded plugin analytics (category:tool,tabindex:-1)
2025-01-27 11:06:33,012 [INFO] PluginManage:310 - Check plugin cadmodel
2025-01-27 11:06:33,036 [INFO] CADModel:105 - Init CAD model plugin
2025-01-27 11:06:33,037 [INFO] PluginManage:359 - Loaded plugin cadmodel (category:power,tabindex:5)
2025-01-27 11:06:33,038 [INFO] PluginManage:310 - Check plugin clock
2025-01-27 11:06:33,063 [INFO] PluginManage:359 - Loaded plugin clock (category:base,tabindex:2)
2025-01-27 11:06:33,064 [INFO] PluginManage:310 - Check plugin ddr
2025-01-27 11:06:33,066 [INFO] PluginManage:359 - Loaded plugin ddr (category:tool,tabindex:6)
2025-01-27 11:06:33,066 [INFO] PluginManage:310 - Check plugin filemanager
2025-01-27 11:06:33,239 [INFO] PluginManage:359 - Loaded plugin filemanager (category:base,tabindex:10)
2025-01-27 11:06:33,239 [INFO] PluginManage:310 - Check plugin ipmanager
2025-01-27 11:06:33,245 [INFO] PluginManage:359 - Loaded plugin ipmanager (category:base,tabindex:5)
2025-01-27 11:06:33,245 [INFO] PluginManage:310 - Check plugin lpbam
2025-01-27 11:06:33,264 [INFO] PluginManage:359 - Loaded plugin lpbam (category:base,tabindex:0)
2025-01-27 11:06:33,265 [INFO] PluginManage:310 - Check plugin memorymap
2025-01-27 11:06:33,284 [INFO] PluginManage:359 - Loaded plugin memorymap (category:base,tabindex:4)
2025-01-27 11:06:33,284 [INFO] PluginManage:310 - Check plugin pinoutandconfiguration
2025-01-27 11:06:33,301 [INFO] PluginManage:359 - Loaded plugin pinoutandconfiguration (category:base,tabindex:1)
2025-01-27 11:06:33,302 [INFO] PluginManage:310 - Check plugin pinoutconfig
2025-01-27 11:06:33,418 [WARN] SupportedApi:132 - Cannot load RTOS API schema: s4s-elt-must-match.1: The content of 'definitions' must match (annotation?, (simpleType | complexType)?, (unique | key | keyref)*)). A problem was found starting at: attribute.
2025-01-27 11:06:33,544 [INFO] PluginManage:359 - Loaded plugin pinoutconfig (category:base,tabindex:0)
2025-01-27 11:06:33,544 [INFO] PluginManage:310 - Check plugin power
2025-01-27 11:06:33,565 [INFO] PluginManage:359 - Loaded plugin power (category:power,tabindex:4)
2025-01-27 11:06:33,566 [INFO] PluginManage:310 - Check plugin projectmanager
2025-01-27 11:06:33,589 [INFO] PluginManage:359 - Loaded plugin projectmanager (category:projectmanager,tabindex:3)
2025-01-27 11:06:33,589 [INFO] PluginManage:310 - Check plugin thirdparty
2025-01-27 11:06:33,911 [INFO] PluginManage:359 - Loaded plugin thirdparty (category:base,tabindex:-1)
2025-01-27 11:06:33,911 [INFO] PluginManage:310 - Check plugin tools
2025-01-27 11:06:33,911 [WARN] IntegrityCheckThread:84 - waiting for thirdparty lock release [integrity check]
2025-01-27 11:06:33,911 [INFO] IntegrityCheckThread:86 - entering critical section [integrity check]
2025-01-27 11:06:33,912 [INFO] ThirdPartyUpdaterWithRetryManager:70 - Updater plugin not ready yet. [1/15]
2025-01-27 11:06:33,953 [INFO] PluginManage:359 - Loaded plugin tools (category:base,tabindex:7)
2025-01-27 11:06:33,953 [INFO] PluginManage:310 - Check plugin tutovideos
2025-01-27 11:06:34,106 [INFO] PluginManage:359 - Loaded plugin tutovideos (category:base,tabindex:-1)
2025-01-27 11:06:34,106 [INFO] PluginManage:310 - Check plugin updater
2025-01-27 11:06:34,117 [INFO] PluginManage:359 - Loaded plugin updater (category:base,tabindex:12)
2025-01-27 11:06:34,117 [INFO] PluginManage:310 - Check plugin userauth
2025-01-27 11:06:34,123 [INFO] UserAuth:114 - Init User Auth plugin
2025-01-27 11:06:34,123 [INFO] PluginManage:359 - Loaded plugin userauth (category:base,tabindex:14)
2025-01-27 11:06:34,124 [INFO] PluginManage:283 - PluginManage : Loaded plugins [17]
2025-01-27 11:06:34,345 [INFO] PinOutPanel:1561 - setPackage(No Configuration,No Configuration)
2025-01-27 11:06:34,411 [INFO] CADModel:165 - CPN selected for project level
2025-01-27 11:06:34,411 [INFO] CADModel:114 - Register for checkConnection events
2025-01-27 11:06:34,440 [INFO] IPUIPlugin:80 - create IPUIPlugin
2025-01-27 11:06:34,440 [INFO] PluginManager:220 - loadIPPluginJar : add adc
2025-01-27 11:06:34,489 [INFO] IPUIPlugin:80 - create IPUIPlugin
2025-01-27 11:06:34,489 [INFO] PluginManager:220 - loadIPPluginJar : add aes
2025-01-27 11:06:34,540 [INFO] IPUIPlugin:80 - create IPUIPlugin
2025-01-27 11:06:34,540 [INFO] PluginManager:220 - loadIPPluginJar : add can
2025-01-27 11:06:34,571 [INFO] IPUIPlugin:80 - create IPUIPlugin
2025-01-27 11:06:34,572 [INFO] PluginManager:220 - loadIPPluginJar : add comp
2025-01-27 11:06:34,614 [INFO] IPUIPlugin:80 - create IPUIPlugin
2025-01-27 11:06:34,614 [INFO] PluginManager:220 - loadIPPluginJar : add cryp
2025-01-27 11:06:34,652 [INFO] IPUIPlugin:80 - create IPUIPlugin
2025-01-27 11:06:34,652 [INFO] PluginManager:220 - loadIPPluginJar : add dfsdm
2025-01-27 11:06:34,670 [INFO] IPUIPlugin:80 - create IPUIPlugin
2025-01-27 11:06:34,671 [INFO] PluginManager:220 - loadIPPluginJar : add dma
2025-01-27 11:06:34,726 [INFO] IPUIPlugin:80 - create IPUIPlugin
2025-01-27 11:06:34,726 [INFO] PluginManager:220 - loadIPPluginJar : add dma3
2025-01-27 11:06:34,779 [INFO] IPUIPlugin:80 - create IPUIPlugin
2025-01-27 11:06:34,779 [INFO] PluginManager:220 - loadIPPluginJar : add extmemmanager
2025-01-27 11:06:34,805 [INFO] IPUIPlugin:80 - create IPUIPlugin
2025-01-27 11:06:34,805 [INFO] PluginManager:220 - loadIPPluginJar : add fatfs
2025-01-27 11:06:34,862 [INFO] IPUIPlugin:80 - create IPUIPlugin
2025-01-27 11:06:34,862 [INFO] PluginManager:220 - loadIPPluginJar : add fmc
2025-01-27 11:06:34,882 [INFO] IPUIPlugin:80 - create IPUIPlugin
2025-01-27 11:06:34,882 [INFO] PluginManager:220 - loadIPPluginJar : add freertos
2025-01-27 11:06:34,910 [INFO] IPUIPlugin:80 - create IPUIPlugin
2025-01-27 11:06:34,910 [INFO] PluginManager:220 - loadIPPluginJar : add genericplugin
2025-01-27 11:06:35,014 [INFO] IPUIPlugin:80 - create IPUIPlugin
2025-01-27 11:06:35,014 [INFO] PluginManager:220 - loadIPPluginJar : add gfxmmu
2025-01-27 11:06:35,166 [INFO] IPUIPlugin:80 - create IPUIPlugin
2025-01-27 11:06:35,166 [INFO] PluginManager:220 - loadIPPluginJar : add gic
2025-01-27 11:06:35,182 [INFO] IPUIPlugin:80 - create IPUIPlugin
2025-01-27 11:06:35,183 [INFO] PluginManager:220 - loadIPPluginJar : add gpio
2025-01-27 11:06:35,284 [INFO] IPUIPlugin:80 - create IPUIPlugin
2025-01-27 11:06:35,284 [INFO] PluginManager:220 - loadIPPluginJar : add gtzc
2025-01-27 11:06:35,322 [INFO] IPUIPlugin:80 - create IPUIPlugin
2025-01-27 11:06:35,322 [INFO] PluginManager:220 - loadIPPluginJar : add hash
2025-01-27 11:06:35,382 [INFO] IPUIPlugin:80 - create IPUIPlugin
2025-01-27 11:06:35,382 [INFO] PluginManager:220 - loadIPPluginJar : add i2c
2025-01-27 11:06:35,426 [INFO] IPUIPlugin:80 - create IPUIPlugin
2025-01-27 11:06:35,427 [INFO] PluginManager:220 - loadIPPluginJar : add i2s
2025-01-27 11:06:35,472 [INFO] IPUIPlugin:80 - create IPUIPlugin
2025-01-27 11:06:35,472 [INFO] PluginManager:220 - loadIPPluginJar : add i3c
2025-01-27 11:06:35,586 [INFO] IPUIPlugin:80 - create IPUIPlugin
2025-01-27 11:06:35,586 [INFO] PluginManager:220 - loadIPPluginJar : add ipddr
2025-01-27 11:06:35,695 [INFO] IPUIPlugin:80 - create IPUIPlugin
2025-01-27 11:06:35,695 [INFO] PluginManager:220 - loadIPPluginJar : add linkedlist
2025-01-27 11:06:35,736 [INFO] IPUIPlugin:80 - create IPUIPlugin
2025-01-27 11:06:35,736 [INFO] PluginManager:220 - loadIPPluginJar : add lorawan
2025-01-27 11:06:35,778 [INFO] IPUIPlugin:80 - create IPUIPlugin
2025-01-27 11:06:35,779 [INFO] PluginManager:220 - loadIPPluginJar : add ltdc
2025-01-27 11:06:35,797 [INFO] IPUIPlugin:80 - create IPUIPlugin
2025-01-27 11:06:35,797 [INFO] PluginManager:220 - loadIPPluginJar : add mdma
2025-01-27 11:06:35,811 [INFO] IPUIPlugin:80 - create IPUIPlugin
2025-01-27 11:06:35,812 [INFO] PluginManager:220 - loadIPPluginJar : add nvic
2025-01-27 11:06:35,855 [INFO] IPUIPlugin:80 - create IPUIPlugin
2025-01-27 11:06:35,855 [INFO] PluginManager:220 - loadIPPluginJar : add opamp
2025-01-27 11:06:35,928 [INFO] IPUIPlugin:80 - create IPUIPlugin
2025-01-27 11:06:35,928 [INFO] PluginManager:220 - loadIPPluginJar : add openamp
2025-01-27 11:06:35,979 [INFO] IPUIPlugin:80 - create IPUIPlugin
2025-01-27 11:06:35,979 [INFO] PluginManager:220 - loadIPPluginJar : add pdm2pcm
2025-01-27 11:06:35,996 [INFO] IPUIPlugin:80 - create IPUIPlugin
2025-01-27 11:06:35,998 [INFO] PluginManager:220 - loadIPPluginJar : add plateformsettings
2025-01-27 11:06:36,029 [INFO] IPUIPlugin:80 - create IPUIPlugin
2025-01-27 11:06:36,029 [INFO] PluginManager:220 - loadIPPluginJar : add quadspi
2025-01-27 11:06:36,044 [INFO] IPUIPlugin:80 - create IPUIPlugin
2025-01-27 11:06:36,044 [INFO] PluginManager:220 - loadIPPluginJar : add resmgrutility
2025-01-27 11:06:36,102 [INFO] IPUIPlugin:80 - create IPUIPlugin
2025-01-27 11:06:36,102 [INFO] PluginManager:220 - loadIPPluginJar : add sai
2025-01-27 11:06:36,148 [INFO] IPUIPlugin:80 - create IPUIPlugin
2025-01-27 11:06:36,149 [INFO] PluginManager:220 - loadIPPluginJar : add spi
2025-01-27 11:06:36,232 [INFO] IPUIPlugin:80 - create IPUIPlugin
2025-01-27 11:06:36,232 [INFO] PluginManager:220 - loadIPPluginJar : add stm32_wpan
2025-01-27 11:06:36,262 [INFO] IPUIPlugin:80 - create IPUIPlugin
2025-01-27 11:06:36,262 [INFO] PluginManager:220 - loadIPPluginJar : add tim
2025-01-27 11:06:36,338 [INFO] IPUIPlugin:80 - create IPUIPlugin
2025-01-27 11:06:36,338 [INFO] PluginManager:220 - loadIPPluginJar : add touchsensing
2025-01-27 11:06:36,369 [INFO] IPUIPlugin:80 - create IPUIPlugin
2025-01-27 11:06:36,369 [INFO] PluginManager:220 - loadIPPluginJar : add tracer_emb
2025-01-27 11:06:36,398 [INFO] IPUIPlugin:80 - create IPUIPlugin
2025-01-27 11:06:36,399 [INFO] PluginManager:220 - loadIPPluginJar : add ts
2025-01-27 11:06:36,429 [INFO] IPUIPlugin:80 - create IPUIPlugin
2025-01-27 11:06:36,429 [INFO] PluginManager:220 - loadIPPluginJar : add tsc
2025-01-27 11:06:36,457 [INFO] IPUIPlugin:80 - create IPUIPlugin
2025-01-27 11:06:36,457 [INFO] PluginManager:220 - loadIPPluginJar : add ucpd
2025-01-27 11:06:36,510 [INFO] IPUIPlugin:80 - create IPUIPlugin
2025-01-27 11:06:36,510 [INFO] PluginManager:220 - loadIPPluginJar : add usart
2025-01-27 11:06:36,562 [INFO] IPUIPlugin:80 - create IPUIPlugin
2025-01-27 11:06:36,563 [INFO] PluginManager:220 - loadIPPluginJar : add usbx
2025-01-27 11:06:36,684 [INFO] CADModel:165 - CPN selected for project level
2025-01-27 11:06:36,684 [INFO] CADModel:114 - Register for checkConnection events
2025-01-27 11:06:36,686 [FATAL] Updater:308 - Updater called before beeing initialized
2025-01-27 11:06:36,686 [ERROR] CADModel:125 - Updater not yet initialized, retry later 
2025-01-27 11:06:36,835 [INFO] CADModel:165 - CPN selected for project level
2025-01-27 11:06:36,835 [INFO] CADModel:114 - Register for checkConnection events
2025-01-27 11:06:36,835 [FATAL] Updater:308 - Updater called before beeing initialized
2025-01-27 11:06:36,835 [ERROR] CADModel:125 - Updater not yet initialized, retry later 
2025-01-27 11:06:36,839 [FATAL] Updater:308 - Updater called before beeing initialized
2025-01-27 11:06:36,914 [INFO] ThirdPartyUpdaterWithRetryManager:70 - Updater plugin not ready yet. [2/15]
2025-01-27 11:06:36,966 [FATAL] Updater:308 - Updater called before beeing initialized
2025-01-27 11:06:36,984 [INFO] DbMcusAds:53 - JSON generation date=Tue Dec 17 21:31:15 IST 2024 (1734451275111)
2025-01-27 11:06:36,984 [FATAL] Updater:308 - Updater called before beeing initialized
2025-01-27 11:06:37,067 [WARN] DetailPanel:346 - Failed to get advertising image, set to default
2025-01-27 11:06:37,151 [FATAL] Updater:308 - Updater called before beeing initialized
2025-01-27 11:06:37,153 [FATAL] Updater:308 - Updater called before beeing initialized
2025-01-27 11:06:37,153 [FATAL] Updater:308 - Updater called before beeing initialized
2025-01-27 11:06:37,153 [WARN] DetailPanel:346 - Failed to get advertising image, set to default
2025-01-27 11:06:37,154 [FATAL] Updater:308 - Updater called before beeing initialized
2025-01-27 11:06:37,234 [ERROR] Updater:1120 - MainUpdater not yet initialized. External WinMGr cannot be set.
2025-01-27 11:06:37,246 [INFO] Updater:1056 - Updater Version found : 6.11.0
2025-01-27 11:06:37,281 [INFO] ApplicationProperties:184 - Using Application install path: C:\ST\STM32CubeIDE_1.15.0\STM32CubeIDE\plugins\com.st.stm32cube.common.mx_6.11.0.202403141607
2025-01-27 11:06:38,868 [ERROR] LogOutputStream:75 - [STDERR_REDIRECT] Jan 27, 2025 11:06:38 AM java.util.prefs.WindowsPreferences <init>
2025-01-27 11:06:38,869 [ERROR] LogOutputStream:75 - [STDERR_REDIRECT] WARNING: Could not open/create prefs root node Software\JavaSoft\Prefs at root 0xffffffff80000002. Windows RegCreateKeyEx(...) returned error code 5.
2025-01-27 11:06:38,869 [ERROR] LogOutputStream:75 - [STDERR_REDIRECT] 
2025-01-27 11:06:39,915 [FATAL] Updater:308 - Updater called before beeing initialized
2025-01-27 11:06:39,915 [ERROR] IntegrityCheckThread:130 - Cannot retrieve database content from updater: error 21
2025-01-27 11:06:39,915 [INFO] ThirdParty:978 - Integrity check success = false
2025-01-27 11:06:39,915 [INFO] IntegrityCheckThread:100 - exiting critical section [integrity check]
2025-01-27 11:06:39,915 [INFO] IntegrityCheckThread:103 - End integrity checks thread
2025-01-27 11:06:40,191 [INFO] MainUpdater:2873 - connection check result : 10
2025-01-27 11:06:40,192 [INFO] MainUpdater:290 - Updater Check For Update Now.
2025-01-27 11:06:40,192 [INFO] MicroXplorer:498 - Change Database Version : DB.6.0.110
2025-01-27 11:06:40,217 [INFO] McuFinderGlobals:63 - Set McuFinder mode to 2 (CubeIDE integrated)
2025-01-27 11:06:40,244 [INFO] UserAuth:415 - Internet connection configuration mode: 1
2025-01-27 11:06:40,348 [INFO] JxBrowserEngine:152 - Initiate JxBrowser Engine with user profile folder
2025-01-27 11:06:40,502 [INFO] CheckServerUpdateThread:120 - End of CheckServer Thread
2025-01-27 11:06:47,571 [INFO] WebApp:161 - Instantiating new browser for Auth
2025-01-27 11:06:48,196 [INFO] WebApp:779 - Register for checkConnection events
2025-01-27 11:06:48,196 [INFO] WebApp:414 - Apply proxy settings
2025-01-27 11:06:48,196 [INFO] WebApp:499 - Chromium requires no authentication
2025-01-27 11:06:48,203 [INFO] WebApp:442 - Direct internet connection detected
2025-01-27 11:06:48,354 [INFO] WebApp:192 - Starting web application
2025-01-27 11:06:48,354 [INFO] WebApp:544 - Web application path used C:\ST\STM32CubeIDE_1.15.0\STM32CubeIDE\plugins\com.st.stm32cube.common.mx_6.11.0.202403141607\db\plugins\mcufinder\reactClient1\index.html
2025-01-27 15:44:19,606 [ERROR] LogOutputStream:75 - [STDERR_REDIRECT] 
