2025-01-24 17:55:19,486 [INFO] Activator:176 - 


2025-01-24 17:55:19,490 [INFO] Activator:177 - !SESSION log4j initialized
2025-01-24 17:55:25,454 [INFO] LogOutputStream:77 - [STDOUT_REDIRECT] 
2025-01-24 17:55:27,788 [INFO] ApplicationProperties:184 - Using Application install path: C:\ST\STM32CubeIDE_1.15.0\STM32CubeIDE\plugins\com.st.stm32cube.common.mx_6.11.0.202403141607
2025-01-24 17:55:27,805 [INFO] DbMcusXml:78 - Set database path to: C:\ST\STM32CubeIDE_1.15.0\STM32CubeIDE\plugins\com.st.stm32cube.common.mx_6.11.0.202403141607\\db\/mcu/
2025-01-24 17:55:27,805 [INFO] ApiDb:274 - Set plugin database path to: C:\ST\STM32CubeIDE_1.15.0\STM32CubeIDE\plugins\com.st.stm32cube.common.mx_6.11.0.202403141607\\db\/plugins/boardmanager/
2025-01-24 17:55:27,806 [WARN] ApiDb:259 - Overriding images path with different value:  => C:\ST\STM32CubeIDE_1.15.0\STM32CubeIDE\plugins\com.st.stm32cube.common.mx_6.11.0.202403141607\\db\/plugins/mcufinder/images/
2025-01-24 17:55:27,811 [INFO] ApiDb:250 - Set database path to: C:\Users\ksylaz\.stmcufinder\plugins\mcufinder//mcu/
2025-01-24 17:55:27,812 [INFO] DbMcusAds:125 - Set database path to: C:\Users\ksylaz\.stmcufinder\plugins\mcufinder//mcu/
2025-01-24 17:55:27,814 [INFO] CrossReferenceDbSqlite:203 - Set database path to: C:\Users\ksylaz\.stmcufinder\plugins\mcufinder//mcu/cs/
2025-01-24 17:55:27,951 [INFO] RulesReader:64 - Compatibility file has been processed (297 Rules)
2025-01-24 17:55:28,023 [INFO] DbMcusXml:78 - Set database path to: C:\ST\STM32CubeIDE_1.15.0\STM32CubeIDE\plugins\com.st.stm32cube.common.mx_6.11.0.202403141607\\db\/mcu/
2025-01-24 17:55:28,023 [INFO] ApiDb:274 - Set plugin database path to: C:\ST\STM32CubeIDE_1.15.0\STM32CubeIDE\plugins\com.st.stm32cube.common.mx_6.11.0.202403141607\\db\/plugins/boardmanager/
2025-01-24 17:55:28,023 [INFO] ApiDb:261 - Set plugin images path to: C:\ST\STM32CubeIDE_1.15.0\STM32CubeIDE\plugins\com.st.stm32cube.common.mx_6.11.0.202403141607\\db\/plugins/mcufinder/images/
2025-01-24 17:55:28,023 [WARN] DbFile:41 - Overriding database path with different value: C:\Users\ksylaz\.stmcufinder\plugins\mcufinder/ => C:\Users\ksylaz\.stmcufinder\plugins\mcufinder
2025-01-24 17:55:28,023 [INFO] ApiDb:250 - Set database path to: C:\Users\ksylaz\.stmcufinder\plugins\mcufinder//mcu/
2025-01-24 17:55:28,023 [WARN] DbFile:41 - Overriding database path with different value: C:\Users\ksylaz\.stmcufinder\plugins\mcufinder/ => C:\Users\ksylaz\.stmcufinder\plugins\mcufinder
2025-01-24 17:55:28,024 [INFO] DbMcusAds:125 - Set database path to: C:\Users\ksylaz\.stmcufinder\plugins\mcufinder//mcu/
2025-01-24 17:55:28,024 [WARN] DbFile:41 - Overriding database path with different value: C:\Users\ksylaz\.stmcufinder\plugins\mcufinder/ => C:\Users\ksylaz\.stmcufinder\plugins\mcufinder
2025-01-24 17:55:28,024 [WARN] DbFile:41 - Overriding database path with different value: C:\Users\ksylaz\.stmcufinder\plugins\mcufinder/ => C:\Users\ksylaz\.stmcufinder\plugins\mcufinder
2025-01-24 17:55:28,024 [INFO] CrossReferenceDbSqlite:203 - Set database path to: C:\Users\ksylaz\.stmcufinder\plugins\mcufinder//mcu/cs/
2025-01-24 17:55:28,079 [INFO] MainPanel:264 - HeapMemory: 268435456
2025-01-24 17:55:28,144 [INFO] DbMcusXml:78 - Set database path to: C:\ST\STM32CubeIDE_1.15.0\STM32CubeIDE\plugins\com.st.stm32cube.common.mx_6.11.0.202403141607\\db\/mcu/
2025-01-24 17:55:28,144 [INFO] ApiDb:274 - Set plugin database path to: C:\ST\STM32CubeIDE_1.15.0\STM32CubeIDE\plugins\com.st.stm32cube.common.mx_6.11.0.202403141607\\db\/plugins/boardmanager/
2025-01-24 17:55:28,144 [INFO] ApiDb:261 - Set plugin images path to: C:\ST\STM32CubeIDE_1.15.0\STM32CubeIDE\plugins\com.st.stm32cube.common.mx_6.11.0.202403141607\\db\/plugins/mcufinder/images/
2025-01-24 17:55:28,144 [WARN] DbFile:41 - Overriding database path with different value: C:\Users\ksylaz\.stmcufinder\plugins\mcufinder/ => C:\Users\ksylaz\.stmcufinder\plugins\mcufinder
2025-01-24 17:55:28,144 [INFO] ApiDb:250 - Set database path to: C:\Users\ksylaz\.stmcufinder\plugins\mcufinder//mcu/
2025-01-24 17:55:28,144 [WARN] DbFile:41 - Overriding database path with different value: C:\Users\ksylaz\.stmcufinder\plugins\mcufinder/ => C:\Users\ksylaz\.stmcufinder\plugins\mcufinder
2025-01-24 17:55:28,144 [INFO] DbMcusAds:125 - Set database path to: C:\Users\ksylaz\.stmcufinder\plugins\mcufinder//mcu/
2025-01-24 17:55:28,144 [WARN] DbFile:41 - Overriding database path with different value: C:\Users\ksylaz\.stmcufinder\plugins\mcufinder/ => C:\Users\ksylaz\.stmcufinder\plugins\mcufinder
2025-01-24 17:55:28,145 [WARN] DbFile:41 - Overriding database path with different value: C:\Users\ksylaz\.stmcufinder\plugins\mcufinder/ => C:\Users\ksylaz\.stmcufinder\plugins\mcufinder
2025-01-24 17:55:28,145 [INFO] CrossReferenceDbSqlite:203 - Set database path to: C:\Users\ksylaz\.stmcufinder\plugins\mcufinder//mcu/cs/
2025-01-24 17:55:28,157 [INFO] ApplicationProperties:184 - Using Application install path: C:\ST\STM32CubeIDE_1.15.0\STM32CubeIDE\plugins\com.st.stm32cube.common.mx_6.11.0.202403141607
2025-01-24 17:55:28,158 [INFO] PluginManage:196 - Search for loadable plugins [exclusion list=, ]
2025-01-24 17:55:28,159 [INFO] PluginManage:310 - Check plugin analytics
2025-01-24 17:55:28,328 [INFO] AnalyticsPlugin:253 - Accepted Software Licenses: 
2025-01-24 17:55:28,328 [INFO] AnalyticsPlugin:255 - Accepted CMSIS Pack Licenses: 
2025-01-24 17:55:28,328 [INFO] AnalyticsPlugin:257 - Accepted Firmware Licenses: FW.F4.1.28.0
2025-01-24 17:55:28,332 [INFO] PluginManage:359 - Loaded plugin analytics (category:tool,tabindex:-1)
2025-01-24 17:55:28,333 [INFO] PluginManage:310 - Check plugin cadmodel
2025-01-24 17:55:28,351 [INFO] CADModel:105 - Init CAD model plugin
2025-01-24 17:55:28,351 [INFO] PluginManage:359 - Loaded plugin cadmodel (category:power,tabindex:5)
2025-01-24 17:55:28,351 [INFO] PluginManage:310 - Check plugin clock
2025-01-24 17:55:28,370 [INFO] PluginManage:359 - Loaded plugin clock (category:base,tabindex:2)
2025-01-24 17:55:28,371 [INFO] PluginManage:310 - Check plugin ddr
2025-01-24 17:55:28,372 [INFO] PluginManage:359 - Loaded plugin ddr (category:tool,tabindex:6)
2025-01-24 17:55:28,373 [INFO] PluginManage:310 - Check plugin filemanager
2025-01-24 17:55:28,499 [INFO] PluginManage:359 - Loaded plugin filemanager (category:base,tabindex:10)
2025-01-24 17:55:28,499 [INFO] PluginManage:310 - Check plugin ipmanager
2025-01-24 17:55:28,505 [INFO] PluginManage:359 - Loaded plugin ipmanager (category:base,tabindex:5)
2025-01-24 17:55:28,505 [INFO] PluginManage:310 - Check plugin lpbam
2025-01-24 17:55:28,518 [INFO] PluginManage:359 - Loaded plugin lpbam (category:base,tabindex:0)
2025-01-24 17:55:28,518 [INFO] PluginManage:310 - Check plugin memorymap
2025-01-24 17:55:28,545 [INFO] PluginManage:359 - Loaded plugin memorymap (category:base,tabindex:4)
2025-01-24 17:55:28,546 [INFO] PluginManage:310 - Check plugin pinoutandconfiguration
2025-01-24 17:55:28,558 [INFO] PluginManage:359 - Loaded plugin pinoutandconfiguration (category:base,tabindex:1)
2025-01-24 17:55:28,558 [INFO] PluginManage:310 - Check plugin pinoutconfig
2025-01-24 17:55:28,632 [WARN] SupportedApi:132 - Cannot load RTOS API schema: s4s-elt-must-match.1: The content of 'definitions' must match (annotation?, (simpleType | complexType)?, (unique | key | keyref)*)). A problem was found starting at: attribute.
2025-01-24 17:55:28,723 [INFO] PluginManage:359 - Loaded plugin pinoutconfig (category:base,tabindex:0)
2025-01-24 17:55:28,723 [INFO] PluginManage:310 - Check plugin power
2025-01-24 17:55:28,746 [INFO] PluginManage:359 - Loaded plugin power (category:power,tabindex:4)
2025-01-24 17:55:28,746 [INFO] PluginManage:310 - Check plugin projectmanager
2025-01-24 17:55:28,758 [INFO] PluginManage:359 - Loaded plugin projectmanager (category:projectmanager,tabindex:3)
2025-01-24 17:55:28,758 [INFO] PluginManage:310 - Check plugin thirdparty
2025-01-24 17:55:28,955 [INFO] PluginManage:359 - Loaded plugin thirdparty (category:base,tabindex:-1)
2025-01-24 17:55:28,955 [INFO] PluginManage:310 - Check plugin tools
2025-01-24 17:55:28,955 [WARN] IntegrityCheckThread:84 - waiting for thirdparty lock release [integrity check]
2025-01-24 17:55:28,955 [INFO] IntegrityCheckThread:86 - entering critical section [integrity check]
2025-01-24 17:55:28,956 [INFO] ThirdPartyUpdaterWithRetryManager:70 - Updater plugin not ready yet. [1/15]
2025-01-24 17:55:29,024 [INFO] PluginManage:359 - Loaded plugin tools (category:base,tabindex:7)
2025-01-24 17:55:29,024 [INFO] PluginManage:310 - Check plugin tutovideos
2025-01-24 17:55:29,166 [INFO] PluginManage:359 - Loaded plugin tutovideos (category:base,tabindex:-1)
2025-01-24 17:55:29,166 [INFO] PluginManage:310 - Check plugin updater
2025-01-24 17:55:29,173 [INFO] PluginManage:359 - Loaded plugin updater (category:base,tabindex:12)
2025-01-24 17:55:29,173 [INFO] PluginManage:310 - Check plugin userauth
2025-01-24 17:55:29,178 [INFO] UserAuth:114 - Init User Auth plugin
2025-01-24 17:55:29,178 [INFO] PluginManage:359 - Loaded plugin userauth (category:base,tabindex:14)
2025-01-24 17:55:29,178 [INFO] PluginManage:283 - PluginManage : Loaded plugins [17]
2025-01-24 17:55:29,329 [INFO] PinOutPanel:1561 - setPackage(No Configuration,No Configuration)
2025-01-24 17:55:29,389 [INFO] CADModel:165 - CPN selected for project level
2025-01-24 17:55:29,389 [INFO] CADModel:114 - Register for checkConnection events
2025-01-24 17:55:29,407 [INFO] IPUIPlugin:80 - create IPUIPlugin
2025-01-24 17:55:29,408 [INFO] PluginManager:220 - loadIPPluginJar : add adc
2025-01-24 17:55:29,474 [INFO] IPUIPlugin:80 - create IPUIPlugin
2025-01-24 17:55:29,474 [INFO] PluginManager:220 - loadIPPluginJar : add aes
2025-01-24 17:55:29,555 [INFO] IPUIPlugin:80 - create IPUIPlugin
2025-01-24 17:55:29,556 [INFO] PluginManager:220 - loadIPPluginJar : add can
2025-01-24 17:55:29,590 [INFO] IPUIPlugin:80 - create IPUIPlugin
2025-01-24 17:55:29,591 [INFO] PluginManager:220 - loadIPPluginJar : add comp
2025-01-24 17:55:29,649 [INFO] IPUIPlugin:80 - create IPUIPlugin
2025-01-24 17:55:29,650 [INFO] PluginManager:220 - loadIPPluginJar : add cryp
2025-01-24 17:55:29,708 [INFO] IPUIPlugin:80 - create IPUIPlugin
2025-01-24 17:55:29,708 [INFO] PluginManager:220 - loadIPPluginJar : add dfsdm
2025-01-24 17:55:29,720 [INFO] IPUIPlugin:80 - create IPUIPlugin
2025-01-24 17:55:29,722 [INFO] PluginManager:220 - loadIPPluginJar : add dma
2025-01-24 17:55:29,831 [INFO] IPUIPlugin:80 - create IPUIPlugin
2025-01-24 17:55:29,831 [INFO] PluginManager:220 - loadIPPluginJar : add dma3
2025-01-24 17:55:29,998 [INFO] IPUIPlugin:80 - create IPUIPlugin
2025-01-24 17:55:29,998 [INFO] PluginManager:220 - loadIPPluginJar : add extmemmanager
2025-01-24 17:55:30,018 [INFO] IPUIPlugin:80 - create IPUIPlugin
2025-01-24 17:55:30,018 [INFO] PluginManager:220 - loadIPPluginJar : add fatfs
2025-01-24 17:55:30,118 [INFO] IPUIPlugin:80 - create IPUIPlugin
2025-01-24 17:55:30,118 [INFO] PluginManager:220 - loadIPPluginJar : add fmc
2025-01-24 17:55:30,145 [INFO] IPUIPlugin:80 - create IPUIPlugin
2025-01-24 17:55:30,145 [INFO] PluginManager:220 - loadIPPluginJar : add freertos
2025-01-24 17:55:30,162 [INFO] IPUIPlugin:80 - create IPUIPlugin
2025-01-24 17:55:30,162 [INFO] PluginManager:220 - loadIPPluginJar : add genericplugin
2025-01-24 17:55:30,461 [INFO] IPUIPlugin:80 - create IPUIPlugin
2025-01-24 17:55:30,461 [INFO] PluginManager:220 - loadIPPluginJar : add gfxmmu
2025-01-24 17:55:30,891 [INFO] IPUIPlugin:80 - create IPUIPlugin
2025-01-24 17:55:30,891 [INFO] PluginManager:220 - loadIPPluginJar : add gic
2025-01-24 17:55:30,901 [INFO] IPUIPlugin:80 - create IPUIPlugin
2025-01-24 17:55:30,901 [INFO] PluginManager:220 - loadIPPluginJar : add gpio
2025-01-24 17:55:31,232 [INFO] IPUIPlugin:80 - create IPUIPlugin
2025-01-24 17:55:31,233 [INFO] PluginManager:220 - loadIPPluginJar : add gtzc
2025-01-24 17:55:31,293 [INFO] IPUIPlugin:80 - create IPUIPlugin
2025-01-24 17:55:31,293 [INFO] PluginManager:220 - loadIPPluginJar : add hash
2025-01-24 17:55:31,481 [INFO] IPUIPlugin:80 - create IPUIPlugin
2025-01-24 17:55:31,481 [INFO] PluginManager:220 - loadIPPluginJar : add i2c
2025-01-24 17:55:31,559 [INFO] IPUIPlugin:80 - create IPUIPlugin
2025-01-24 17:55:31,559 [INFO] PluginManager:220 - loadIPPluginJar : add i2s
2025-01-24 17:55:31,697 [INFO] IPUIPlugin:80 - create IPUIPlugin
2025-01-24 17:55:31,697 [INFO] PluginManager:220 - loadIPPluginJar : add i3c
2025-01-24 17:55:31,969 [INFO] ThirdPartyUpdaterWithRetryManager:70 - Updater plugin not ready yet. [2/15]
2025-01-24 17:55:32,066 [INFO] IPUIPlugin:80 - create IPUIPlugin
2025-01-24 17:55:32,067 [INFO] PluginManager:220 - loadIPPluginJar : add ipddr
2025-01-24 17:55:32,359 [INFO] IPUIPlugin:80 - create IPUIPlugin
2025-01-24 17:55:32,359 [INFO] PluginManager:220 - loadIPPluginJar : add linkedlist
2025-01-24 17:55:32,427 [INFO] IPUIPlugin:80 - create IPUIPlugin
2025-01-24 17:55:32,427 [INFO] PluginManager:220 - loadIPPluginJar : add lorawan
2025-01-24 17:55:32,561 [INFO] IPUIPlugin:80 - create IPUIPlugin
2025-01-24 17:55:32,562 [INFO] PluginManager:220 - loadIPPluginJar : add ltdc
2025-01-24 17:55:32,586 [INFO] IPUIPlugin:80 - create IPUIPlugin
2025-01-24 17:55:32,587 [INFO] PluginManager:220 - loadIPPluginJar : add mdma
2025-01-24 17:55:32,606 [INFO] IPUIPlugin:80 - create IPUIPlugin
2025-01-24 17:55:32,606 [INFO] PluginManager:220 - loadIPPluginJar : add nvic
2025-01-24 17:55:32,709 [INFO] IPUIPlugin:80 - create IPUIPlugin
2025-01-24 17:55:32,709 [INFO] PluginManager:220 - loadIPPluginJar : add opamp
2025-01-24 17:55:32,886 [INFO] IPUIPlugin:80 - create IPUIPlugin
2025-01-24 17:55:32,886 [INFO] PluginManager:220 - loadIPPluginJar : add openamp
2025-01-24 17:55:32,974 [INFO] IPUIPlugin:80 - create IPUIPlugin
2025-01-24 17:55:32,974 [INFO] PluginManager:220 - loadIPPluginJar : add pdm2pcm
2025-01-24 17:55:32,998 [INFO] IPUIPlugin:80 - create IPUIPlugin
2025-01-24 17:55:32,999 [INFO] PluginManager:220 - loadIPPluginJar : add plateformsettings
2025-01-24 17:55:33,024 [INFO] IPUIPlugin:80 - create IPUIPlugin
2025-01-24 17:55:33,024 [INFO] PluginManager:220 - loadIPPluginJar : add quadspi
2025-01-24 17:55:33,034 [INFO] IPUIPlugin:80 - create IPUIPlugin
2025-01-24 17:55:33,034 [INFO] PluginManager:220 - loadIPPluginJar : add resmgrutility
2025-01-24 17:55:33,146 [INFO] IPUIPlugin:80 - create IPUIPlugin
2025-01-24 17:55:33,146 [INFO] PluginManager:220 - loadIPPluginJar : add sai
2025-01-24 17:55:33,232 [INFO] IPUIPlugin:80 - create IPUIPlugin
2025-01-24 17:55:33,233 [INFO] PluginManager:220 - loadIPPluginJar : add spi
2025-01-24 17:55:33,416 [INFO] IPUIPlugin:80 - create IPUIPlugin
2025-01-24 17:55:33,416 [INFO] PluginManager:220 - loadIPPluginJar : add stm32_wpan
2025-01-24 17:55:33,442 [INFO] IPUIPlugin:80 - create IPUIPlugin
2025-01-24 17:55:33,442 [INFO] PluginManager:220 - loadIPPluginJar : add tim
2025-01-24 17:55:33,649 [INFO] IPUIPlugin:80 - create IPUIPlugin
2025-01-24 17:55:33,649 [INFO] PluginManager:220 - loadIPPluginJar : add touchsensing
2025-01-24 17:55:33,723 [INFO] IPUIPlugin:80 - create IPUIPlugin
2025-01-24 17:55:33,723 [INFO] PluginManager:220 - loadIPPluginJar : add tracer_emb
2025-01-24 17:55:33,753 [INFO] IPUIPlugin:80 - create IPUIPlugin
2025-01-24 17:55:33,753 [INFO] PluginManager:220 - loadIPPluginJar : add ts
2025-01-24 17:55:33,773 [INFO] IPUIPlugin:80 - create IPUIPlugin
2025-01-24 17:55:33,774 [INFO] PluginManager:220 - loadIPPluginJar : add tsc
2025-01-24 17:55:33,791 [INFO] IPUIPlugin:80 - create IPUIPlugin
2025-01-24 17:55:33,792 [INFO] PluginManager:220 - loadIPPluginJar : add ucpd
2025-01-24 17:55:33,888 [INFO] IPUIPlugin:80 - create IPUIPlugin
2025-01-24 17:55:33,888 [INFO] PluginManager:220 - loadIPPluginJar : add usart
2025-01-24 17:55:33,991 [INFO] IPUIPlugin:80 - create IPUIPlugin
2025-01-24 17:55:33,991 [INFO] PluginManager:220 - loadIPPluginJar : add usbx
2025-01-24 17:55:34,108 [INFO] CADModel:165 - CPN selected for project level
2025-01-24 17:55:34,109 [INFO] CADModel:114 - Register for checkConnection events
2025-01-24 17:55:34,109 [FATAL] Updater:308 - Updater called before beeing initialized
2025-01-24 17:55:34,109 [ERROR] CADModel:125 - Updater not yet initialized, retry later 
2025-01-24 17:55:34,215 [INFO] CADModel:165 - CPN selected for project level
2025-01-24 17:55:34,215 [INFO] CADModel:114 - Register for checkConnection events
2025-01-24 17:55:34,215 [FATAL] Updater:308 - Updater called before beeing initialized
2025-01-24 17:55:34,215 [ERROR] CADModel:125 - Updater not yet initialized, retry later 
2025-01-24 17:55:34,218 [FATAL] Updater:308 - Updater called before beeing initialized
2025-01-24 17:55:34,296 [FATAL] Updater:308 - Updater called before beeing initialized
2025-01-24 17:55:34,305 [INFO] DbMcusAds:53 - JSON generation date=Tue Dec 17 21:31:15 IST 2024 (1734451275111)
2025-01-24 17:55:34,305 [FATAL] Updater:308 - Updater called before beeing initialized
2025-01-24 17:55:34,360 [WARN] DetailPanel:346 - Failed to get advertising image, set to default
2025-01-24 17:55:34,420 [FATAL] Updater:308 - Updater called before beeing initialized
2025-01-24 17:55:34,422 [FATAL] Updater:308 - Updater called before beeing initialized
2025-01-24 17:55:34,422 [FATAL] Updater:308 - Updater called before beeing initialized
2025-01-24 17:55:34,422 [WARN] DetailPanel:346 - Failed to get advertising image, set to default
2025-01-24 17:55:34,422 [FATAL] Updater:308 - Updater called before beeing initialized
2025-01-24 17:55:34,484 [ERROR] Updater:1120 - MainUpdater not yet initialized. External WinMGr cannot be set.
2025-01-24 17:55:34,497 [INFO] Updater:1056 - Updater Version found : 6.11.0
2025-01-24 17:55:34,510 [INFO] ApplicationProperties:184 - Using Application install path: C:\ST\STM32CubeIDE_1.15.0\STM32CubeIDE\plugins\com.st.stm32cube.common.mx_6.11.0.202403141607
2025-01-24 17:55:34,984 [INFO] ThirdPartyUpdaterWithRetryManager:70 - Updater plugin not ready yet. [3/15]
2025-01-24 17:55:36,114 [ERROR] LogOutputStream:75 - [STDERR_REDIRECT] Jan 24, 2025 5:55:36 PM java.util.prefs.WindowsPreferences <init>
2025-01-24 17:55:36,114 [ERROR] LogOutputStream:75 - [STDERR_REDIRECT] WARNING: Could not open/create prefs root node Software\JavaSoft\Prefs at root 0xffffffff80000002. Windows RegCreateKeyEx(...) returned error code 5.
2025-01-24 17:55:36,114 [ERROR] LogOutputStream:75 - [STDERR_REDIRECT] 
2025-01-24 17:55:37,205 [INFO] MainUpdater:2873 - connection check result : 10
2025-01-24 17:55:37,205 [INFO] MainUpdater:290 - Updater Check For Update Now.
2025-01-24 17:55:37,205 [INFO] MicroXplorer:498 - Change Database Version : DB.6.0.110
2025-01-24 17:55:37,218 [INFO] McuFinderGlobals:63 - Set McuFinder mode to 2 (CubeIDE integrated)
2025-01-24 17:55:37,231 [INFO] UserAuth:415 - Internet connection configuration mode: 1
2025-01-24 17:55:37,257 [INFO] JxBrowserEngine:152 - Initiate JxBrowser Engine with user profile folder
2025-01-24 17:55:37,526 [INFO] CheckServerUpdateThread:120 - End of CheckServer Thread
2025-01-24 17:55:38,123 [WARN] PackLoader:240 - Cannot read IP mode file for STMicroelectronics.FP-SNS-MOTENVWB1.1.4.0
2025-01-24 17:55:38,136 [WARN] PackLoader:240 - Cannot read IP mode file for STMicroelectronics.FP-ATR-ASTRA1.2.0.1
2025-01-24 17:55:38,150 [WARN] PackLoader:240 - Cannot read IP mode file for STMicroelectronics.X-CUBE-SMBUS.2.1.0
2025-01-24 17:55:38,163 [WARN] PackLoader:240 - Cannot read IP mode file for STMicroelectronics.X-CUBE-WB05N.1.1.0
2025-01-24 17:55:38,195 [WARN] PackLoader:240 - Cannot read IP mode file for STMicroelectronics.X-CUBE-AZRTOS-F7.1.1.0
2025-01-24 17:55:38,221 [WARN] PackLoader:240 - Cannot read IP mode file for STMicroelectronics.FP-SNS-FLIGHT1.5.0.2
2025-01-24 17:55:38,251 [WARN] PackLoader:240 - Cannot read IP mode file for Infineon.AIROC-Wi-Fi-Bluetooth-STM32.1.7.0
2025-01-24 17:55:38,269 [WARN] PackLoader:240 - Cannot read IP mode file for STMicroelectronics.X-CUBE-DISPLAY.3.0.0
2025-01-24 17:55:38,286 [WARN] PackLoader:240 - Cannot read IP mode file for STMicroelectronics.X-CUBE-BLE1.7.0.0
2025-01-24 17:55:38,299 [WARN] PackLoader:240 - Cannot read IP mode file for STMicroelectronics.X-CUBE-NFC10.1.0.0
2025-01-24 17:55:38,312 [WARN] PackLoader:240 - Cannot read IP mode file for STMicroelectronics.X-CUBE-BLEMGR.4.0.0
2025-01-24 17:55:38,327 [WARN] PackLoader:240 - Cannot read IP mode file for emotas.I-CUBE-CANOPEN.1.3.0
2025-01-24 17:55:38,337 [WARN] PackLoader:240 - Cannot read IP mode file for STMicroelectronics.X-CUBE-AI.10.0.0
2025-01-24 17:55:38,357 [WARN] PackLoader:240 - Cannot read IP mode file for STMicroelectronics.FP-SNS-SMARTAG2.1.2.0
2025-01-24 17:55:38,402 [WARN] PackLoader:240 - Cannot read IP mode file for STMicroelectronics.X-CUBE-MEMS1.11.1.0
2025-01-24 17:55:38,543 [INFO] LogOutputStream:77 - [STDOUT_REDIRECT] 1 : Invalid condition id : UX_CORESTACK_Condition cause : null
2025-01-24 17:55:38,543 [INFO] LogOutputStream:77 - [STDOUT_REDIRECT] 1 : Invalid condition id : UX_CORESTACK_Condition cause : null
2025-01-24 17:55:38,544 [INFO] LogOutputStream:77 - [STDOUT_REDIRECT] 1 : Invalid condition id : UX_CORESTACK_Condition cause : null
2025-01-24 17:55:38,544 [INFO] LogOutputStream:77 - [STDOUT_REDIRECT] 1 : Invalid condition id : UX_CORESTACK_Condition cause : null
2025-01-24 17:55:38,544 [INFO] LogOutputStream:77 - [STDOUT_REDIRECT] 1 : Invalid condition id : UX_CORESTACK_Condition cause : null
2025-01-24 17:55:38,547 [WARN] PackLoader:240 - Cannot read IP mode file for STMicroelectronics.X-CUBE-AZRTOS-WL.2.0.0
2025-01-24 17:55:38,579 [WARN] PackLoader:240 - Cannot read IP mode file for STMicroelectronics.FP-SNS-MOTENV1.5.0.0
2025-01-24 17:55:38,601 [WARN] PackLoader:240 - Cannot read IP mode file for wolfSSL.I-CUBE-wolfMQTT.1.19.0
2025-01-24 17:55:38,618 [WARN] PackLoader:240 - Cannot read IP mode file for WES.I-CUBE-Cesium.1.3.0
2025-01-24 17:55:38,633 [WARN] PackLoader:240 - Cannot read IP mode file for STMicroelectronics.X-CUBE-BLE2.3.3.0
2025-01-24 17:55:38,657 [WARN] PackLoader:240 - Cannot read IP mode file for STMicroelectronics.X-CUBE-NFC9.1.0.0
2025-01-24 17:55:38,681 [WARN] PackLoader:240 - Cannot read IP mode file for STMicroelectronics.X-CUBE-AZRTOS-G0.1.1.0
2025-01-24 17:55:38,696 [WARN] PackLoader:240 - Cannot read IP mode file for STMicroelectronics.X-CUBE-SAFEA1.1.2.2
2025-01-24 17:55:38,708 [WARN] PackLoader:240 - Cannot read IP mode file for STMicroelectronics.X-CUBE-NFC4.3.0.0
2025-01-24 17:55:38,722 [WARN] PackLoader:240 - Cannot read IP mode file for EmbeddedOffice.I-CUBE-FS-RTOS.1.0.1
2025-01-24 17:55:38,722 [ERROR] ConditionMgr:805 - Attr not supported : Dmpu
2025-01-24 17:55:38,722 [ERROR] ConditionMgr:805 - Attr not supported : Dmpu
2025-01-24 17:55:38,722 [ERROR] ConditionMgr:805 - Attr not supported : Dmpu
2025-01-24 17:55:38,722 [ERROR] ConditionMgr:805 - Attr not supported : Dmpu
2025-01-24 17:55:38,723 [ERROR] ConditionMgr:805 - Attr not supported : Dmpu
2025-01-24 17:55:38,723 [ERROR] ConditionMgr:805 - Attr not supported : Dmpu
2025-01-24 17:55:38,723 [ERROR] ConditionMgr:805 - Attr not supported : Dmpu
2025-01-24 17:55:38,723 [ERROR] ConditionMgr:805 - Attr not supported : Dmpu
2025-01-24 17:55:38,723 [ERROR] ConditionMgr:805 - Attr not supported : Dmpu
2025-01-24 17:55:38,723 [ERROR] ConditionMgr:805 - Attr not supported : Dmpu
2025-01-24 17:55:38,723 [ERROR] ConditionMgr:805 - Attr not supported : Dmpu
2025-01-24 17:55:38,723 [ERROR] ConditionMgr:805 - Attr not supported : Dmpu
2025-01-24 17:55:38,723 [ERROR] ConditionMgr:805 - Attr not supported : Dmpu
2025-01-24 17:55:38,723 [ERROR] ConditionMgr:805 - Attr not supported : Dmpu
2025-01-24 17:55:38,723 [ERROR] ConditionMgr:805 - Attr not supported : Dmpu
2025-01-24 17:55:38,723 [ERROR] ConditionMgr:805 - Attr not supported : Dmpu
2025-01-24 17:55:38,723 [ERROR] ConditionMgr:805 - Attr not supported : Dmpu
2025-01-24 17:55:38,723 [ERROR] ConditionMgr:805 - Attr not supported : Dmpu
2025-01-24 17:55:38,723 [ERROR] ConditionMgr:805 - Attr not supported : Dmpu
2025-01-24 17:55:38,723 [ERROR] ConditionMgr:805 - Attr not supported : Dmpu
2025-01-24 17:55:38,723 [ERROR] ConditionMgr:805 - Attr not supported : Dmpu
2025-01-24 17:55:38,723 [ERROR] ConditionMgr:805 - Attr not supported : Dmpu
2025-01-24 17:55:38,723 [ERROR] ConditionMgr:805 - Attr not supported : Dmpu
2025-01-24 17:55:38,723 [ERROR] ConditionMgr:805 - Attr not supported : Dmpu
2025-01-24 17:55:38,723 [ERROR] ConditionMgr:805 - Attr not supported : Dmpu
2025-01-24 17:55:38,723 [ERROR] ConditionMgr:805 - Attr not supported : Dmpu
2025-01-24 17:55:38,723 [ERROR] ConditionMgr:805 - Attr not supported : Dmpu
2025-01-24 17:55:38,723 [ERROR] ConditionMgr:805 - Attr not supported : Dmpu
2025-01-24 17:55:38,723 [ERROR] ConditionMgr:805 - Attr not supported : Dmpu
2025-01-24 17:55:38,723 [ERROR] ConditionMgr:805 - Attr not supported : Dmpu
2025-01-24 17:55:38,723 [ERROR] ConditionMgr:805 - Attr not supported : Dmpu
2025-01-24 17:55:38,723 [ERROR] ConditionMgr:805 - Attr not supported : Dmpu
2025-01-24 17:55:38,723 [ERROR] ConditionMgr:805 - Attr not supported : Dmpu
2025-01-24 17:55:38,724 [ERROR] ConditionMgr:805 - Attr not supported : Dmpu
2025-01-24 17:55:38,724 [ERROR] ConditionMgr:805 - Attr not supported : Dmpu
2025-01-24 17:55:38,724 [ERROR] ConditionMgr:805 - Attr not supported : Dmpu
2025-01-24 17:55:38,724 [ERROR] ConditionMgr:805 - Attr not supported : Dmpu
2025-01-24 17:55:38,724 [ERROR] ConditionMgr:805 - Attr not supported : Dmpu
2025-01-24 17:55:38,724 [ERROR] ConditionMgr:805 - Attr not supported : Dmpu
2025-01-24 17:55:38,724 [ERROR] ConditionMgr:805 - Attr not supported : Dmpu
2025-01-24 17:55:38,724 [ERROR] ConditionMgr:805 - Attr not supported : Dmpu
2025-01-24 17:55:38,724 [ERROR] ConditionMgr:805 - Attr not supported : Dmpu
2025-01-24 17:55:38,724 [ERROR] ConditionMgr:805 - Attr not supported : Dmpu
2025-01-24 17:55:38,724 [ERROR] ConditionMgr:805 - Attr not supported : Dmpu
2025-01-24 17:55:38,724 [ERROR] ConditionMgr:805 - Attr not supported : Dmpu
2025-01-24 17:55:38,724 [ERROR] ConditionMgr:805 - Attr not supported : Dmpu
2025-01-24 17:55:38,724 [ERROR] ConditionMgr:805 - Attr not supported : Dmpu
2025-01-24 17:55:38,724 [ERROR] ConditionMgr:805 - Attr not supported : Dmpu
2025-01-24 17:55:38,724 [ERROR] ConditionMgr:805 - Attr not supported : Dmpu
2025-01-24 17:55:38,724 [ERROR] ConditionMgr:805 - Attr not supported : Dmpu
2025-01-24 17:55:38,724 [ERROR] ConditionMgr:805 - Attr not supported : Dmpu
2025-01-24 17:55:38,724 [ERROR] ConditionMgr:805 - Attr not supported : Dmpu
2025-01-24 17:55:38,724 [ERROR] ConditionMgr:805 - Attr not supported : Dmpu
2025-01-24 17:55:38,724 [ERROR] ConditionMgr:805 - Attr not supported : Dmpu
2025-01-24 17:55:38,724 [ERROR] ConditionMgr:805 - Attr not supported : Dmpu
2025-01-24 17:55:38,725 [ERROR] ConditionMgr:805 - Attr not supported : Dmpu
2025-01-24 17:55:38,725 [ERROR] ConditionMgr:805 - Attr not supported : Dmpu
2025-01-24 17:55:38,725 [ERROR] ConditionMgr:805 - Attr not supported : Dmpu
2025-01-24 17:55:38,725 [ERROR] ConditionMgr:805 - Attr not supported : Dmpu
2025-01-24 17:55:38,725 [ERROR] ConditionMgr:805 - Attr not supported : Dmpu
2025-01-24 17:55:38,725 [ERROR] ConditionMgr:805 - Attr not supported : Dmpu
2025-01-24 17:55:38,725 [ERROR] ConditionMgr:805 - Attr not supported : Dmpu
2025-01-24 17:55:38,725 [ERROR] ConditionMgr:805 - Attr not supported : Dmpu
2025-01-24 17:55:38,725 [ERROR] ConditionMgr:805 - Attr not supported : Dmpu
2025-01-24 17:55:38,735 [ERROR] Engine:466 - C:\Users\ksylaz\.stm32cubemx\thirdparties\pdsc\STMicroelectronics.X-CUBE-TCPP.4.2.0.pdsc: PDSC version is not supported
2025-01-24 17:55:38,748 [WARN] PackLoader:240 - Cannot read IP mode file for RealThread.X-CUBE-RT-Thread_Nano.4.1.1
2025-01-24 17:55:38,773 [WARN] PackLoader:240 - Cannot read IP mode file for STMicroelectronics.FP-ATR-SIGFOX1.3.2.0
2025-01-24 17:55:38,799 [WARN] ConditionMgr:438 - getConditionDescription Invalid condition id : Cortex-A Device cause : null
2025-01-24 17:55:38,837 [WARN] ConditionMgr:1039 - genDependencies : Invalid condition id : Cortex-A Device cause : null
2025-01-24 17:55:38,838 [WARN] ConditionMgr:1039 - genDependencies : Invalid condition id : Cortex-A Device cause : null
2025-01-24 17:55:38,838 [WARN] ConditionMgr:1039 - genDependencies : Invalid condition id : Cortex-A Device cause : null
2025-01-24 17:55:38,864 [WARN] PackLoader:240 - Cannot read IP mode file for STMicroelectronics.X-CUBE-EEPRMA1.5.1.0
2025-01-24 17:55:38,876 [WARN] PackLoader:240 - Cannot read IP mode file for wolfSSL.I-CUBE-wolfSSL.5.7.4
2025-01-24 17:55:38,887 [WARN] PackLoader:240 - Cannot read IP mode file for ITTIA_DB.I-CUBE-ITTIADB.8.9.0
2025-01-24 17:55:38,931 [WARN] PackLoader:240 - Cannot read IP mode file for SEGGER.I-CUBE-embOS.1.3.1
2025-01-24 17:55:38,961 [WARN] PackLoader:240 - Cannot read IP mode file for STMicroelectronics.X-CUBE-ALGOBUILD.1.4.0
2025-01-24 17:55:38,972 [WARN] PackLoader:240 - Cannot read IP mode file for STMicroelectronics.X-CUBE-AI.9.1.0
2025-01-24 17:55:38,991 [WARN] PackLoader:240 - Cannot read IP mode file for STMicroelectronics.X-CUBE-AZRTOS-F4.1.1.0
2025-01-24 17:55:39,004 [WARN] PackLoader:240 - Cannot read IP mode file for STMicroelectronics.X-CUBE-ISPU.2.1.0
2025-01-24 17:55:39,026 [WARN] PackLoader:240 - Cannot read IP mode file for STMicroelectronics.X-CUBE-AZRTOS-L5.2.0.0
2025-01-24 17:55:39,043 [WARN] PackLoader:240 - Cannot read IP mode file for STMicroelectronics.X-CUBE-NFC6.3.1.0
2025-01-24 17:55:39,055 [WARN] PackLoader:240 - Cannot read IP mode file for STMicroelectronics.X-CUBE-DPower.1.2.0
2025-01-24 17:55:39,079 [WARN] PackLoader:240 - Cannot read IP mode file for STMicroelectronics.X-CUBE-FREERTOS.1.3.0
2025-01-24 17:55:39,090 [WARN] PackLoader:240 - Cannot read IP mode file for STMicroelectronics.X-CUBE-NFC7.1.0.1
2025-01-24 17:55:39,113 [WARN] ConditionMgr:438 - getConditionDescription Invalid condition id : LAN8742 Phy interface Condition cause : null
2025-01-24 17:55:39,113 [WARN] PackLoader:240 - Cannot read IP mode file for STMicroelectronics.X-CUBE-AZRTOS-L4.2.0.0
2025-01-24 17:55:39,114 [WARN] ConditionMgr:1039 - genDependencies : Invalid condition id : LAN8742 Phy interface Condition cause : null
2025-01-24 17:55:39,114 [WARN] ConditionMgr:1039 - genDependencies : Invalid condition id : LAN8742 Phy interface Condition cause : null
2025-01-24 17:55:39,114 [WARN] ConditionMgr:1039 - genDependencies : Invalid condition id : LAN8742 Phy interface Condition cause : null
2025-01-24 17:55:39,126 [WARN] PackLoader:240 - Cannot read IP mode file for STMicroelectronics.X-CUBE-SFXS2LP1.4.0.0
2025-01-24 17:55:39,148 [WARN] PackLoader:240 - Cannot read IP mode file for STMicroelectronics.X-CUBE-AZRTOS-H7.3.3.0
2025-01-24 17:55:39,172 [WARN] ConditionMgr:438 - getConditionDescription Invalid condition id : UX DEVICE CLASS RTOS Condition cause : null
2025-01-24 17:55:39,172 [WARN] ConditionMgr:438 - getConditionDescription Invalid condition id : UX DEVICE CLASS RTOS Condition cause : null
2025-01-24 17:55:39,173 [WARN] PackLoader:240 - Cannot read IP mode file for STMicroelectronics.X-CUBE-AZRTOS-WB.2.0.0
2025-01-24 17:55:39,173 [WARN] ConditionMgr:1039 - genDependencies : Invalid condition id : UX DEVICE CLASS RTOS Condition cause : null
2025-01-24 17:55:39,173 [WARN] ConditionMgr:1039 - genDependencies : Invalid condition id : UX DEVICE CLASS RTOS Condition cause : null
2025-01-24 17:55:39,173 [WARN] ConditionMgr:1039 - genDependencies : Invalid condition id : UX DEVICE CLASS RTOS Condition cause : null
2025-01-24 17:55:39,174 [WARN] ConditionMgr:1039 - genDependencies : Invalid condition id : UX DEVICE CLASS RTOS Condition cause : null
2025-01-24 17:55:39,174 [WARN] ConditionMgr:1039 - genDependencies : Invalid condition id : UX DEVICE CLASS RTOS Condition cause : null
2025-01-24 17:55:39,188 [WARN] PackLoader:240 - Cannot read IP mode file for STMicroelectronics.X-CUBE-GNSS1.7.0.1
2025-01-24 17:55:39,210 [WARN] PackLoader:240 - Cannot read IP mode file for STMicroelectronics.FP-SNS-STBOX1.2.0.0
2025-01-24 17:55:39,249 [WARN] PackLoader:240 - Cannot read IP mode file for STMicroelectronics.X-CUBE-SUBG2.5.0.0
2025-01-24 17:55:39,263 [WARN] PackLoader:240 - Cannot read IP mode file for Cesanta.I-CUBE-Mongoose.7.13.0
2025-01-24 17:55:39,278 [WARN] PackLoader:240 - Cannot read IP mode file for STMicroelectronics.X-CUBE-AZRTOS-G4.2.0.0
2025-01-24 17:55:39,290 [ERROR] Engine:466 - C:\Users\ksylaz\.stm32cubemx\thirdparties\pdsc\STMicroelectronics.X-CUBE-IPS.3.1.0.pdsc: PDSC version is not supported
2025-01-24 17:55:39,315 [WARN] PackLoader:240 - Cannot read IP mode file for STMicroelectronics.X-CUBE-ALS.1.0.2
2025-01-24 17:55:39,327 [WARN] PackLoader:240 - Cannot read IP mode file for STMicroelectronics.X-CUBE-TOUCHGFX.4.24.2
2025-01-24 17:55:39,337 [WARN] PackLoader:240 - Cannot read IP mode file for wolfSSL.I-CUBE-wolfTPM.3.4.0
2025-01-24 17:55:39,349 [WARN] PackLoader:240 - Cannot read IP mode file for portGmbH.I-Cube-SoM-uGOAL.1.1.0
2025-01-24 17:55:39,366 [WARN] PackLoader:240 - Cannot read IP mode file for STMicroelectronics.X-CUBE-AZRTOS-H7RS.1.0.0
2025-01-24 17:55:39,382 [WARN] PackLoader:240 - Cannot read IP mode file for STMicroelectronics.X-CUBE-TOF1.3.4.2
2025-01-24 17:55:39,397 [WARN] PackLoader:240 - Cannot read IP mode file for wolfSSL.I-CUBE-wolfSSH.1.4.17
2025-01-24 17:55:39,398 [INFO] ThirdParty:978 - Integrity check success = true
2025-01-24 17:55:39,398 [INFO] IntegrityCheckThread:100 - exiting critical section [integrity check]
2025-01-24 17:55:39,398 [INFO] IntegrityCheckThread:103 - End integrity checks thread
2025-01-24 17:55:55,901 [INFO] WebApp:161 - Instantiating new browser for Auth
2025-01-24 17:55:56,303 [INFO] WebApp:779 - Register for checkConnection events
2025-01-24 17:55:56,303 [INFO] WebApp:414 - Apply proxy settings
2025-01-24 17:55:56,303 [INFO] WebApp:499 - Chromium requires no authentication
2025-01-24 17:55:56,311 [INFO] WebApp:442 - Direct internet connection detected
2025-01-24 17:55:56,413 [INFO] WebApp:192 - Starting web application
2025-01-24 17:55:56,413 [INFO] WebApp:544 - Web application path used C:\ST\STM32CubeIDE_1.15.0\STM32CubeIDE\plugins\com.st.stm32cube.common.mx_6.11.0.202403141607\db\plugins\mcufinder\reactClient1\index.html
2025-01-24 18:18:57,372 [ERROR] LogOutputStream:75 - [STDERR_REDIRECT] 
