2025-02-17 09:30:27,300 [ERROR] LogOutputStream:75 - [STDERR_REDIRECT] 
2025-02-17 16:51:19,688 [INFO] Activator:176 - 


2025-02-17 16:51:19,689 [INFO] Activator:177 - !SESSION log4j initialized
2025-02-17 16:51:25,583 [INFO] LogOutputStream:77 - [STDOUT_REDIRECT] 
2025-02-17 16:51:27,555 [INFO] ApplicationProperties:184 - Using Application install path: C:\ST\STM32CubeIDE_1.15.0\STM32CubeIDE\plugins\com.st.stm32cube.common.mx_6.11.0.202403141607
2025-02-17 16:51:27,565 [INFO] DbMcusXml:78 - Set database path to: C:\ST\STM32CubeIDE_1.15.0\STM32CubeIDE\plugins\com.st.stm32cube.common.mx_6.11.0.202403141607\\db\/mcu/
2025-02-17 16:51:27,565 [INFO] ApiDb:274 - Set plugin database path to: C:\ST\STM32CubeIDE_1.15.0\STM32CubeIDE\plugins\com.st.stm32cube.common.mx_6.11.0.202403141607\\db\/plugins/boardmanager/
2025-02-17 16:51:27,565 [WARN] ApiDb:259 - Overriding images path with different value:  => C:\ST\STM32CubeIDE_1.15.0\STM32CubeIDE\plugins\com.st.stm32cube.common.mx_6.11.0.202403141607\\db\/plugins/mcufinder/images/
2025-02-17 16:51:27,568 [INFO] ApiDb:250 - Set database path to: C:\Users\ksylaz\.stmcufinder\plugins\mcufinder//mcu/
2025-02-17 16:51:27,568 [INFO] DbMcusAds:125 - Set database path to: C:\Users\ksylaz\.stmcufinder\plugins\mcufinder//mcu/
2025-02-17 16:51:27,569 [INFO] CrossReferenceDbSqlite:203 - Set database path to: C:\Users\ksylaz\.stmcufinder\plugins\mcufinder//mcu/cs/
2025-02-17 16:51:27,629 [INFO] RulesReader:64 - Compatibility file has been processed (297 Rules)
2025-02-17 16:51:27,688 [INFO] DbMcusXml:78 - Set database path to: C:\ST\STM32CubeIDE_1.15.0\STM32CubeIDE\plugins\com.st.stm32cube.common.mx_6.11.0.202403141607\\db\/mcu/
2025-02-17 16:51:27,688 [INFO] ApiDb:274 - Set plugin database path to: C:\ST\STM32CubeIDE_1.15.0\STM32CubeIDE\plugins\com.st.stm32cube.common.mx_6.11.0.202403141607\\db\/plugins/boardmanager/
2025-02-17 16:51:27,688 [INFO] ApiDb:261 - Set plugin images path to: C:\ST\STM32CubeIDE_1.15.0\STM32CubeIDE\plugins\com.st.stm32cube.common.mx_6.11.0.202403141607\\db\/plugins/mcufinder/images/
2025-02-17 16:51:27,688 [WARN] DbFile:41 - Overriding database path with different value: C:\Users\ksylaz\.stmcufinder\plugins\mcufinder/ => C:\Users\ksylaz\.stmcufinder\plugins\mcufinder
2025-02-17 16:51:27,688 [INFO] ApiDb:250 - Set database path to: C:\Users\ksylaz\.stmcufinder\plugins\mcufinder//mcu/
2025-02-17 16:51:27,688 [WARN] DbFile:41 - Overriding database path with different value: C:\Users\ksylaz\.stmcufinder\plugins\mcufinder/ => C:\Users\ksylaz\.stmcufinder\plugins\mcufinder
2025-02-17 16:51:27,688 [INFO] DbMcusAds:125 - Set database path to: C:\Users\ksylaz\.stmcufinder\plugins\mcufinder//mcu/
2025-02-17 16:51:27,689 [WARN] DbFile:41 - Overriding database path with different value: C:\Users\ksylaz\.stmcufinder\plugins\mcufinder/ => C:\Users\ksylaz\.stmcufinder\plugins\mcufinder
2025-02-17 16:51:27,689 [WARN] DbFile:41 - Overriding database path with different value: C:\Users\ksylaz\.stmcufinder\plugins\mcufinder/ => C:\Users\ksylaz\.stmcufinder\plugins\mcufinder
2025-02-17 16:51:27,689 [INFO] CrossReferenceDbSqlite:203 - Set database path to: C:\Users\ksylaz\.stmcufinder\plugins\mcufinder//mcu/cs/
2025-02-17 16:51:27,739 [INFO] MainPanel:264 - HeapMemory: 268435456
2025-02-17 16:51:27,786 [INFO] DbMcusXml:78 - Set database path to: C:\ST\STM32CubeIDE_1.15.0\STM32CubeIDE\plugins\com.st.stm32cube.common.mx_6.11.0.202403141607\\db\/mcu/
2025-02-17 16:51:27,786 [INFO] ApiDb:274 - Set plugin database path to: C:\ST\STM32CubeIDE_1.15.0\STM32CubeIDE\plugins\com.st.stm32cube.common.mx_6.11.0.202403141607\\db\/plugins/boardmanager/
2025-02-17 16:51:27,786 [INFO] ApiDb:261 - Set plugin images path to: C:\ST\STM32CubeIDE_1.15.0\STM32CubeIDE\plugins\com.st.stm32cube.common.mx_6.11.0.202403141607\\db\/plugins/mcufinder/images/
2025-02-17 16:51:27,787 [WARN] DbFile:41 - Overriding database path with different value: C:\Users\ksylaz\.stmcufinder\plugins\mcufinder/ => C:\Users\ksylaz\.stmcufinder\plugins\mcufinder
2025-02-17 16:51:27,787 [INFO] ApiDb:250 - Set database path to: C:\Users\ksylaz\.stmcufinder\plugins\mcufinder//mcu/
2025-02-17 16:51:27,787 [WARN] DbFile:41 - Overriding database path with different value: C:\Users\ksylaz\.stmcufinder\plugins\mcufinder/ => C:\Users\ksylaz\.stmcufinder\plugins\mcufinder
2025-02-17 16:51:27,787 [INFO] DbMcusAds:125 - Set database path to: C:\Users\ksylaz\.stmcufinder\plugins\mcufinder//mcu/
2025-02-17 16:51:27,787 [WARN] DbFile:41 - Overriding database path with different value: C:\Users\ksylaz\.stmcufinder\plugins\mcufinder/ => C:\Users\ksylaz\.stmcufinder\plugins\mcufinder
2025-02-17 16:51:27,787 [WARN] DbFile:41 - Overriding database path with different value: C:\Users\ksylaz\.stmcufinder\plugins\mcufinder/ => C:\Users\ksylaz\.stmcufinder\plugins\mcufinder
2025-02-17 16:51:27,787 [INFO] CrossReferenceDbSqlite:203 - Set database path to: C:\Users\ksylaz\.stmcufinder\plugins\mcufinder//mcu/cs/
2025-02-17 16:51:27,798 [INFO] ApplicationProperties:184 - Using Application install path: C:\ST\STM32CubeIDE_1.15.0\STM32CubeIDE\plugins\com.st.stm32cube.common.mx_6.11.0.202403141607
2025-02-17 16:51:27,799 [INFO] PluginManage:196 - Search for loadable plugins [exclusion list=, ]
2025-02-17 16:51:27,799 [INFO] PluginManage:310 - Check plugin analytics
2025-02-17 16:51:27,942 [INFO] AnalyticsPlugin:253 - Accepted Software Licenses: STM32CubeMX.6.13.0
2025-02-17 16:51:27,942 [INFO] AnalyticsPlugin:255 - Accepted CMSIS Pack Licenses: 
2025-02-17 16:51:27,942 [INFO] AnalyticsPlugin:257 - Accepted Firmware Licenses: FW.F4.1.28.0,FW.F7.1.17.0
2025-02-17 16:51:27,945 [INFO] PluginManage:359 - Loaded plugin analytics (category:tool,tabindex:-1)
2025-02-17 16:51:27,946 [INFO] PluginManage:310 - Check plugin cadmodel
2025-02-17 16:51:27,949 [INFO] CADModel:105 - Init CAD model plugin
2025-02-17 16:51:27,950 [INFO] PluginManage:359 - Loaded plugin cadmodel (category:power,tabindex:5)
2025-02-17 16:51:27,950 [INFO] PluginManage:310 - Check plugin clock
2025-02-17 16:51:27,955 [INFO] PluginManage:359 - Loaded plugin clock (category:base,tabindex:2)
2025-02-17 16:51:27,955 [INFO] PluginManage:310 - Check plugin ddr
2025-02-17 16:51:27,956 [INFO] PluginManage:359 - Loaded plugin ddr (category:tool,tabindex:6)
2025-02-17 16:51:27,956 [INFO] PluginManage:310 - Check plugin filemanager
2025-02-17 16:51:28,058 [INFO] PluginManage:359 - Loaded plugin filemanager (category:base,tabindex:10)
2025-02-17 16:51:28,058 [INFO] PluginManage:310 - Check plugin ipmanager
2025-02-17 16:51:28,062 [INFO] PluginManage:359 - Loaded plugin ipmanager (category:base,tabindex:5)
2025-02-17 16:51:28,063 [INFO] PluginManage:310 - Check plugin lpbam
2025-02-17 16:51:28,068 [INFO] PluginManage:359 - Loaded plugin lpbam (category:base,tabindex:0)
2025-02-17 16:51:28,068 [INFO] PluginManage:310 - Check plugin memorymap
2025-02-17 16:51:28,075 [INFO] PluginManage:359 - Loaded plugin memorymap (category:base,tabindex:4)
2025-02-17 16:51:28,075 [INFO] PluginManage:310 - Check plugin pinoutandconfiguration
2025-02-17 16:51:28,079 [INFO] PluginManage:359 - Loaded plugin pinoutandconfiguration (category:base,tabindex:1)
2025-02-17 16:51:28,079 [INFO] PluginManage:310 - Check plugin pinoutconfig
2025-02-17 16:51:28,153 [WARN] SupportedApi:132 - Cannot load RTOS API schema: s4s-elt-must-match.1: The content of 'definitions' must match (annotation?, (simpleType | complexType)?, (unique | key | keyref)*)). A problem was found starting at: attribute.
2025-02-17 16:51:28,266 [INFO] PluginManage:359 - Loaded plugin pinoutconfig (category:base,tabindex:0)
2025-02-17 16:51:28,266 [INFO] PluginManage:310 - Check plugin power
2025-02-17 16:51:28,272 [INFO] PluginManage:359 - Loaded plugin power (category:power,tabindex:4)
2025-02-17 16:51:28,272 [INFO] PluginManage:310 - Check plugin projectmanager
2025-02-17 16:51:28,283 [INFO] PluginManage:359 - Loaded plugin projectmanager (category:projectmanager,tabindex:3)
2025-02-17 16:51:28,283 [INFO] PluginManage:310 - Check plugin thirdparty
2025-02-17 16:51:28,372 [WARN] IntegrityCheckThread:84 - waiting for thirdparty lock release [integrity check]
2025-02-17 16:51:28,372 [INFO] IntegrityCheckThread:86 - entering critical section [integrity check]
2025-02-17 16:51:28,372 [INFO] PluginManage:359 - Loaded plugin thirdparty (category:base,tabindex:-1)
2025-02-17 16:51:28,373 [INFO] PluginManage:310 - Check plugin tools
2025-02-17 16:51:28,373 [INFO] ThirdPartyUpdaterWithRetryManager:70 - Updater plugin not ready yet. [1/15]
2025-02-17 16:51:28,375 [INFO] PluginManage:359 - Loaded plugin tools (category:base,tabindex:7)
2025-02-17 16:51:28,375 [INFO] PluginManage:310 - Check plugin tutovideos
2025-02-17 16:51:28,475 [INFO] PluginManage:359 - Loaded plugin tutovideos (category:base,tabindex:-1)
2025-02-17 16:51:28,475 [INFO] PluginManage:310 - Check plugin updater
2025-02-17 16:51:28,481 [INFO] PluginManage:359 - Loaded plugin updater (category:base,tabindex:12)
2025-02-17 16:51:28,481 [INFO] PluginManage:310 - Check plugin userauth
2025-02-17 16:51:28,484 [INFO] UserAuth:114 - Init User Auth plugin
2025-02-17 16:51:28,485 [INFO] PluginManage:359 - Loaded plugin userauth (category:base,tabindex:14)
2025-02-17 16:51:28,485 [INFO] PluginManage:283 - PluginManage : Loaded plugins [17]
2025-02-17 16:51:28,603 [INFO] PinOutPanel:1561 - setPackage(No Configuration,No Configuration)
2025-02-17 16:51:28,643 [INFO] CADModel:165 - CPN selected for project level
2025-02-17 16:51:28,644 [INFO] CADModel:114 - Register for checkConnection events
2025-02-17 16:51:28,653 [INFO] IPUIPlugin:80 - create IPUIPlugin
2025-02-17 16:51:28,653 [INFO] PluginManager:220 - loadIPPluginJar : add adc
2025-02-17 16:51:28,656 [INFO] IPUIPlugin:80 - create IPUIPlugin
2025-02-17 16:51:28,656 [INFO] PluginManager:220 - loadIPPluginJar : add aes
2025-02-17 16:51:28,657 [INFO] IPUIPlugin:80 - create IPUIPlugin
2025-02-17 16:51:28,657 [INFO] PluginManager:220 - loadIPPluginJar : add can
2025-02-17 16:51:28,658 [INFO] IPUIPlugin:80 - create IPUIPlugin
2025-02-17 16:51:28,658 [INFO] PluginManager:220 - loadIPPluginJar : add comp
2025-02-17 16:51:28,660 [INFO] IPUIPlugin:80 - create IPUIPlugin
2025-02-17 16:51:28,660 [INFO] PluginManager:220 - loadIPPluginJar : add cryp
2025-02-17 16:51:28,661 [INFO] IPUIPlugin:80 - create IPUIPlugin
2025-02-17 16:51:28,662 [INFO] PluginManager:220 - loadIPPluginJar : add dfsdm
2025-02-17 16:51:28,665 [INFO] IPUIPlugin:80 - create IPUIPlugin
2025-02-17 16:51:28,665 [INFO] PluginManager:220 - loadIPPluginJar : add dma
2025-02-17 16:51:28,666 [INFO] IPUIPlugin:80 - create IPUIPlugin
2025-02-17 16:51:28,666 [INFO] PluginManager:220 - loadIPPluginJar : add dma3
2025-02-17 16:51:28,668 [INFO] IPUIPlugin:80 - create IPUIPlugin
2025-02-17 16:51:28,668 [INFO] PluginManager:220 - loadIPPluginJar : add extmemmanager
2025-02-17 16:51:28,670 [INFO] IPUIPlugin:80 - create IPUIPlugin
2025-02-17 16:51:28,670 [INFO] PluginManager:220 - loadIPPluginJar : add fatfs
2025-02-17 16:51:28,672 [INFO] IPUIPlugin:80 - create IPUIPlugin
2025-02-17 16:51:28,673 [INFO] PluginManager:220 - loadIPPluginJar : add fmc
2025-02-17 16:51:28,675 [INFO] IPUIPlugin:80 - create IPUIPlugin
2025-02-17 16:51:28,675 [INFO] PluginManager:220 - loadIPPluginJar : add freertos
2025-02-17 16:51:28,676 [INFO] IPUIPlugin:80 - create IPUIPlugin
2025-02-17 16:51:28,676 [INFO] PluginManager:220 - loadIPPluginJar : add genericplugin
2025-02-17 16:51:28,679 [INFO] IPUIPlugin:80 - create IPUIPlugin
2025-02-17 16:51:28,679 [INFO] PluginManager:220 - loadIPPluginJar : add gfxmmu
2025-02-17 16:51:28,681 [INFO] IPUIPlugin:80 - create IPUIPlugin
2025-02-17 16:51:28,681 [INFO] PluginManager:220 - loadIPPluginJar : add gic
2025-02-17 16:51:28,683 [INFO] IPUIPlugin:80 - create IPUIPlugin
2025-02-17 16:51:28,683 [INFO] PluginManager:220 - loadIPPluginJar : add gpio
2025-02-17 16:51:28,685 [INFO] IPUIPlugin:80 - create IPUIPlugin
2025-02-17 16:51:28,685 [INFO] PluginManager:220 - loadIPPluginJar : add gtzc
2025-02-17 16:51:28,686 [INFO] IPUIPlugin:80 - create IPUIPlugin
2025-02-17 16:51:28,686 [INFO] PluginManager:220 - loadIPPluginJar : add hash
2025-02-17 16:51:28,687 [INFO] IPUIPlugin:80 - create IPUIPlugin
2025-02-17 16:51:28,687 [INFO] PluginManager:220 - loadIPPluginJar : add i2c
2025-02-17 16:51:28,688 [INFO] IPUIPlugin:80 - create IPUIPlugin
2025-02-17 16:51:28,688 [INFO] PluginManager:220 - loadIPPluginJar : add i2s
2025-02-17 16:51:28,690 [INFO] IPUIPlugin:80 - create IPUIPlugin
2025-02-17 16:51:28,690 [INFO] PluginManager:220 - loadIPPluginJar : add i3c
2025-02-17 16:51:28,692 [INFO] IPUIPlugin:80 - create IPUIPlugin
2025-02-17 16:51:28,692 [INFO] PluginManager:220 - loadIPPluginJar : add ipddr
2025-02-17 16:51:28,697 [INFO] IPUIPlugin:80 - create IPUIPlugin
2025-02-17 16:51:28,697 [INFO] PluginManager:220 - loadIPPluginJar : add linkedlist
2025-02-17 16:51:28,699 [INFO] IPUIPlugin:80 - create IPUIPlugin
2025-02-17 16:51:28,699 [INFO] PluginManager:220 - loadIPPluginJar : add lorawan
2025-02-17 16:51:28,700 [INFO] IPUIPlugin:80 - create IPUIPlugin
2025-02-17 16:51:28,700 [INFO] PluginManager:220 - loadIPPluginJar : add ltdc
2025-02-17 16:51:28,703 [INFO] IPUIPlugin:80 - create IPUIPlugin
2025-02-17 16:51:28,703 [INFO] PluginManager:220 - loadIPPluginJar : add mdma
2025-02-17 16:51:28,705 [INFO] IPUIPlugin:80 - create IPUIPlugin
2025-02-17 16:51:28,705 [INFO] PluginManager:220 - loadIPPluginJar : add nvic
2025-02-17 16:51:28,706 [INFO] IPUIPlugin:80 - create IPUIPlugin
2025-02-17 16:51:28,706 [INFO] PluginManager:220 - loadIPPluginJar : add opamp
2025-02-17 16:51:28,707 [INFO] IPUIPlugin:80 - create IPUIPlugin
2025-02-17 16:51:28,708 [INFO] PluginManager:220 - loadIPPluginJar : add openamp
2025-02-17 16:51:28,709 [INFO] IPUIPlugin:80 - create IPUIPlugin
2025-02-17 16:51:28,709 [INFO] PluginManager:220 - loadIPPluginJar : add pdm2pcm
2025-02-17 16:51:28,713 [INFO] IPUIPlugin:80 - create IPUIPlugin
2025-02-17 16:51:28,715 [INFO] PluginManager:220 - loadIPPluginJar : add plateformsettings
2025-02-17 16:51:28,716 [INFO] IPUIPlugin:80 - create IPUIPlugin
2025-02-17 16:51:28,716 [INFO] PluginManager:220 - loadIPPluginJar : add quadspi
2025-02-17 16:51:28,717 [INFO] IPUIPlugin:80 - create IPUIPlugin
2025-02-17 16:51:28,717 [INFO] PluginManager:220 - loadIPPluginJar : add resmgrutility
2025-02-17 16:51:28,719 [INFO] IPUIPlugin:80 - create IPUIPlugin
2025-02-17 16:51:28,719 [INFO] PluginManager:220 - loadIPPluginJar : add sai
2025-02-17 16:51:28,720 [INFO] IPUIPlugin:80 - create IPUIPlugin
2025-02-17 16:51:28,720 [INFO] PluginManager:220 - loadIPPluginJar : add spi
2025-02-17 16:51:28,722 [INFO] IPUIPlugin:80 - create IPUIPlugin
2025-02-17 16:51:28,722 [INFO] PluginManager:220 - loadIPPluginJar : add stm32_wpan
2025-02-17 16:51:28,723 [INFO] IPUIPlugin:80 - create IPUIPlugin
2025-02-17 16:51:28,723 [INFO] PluginManager:220 - loadIPPluginJar : add tim
2025-02-17 16:51:28,725 [INFO] IPUIPlugin:80 - create IPUIPlugin
2025-02-17 16:51:28,725 [INFO] PluginManager:220 - loadIPPluginJar : add touchsensing
2025-02-17 16:51:28,726 [INFO] IPUIPlugin:80 - create IPUIPlugin
2025-02-17 16:51:28,726 [INFO] PluginManager:220 - loadIPPluginJar : add tracer_emb
2025-02-17 16:51:28,727 [INFO] IPUIPlugin:80 - create IPUIPlugin
2025-02-17 16:51:28,727 [INFO] PluginManager:220 - loadIPPluginJar : add ts
2025-02-17 16:51:28,728 [INFO] IPUIPlugin:80 - create IPUIPlugin
2025-02-17 16:51:28,728 [INFO] PluginManager:220 - loadIPPluginJar : add tsc
2025-02-17 16:51:28,729 [INFO] IPUIPlugin:80 - create IPUIPlugin
2025-02-17 16:51:28,729 [INFO] PluginManager:220 - loadIPPluginJar : add ucpd
2025-02-17 16:51:28,731 [INFO] IPUIPlugin:80 - create IPUIPlugin
2025-02-17 16:51:28,731 [INFO] PluginManager:220 - loadIPPluginJar : add usart
2025-02-17 16:51:28,734 [INFO] IPUIPlugin:80 - create IPUIPlugin
2025-02-17 16:51:28,734 [INFO] PluginManager:220 - loadIPPluginJar : add usbx
2025-02-17 16:51:28,846 [INFO] CADModel:165 - CPN selected for project level
2025-02-17 16:51:28,846 [INFO] CADModel:114 - Register for checkConnection events
2025-02-17 16:51:28,847 [FATAL] Updater:308 - Updater called before beeing initialized
2025-02-17 16:51:28,847 [ERROR] CADModel:125 - Updater not yet initialized, retry later 
2025-02-17 16:51:28,946 [INFO] CADModel:165 - CPN selected for project level
2025-02-17 16:51:28,946 [INFO] CADModel:114 - Register for checkConnection events
2025-02-17 16:51:28,946 [FATAL] Updater:308 - Updater called before beeing initialized
2025-02-17 16:51:28,947 [ERROR] CADModel:125 - Updater not yet initialized, retry later 
2025-02-17 16:51:28,949 [FATAL] Updater:308 - Updater called before beeing initialized
2025-02-17 16:51:29,006 [FATAL] Updater:308 - Updater called before beeing initialized
2025-02-17 16:51:29,009 [INFO] DbMcusAds:53 - JSON generation date=Tue Dec 17 21:31:15 IST 2024 (1734451275111)
2025-02-17 16:51:29,010 [FATAL] Updater:308 - Updater called before beeing initialized
2025-02-17 16:51:29,029 [WARN] DetailPanel:346 - Failed to get advertising image, set to default
2025-02-17 16:51:29,078 [FATAL] Updater:308 - Updater called before beeing initialized
2025-02-17 16:51:29,082 [FATAL] Updater:308 - Updater called before beeing initialized
2025-02-17 16:51:29,082 [FATAL] Updater:308 - Updater called before beeing initialized
2025-02-17 16:51:29,082 [WARN] DetailPanel:346 - Failed to get advertising image, set to default
2025-02-17 16:51:29,082 [FATAL] Updater:308 - Updater called before beeing initialized
2025-02-17 16:51:29,113 [ERROR] Updater:1120 - MainUpdater not yet initialized. External WinMGr cannot be set.
2025-02-17 16:51:29,115 [INFO] Updater:1056 - Updater Version found : 6.11.0
2025-02-17 16:51:29,126 [INFO] ApplicationProperties:184 - Using Application install path: C:\ST\STM32CubeIDE_1.15.0\STM32CubeIDE\plugins\com.st.stm32cube.common.mx_6.11.0.202403141607
2025-02-17 16:51:30,699 [ERROR] LogOutputStream:75 - [STDERR_REDIRECT] Feb 17, 2025 4:51:30 PM java.util.prefs.WindowsPreferences <init>
2025-02-17 16:51:30,700 [ERROR] LogOutputStream:75 - [STDERR_REDIRECT] WARNING: Could not open/create prefs root node Software\JavaSoft\Prefs at root 0xffffffff80000002. Windows RegCreateKeyEx(...) returned error code 5.
2025-02-17 16:51:30,700 [ERROR] LogOutputStream:75 - [STDERR_REDIRECT] 
2025-02-17 16:51:31,373 [INFO] ThirdPartyUpdaterWithRetryManager:70 - Updater plugin not ready yet. [2/15]
2025-02-17 16:51:31,660 [INFO] MainUpdater:2873 - connection check result : 10
2025-02-17 16:51:31,660 [INFO] MainUpdater:290 - Updater Check For Update Now.
2025-02-17 16:51:31,660 [INFO] MicroXplorer:498 - Change Database Version : DB.6.0.110
2025-02-17 16:51:31,662 [INFO] McuFinderGlobals:63 - Set McuFinder mode to 2 (CubeIDE integrated)
2025-02-17 16:51:31,674 [INFO] UserAuth:415 - Internet connection configuration mode: 1
2025-02-17 16:51:31,705 [INFO] JxBrowserEngine:152 - Initiate JxBrowser Engine with user profile folder
2025-02-17 16:51:31,825 [INFO] CheckServerUpdateThread:120 - End of CheckServer Thread
2025-02-17 16:51:32,142 [INFO] WebApp:161 - Instantiating new browser for Auth
2025-02-17 16:51:32,527 [INFO] WebApp:779 - Register for checkConnection events
2025-02-17 16:51:32,527 [INFO] WebApp:414 - Apply proxy settings
2025-02-17 16:51:32,527 [INFO] WebApp:499 - Chromium requires no authentication
2025-02-17 16:51:32,533 [INFO] WebApp:442 - Direct internet connection detected
2025-02-17 16:51:32,697 [INFO] WebApp:192 - Starting web application
2025-02-17 16:51:32,697 [INFO] WebApp:544 - Web application path used C:\ST\STM32CubeIDE_1.15.0\STM32CubeIDE\plugins\com.st.stm32cube.common.mx_6.11.0.202403141607\db\plugins\mcufinder\reactClient1\index.html
2025-02-17 16:51:34,509 [WARN] PackLoader:240 - Cannot read IP mode file for STMicroelectronics.FP-SNS-MOTENVWB1.1.4.0
2025-02-17 16:51:34,515 [WARN] PackLoader:240 - Cannot read IP mode file for STMicroelectronics.FP-ATR-ASTRA1.2.0.1
2025-02-17 16:51:34,520 [WARN] PackLoader:240 - Cannot read IP mode file for STMicroelectronics.X-CUBE-SMBUS.2.1.0
2025-02-17 16:51:34,525 [WARN] PackLoader:240 - Cannot read IP mode file for STMicroelectronics.X-CUBE-WB05N.1.1.0
2025-02-17 16:51:34,549 [WARN] PackLoader:240 - Cannot read IP mode file for STMicroelectronics.X-CUBE-AZRTOS-F7.1.1.0
2025-02-17 16:51:34,556 [WARN] PackLoader:240 - Cannot read IP mode file for STMicroelectronics.FP-SNS-FLIGHT1.5.0.2
2025-02-17 16:51:34,577 [WARN] PackLoader:240 - Cannot read IP mode file for Infineon.AIROC-Wi-Fi-Bluetooth-STM32.1.7.0
2025-02-17 16:51:34,587 [WARN] PackLoader:240 - Cannot read IP mode file for STMicroelectronics.X-CUBE-DISPLAY.3.0.0
2025-02-17 16:51:34,593 [WARN] PackLoader:240 - Cannot read IP mode file for STMicroelectronics.X-CUBE-BLE1.7.0.0
2025-02-17 16:51:34,598 [WARN] PackLoader:240 - Cannot read IP mode file for STMicroelectronics.X-CUBE-NFC10.1.0.0
2025-02-17 16:51:34,605 [WARN] PackLoader:240 - Cannot read IP mode file for STMicroelectronics.X-CUBE-BLEMGR.4.0.0
2025-02-17 16:51:34,610 [WARN] PackLoader:240 - Cannot read IP mode file for emotas.I-CUBE-CANOPEN.1.3.0
2025-02-17 16:51:34,613 [WARN] PackLoader:240 - Cannot read IP mode file for STMicroelectronics.X-CUBE-AI.10.0.0
2025-02-17 16:51:34,616 [WARN] PackLoader:240 - Cannot read IP mode file for STMicroelectronics.FP-SNS-SMARTAG2.1.2.0
2025-02-17 16:51:34,649 [WARN] PackLoader:240 - Cannot read IP mode file for STMicroelectronics.X-CUBE-MEMS1.11.1.0
2025-02-17 16:51:34,749 [INFO] LogOutputStream:77 - [STDOUT_REDIRECT] 1 : Invalid condition id : UX_CORESTACK_Condition cause : null
2025-02-17 16:51:34,750 [INFO] LogOutputStream:77 - [STDOUT_REDIRECT] 1 : Invalid condition id : UX_CORESTACK_Condition cause : null
2025-02-17 16:51:34,750 [INFO] LogOutputStream:77 - [STDOUT_REDIRECT] 1 : Invalid condition id : UX_CORESTACK_Condition cause : null
2025-02-17 16:51:34,751 [INFO] LogOutputStream:77 - [STDOUT_REDIRECT] 1 : Invalid condition id : UX_CORESTACK_Condition cause : null
2025-02-17 16:51:34,752 [INFO] LogOutputStream:77 - [STDOUT_REDIRECT] 1 : Invalid condition id : UX_CORESTACK_Condition cause : null
2025-02-17 16:51:34,754 [WARN] PackLoader:240 - Cannot read IP mode file for STMicroelectronics.X-CUBE-AZRTOS-WL.2.0.0
2025-02-17 16:51:34,758 [WARN] PackLoader:240 - Cannot read IP mode file for STMicroelectronics.FP-SNS-MOTENV1.5.0.0
2025-02-17 16:51:34,762 [WARN] PackLoader:240 - Cannot read IP mode file for wolfSSL.I-CUBE-wolfMQTT.1.19.0
2025-02-17 16:51:34,768 [WARN] PackLoader:240 - Cannot read IP mode file for WES.I-CUBE-Cesium.1.3.0
2025-02-17 16:51:34,772 [WARN] PackLoader:240 - Cannot read IP mode file for STMicroelectronics.X-CUBE-BLE2.3.3.0
2025-02-17 16:51:34,776 [WARN] PackLoader:240 - Cannot read IP mode file for STMicroelectronics.X-CUBE-NFC9.1.0.0
2025-02-17 16:51:34,785 [WARN] PackLoader:240 - Cannot read IP mode file for STMicroelectronics.X-CUBE-AZRTOS-G0.1.1.0
2025-02-17 16:51:34,791 [WARN] PackLoader:240 - Cannot read IP mode file for STMicroelectronics.X-CUBE-SAFEA1.1.2.2
2025-02-17 16:51:34,795 [WARN] PackLoader:240 - Cannot read IP mode file for STMicroelectronics.X-CUBE-NFC4.3.0.0
2025-02-17 16:51:34,803 [WARN] PackLoader:240 - Cannot read IP mode file for EmbeddedOffice.I-CUBE-FS-RTOS.1.0.1
2025-02-17 16:51:34,803 [ERROR] ConditionMgr:805 - Attr not supported : Dmpu
2025-02-17 16:51:34,803 [ERROR] ConditionMgr:805 - Attr not supported : Dmpu
2025-02-17 16:51:34,803 [ERROR] ConditionMgr:805 - Attr not supported : Dmpu
2025-02-17 16:51:34,803 [ERROR] ConditionMgr:805 - Attr not supported : Dmpu
2025-02-17 16:51:34,803 [ERROR] ConditionMgr:805 - Attr not supported : Dmpu
2025-02-17 16:51:34,803 [ERROR] ConditionMgr:805 - Attr not supported : Dmpu
2025-02-17 16:51:34,803 [ERROR] ConditionMgr:805 - Attr not supported : Dmpu
2025-02-17 16:51:34,803 [ERROR] ConditionMgr:805 - Attr not supported : Dmpu
2025-02-17 16:51:34,803 [ERROR] ConditionMgr:805 - Attr not supported : Dmpu
2025-02-17 16:51:34,803 [ERROR] ConditionMgr:805 - Attr not supported : Dmpu
2025-02-17 16:51:34,804 [ERROR] ConditionMgr:805 - Attr not supported : Dmpu
2025-02-17 16:51:34,804 [ERROR] ConditionMgr:805 - Attr not supported : Dmpu
2025-02-17 16:51:34,804 [ERROR] ConditionMgr:805 - Attr not supported : Dmpu
2025-02-17 16:51:34,804 [ERROR] ConditionMgr:805 - Attr not supported : Dmpu
2025-02-17 16:51:34,804 [ERROR] ConditionMgr:805 - Attr not supported : Dmpu
2025-02-17 16:51:34,804 [ERROR] ConditionMgr:805 - Attr not supported : Dmpu
2025-02-17 16:51:34,804 [ERROR] ConditionMgr:805 - Attr not supported : Dmpu
2025-02-17 16:51:34,804 [ERROR] ConditionMgr:805 - Attr not supported : Dmpu
2025-02-17 16:51:34,804 [ERROR] ConditionMgr:805 - Attr not supported : Dmpu
2025-02-17 16:51:34,804 [ERROR] ConditionMgr:805 - Attr not supported : Dmpu
2025-02-17 16:51:34,804 [ERROR] ConditionMgr:805 - Attr not supported : Dmpu
2025-02-17 16:51:34,804 [ERROR] ConditionMgr:805 - Attr not supported : Dmpu
2025-02-17 16:51:34,804 [ERROR] ConditionMgr:805 - Attr not supported : Dmpu
2025-02-17 16:51:34,804 [ERROR] ConditionMgr:805 - Attr not supported : Dmpu
2025-02-17 16:51:34,804 [ERROR] ConditionMgr:805 - Attr not supported : Dmpu
2025-02-17 16:51:34,804 [ERROR] ConditionMgr:805 - Attr not supported : Dmpu
2025-02-17 16:51:34,804 [ERROR] ConditionMgr:805 - Attr not supported : Dmpu
2025-02-17 16:51:34,804 [ERROR] ConditionMgr:805 - Attr not supported : Dmpu
2025-02-17 16:51:34,804 [ERROR] ConditionMgr:805 - Attr not supported : Dmpu
2025-02-17 16:51:34,804 [ERROR] ConditionMgr:805 - Attr not supported : Dmpu
2025-02-17 16:51:34,804 [ERROR] ConditionMgr:805 - Attr not supported : Dmpu
2025-02-17 16:51:34,804 [ERROR] ConditionMgr:805 - Attr not supported : Dmpu
2025-02-17 16:51:34,804 [ERROR] ConditionMgr:805 - Attr not supported : Dmpu
2025-02-17 16:51:34,804 [ERROR] ConditionMgr:805 - Attr not supported : Dmpu
2025-02-17 16:51:34,805 [ERROR] ConditionMgr:805 - Attr not supported : Dmpu
2025-02-17 16:51:34,805 [ERROR] ConditionMgr:805 - Attr not supported : Dmpu
2025-02-17 16:51:34,805 [ERROR] ConditionMgr:805 - Attr not supported : Dmpu
2025-02-17 16:51:34,805 [ERROR] ConditionMgr:805 - Attr not supported : Dmpu
2025-02-17 16:51:34,805 [ERROR] ConditionMgr:805 - Attr not supported : Dmpu
2025-02-17 16:51:34,805 [ERROR] ConditionMgr:805 - Attr not supported : Dmpu
2025-02-17 16:51:34,805 [ERROR] ConditionMgr:805 - Attr not supported : Dmpu
2025-02-17 16:51:34,805 [ERROR] ConditionMgr:805 - Attr not supported : Dmpu
2025-02-17 16:51:34,805 [ERROR] ConditionMgr:805 - Attr not supported : Dmpu
2025-02-17 16:51:34,805 [ERROR] ConditionMgr:805 - Attr not supported : Dmpu
2025-02-17 16:51:34,805 [ERROR] ConditionMgr:805 - Attr not supported : Dmpu
2025-02-17 16:51:34,805 [ERROR] ConditionMgr:805 - Attr not supported : Dmpu
2025-02-17 16:51:34,805 [ERROR] ConditionMgr:805 - Attr not supported : Dmpu
2025-02-17 16:51:34,805 [ERROR] ConditionMgr:805 - Attr not supported : Dmpu
2025-02-17 16:51:34,805 [ERROR] ConditionMgr:805 - Attr not supported : Dmpu
2025-02-17 16:51:34,805 [ERROR] ConditionMgr:805 - Attr not supported : Dmpu
2025-02-17 16:51:34,805 [ERROR] ConditionMgr:805 - Attr not supported : Dmpu
2025-02-17 16:51:34,806 [ERROR] ConditionMgr:805 - Attr not supported : Dmpu
2025-02-17 16:51:34,806 [ERROR] ConditionMgr:805 - Attr not supported : Dmpu
2025-02-17 16:51:34,806 [ERROR] ConditionMgr:805 - Attr not supported : Dmpu
2025-02-17 16:51:34,806 [ERROR] ConditionMgr:805 - Attr not supported : Dmpu
2025-02-17 16:51:34,806 [ERROR] ConditionMgr:805 - Attr not supported : Dmpu
2025-02-17 16:51:34,806 [ERROR] ConditionMgr:805 - Attr not supported : Dmpu
2025-02-17 16:51:34,806 [ERROR] ConditionMgr:805 - Attr not supported : Dmpu
2025-02-17 16:51:34,806 [ERROR] ConditionMgr:805 - Attr not supported : Dmpu
2025-02-17 16:51:34,806 [ERROR] ConditionMgr:805 - Attr not supported : Dmpu
2025-02-17 16:51:34,806 [ERROR] ConditionMgr:805 - Attr not supported : Dmpu
2025-02-17 16:51:34,806 [ERROR] ConditionMgr:805 - Attr not supported : Dmpu
2025-02-17 16:51:34,806 [ERROR] ConditionMgr:805 - Attr not supported : Dmpu
2025-02-17 16:51:34,806 [ERROR] ConditionMgr:805 - Attr not supported : Dmpu
2025-02-17 16:51:34,810 [ERROR] Engine:466 - C:\Users\ksylaz\.stm32cubemx\thirdparties\pdsc\STMicroelectronics.X-CUBE-TCPP.4.2.0.pdsc: PDSC version is not supported
2025-02-17 16:51:34,813 [WARN] PackLoader:240 - Cannot read IP mode file for RealThread.X-CUBE-RT-Thread_Nano.4.1.1
2025-02-17 16:51:34,816 [WARN] PackLoader:240 - Cannot read IP mode file for STMicroelectronics.FP-ATR-SIGFOX1.3.2.0
2025-02-17 16:51:34,819 [WARN] ConditionMgr:438 - getConditionDescription Invalid condition id : Cortex-A Device cause : null
2025-02-17 16:51:34,853 [WARN] ConditionMgr:1039 - genDependencies : Invalid condition id : Cortex-A Device cause : null
2025-02-17 16:51:34,853 [WARN] ConditionMgr:1039 - genDependencies : Invalid condition id : Cortex-A Device cause : null
2025-02-17 16:51:34,853 [WARN] ConditionMgr:1039 - genDependencies : Invalid condition id : Cortex-A Device cause : null
2025-02-17 16:51:34,870 [WARN] PackLoader:240 - Cannot read IP mode file for STMicroelectronics.X-CUBE-EEPRMA1.5.1.0
2025-02-17 16:51:34,874 [WARN] PackLoader:240 - Cannot read IP mode file for wolfSSL.I-CUBE-wolfSSL.5.7.4
2025-02-17 16:51:34,878 [WARN] PackLoader:240 - Cannot read IP mode file for ITTIA_DB.I-CUBE-ITTIADB.8.9.0
2025-02-17 16:51:34,897 [WARN] PackLoader:240 - Cannot read IP mode file for SEGGER.I-CUBE-embOS.1.3.1
2025-02-17 16:51:34,929 [WARN] PackLoader:240 - Cannot read IP mode file for STMicroelectronics.X-CUBE-ALGOBUILD.1.4.0
2025-02-17 16:51:34,932 [WARN] PackLoader:240 - Cannot read IP mode file for STMicroelectronics.X-CUBE-AI.9.1.0
2025-02-17 16:51:34,941 [WARN] PackLoader:240 - Cannot read IP mode file for STMicroelectronics.X-CUBE-AZRTOS-F4.1.1.0
2025-02-17 16:51:34,947 [WARN] PackLoader:240 - Cannot read IP mode file for STMicroelectronics.X-CUBE-ISPU.2.1.0
2025-02-17 16:51:34,956 [WARN] PackLoader:240 - Cannot read IP mode file for STMicroelectronics.X-CUBE-AZRTOS-L5.2.0.0
2025-02-17 16:51:34,963 [WARN] PackLoader:240 - Cannot read IP mode file for STMicroelectronics.X-CUBE-NFC6.3.1.0
2025-02-17 16:51:34,967 [WARN] PackLoader:240 - Cannot read IP mode file for STMicroelectronics.X-CUBE-DPower.1.2.0
2025-02-17 16:51:34,970 [WARN] PackLoader:240 - Cannot read IP mode file for STMicroelectronics.X-CUBE-FREERTOS.1.3.0
2025-02-17 16:51:34,973 [WARN] PackLoader:240 - Cannot read IP mode file for STMicroelectronics.X-CUBE-NFC7.1.0.1
2025-02-17 16:51:34,985 [WARN] ConditionMgr:438 - getConditionDescription Invalid condition id : LAN8742 Phy interface Condition cause : null
2025-02-17 16:51:34,985 [WARN] PackLoader:240 - Cannot read IP mode file for STMicroelectronics.X-CUBE-AZRTOS-L4.2.0.0
2025-02-17 16:51:34,986 [WARN] ConditionMgr:1039 - genDependencies : Invalid condition id : LAN8742 Phy interface Condition cause : null
2025-02-17 16:51:34,986 [WARN] ConditionMgr:1039 - genDependencies : Invalid condition id : LAN8742 Phy interface Condition cause : null
2025-02-17 16:51:34,986 [WARN] ConditionMgr:1039 - genDependencies : Invalid condition id : LAN8742 Phy interface Condition cause : null
2025-02-17 16:51:34,991 [WARN] PackLoader:240 - Cannot read IP mode file for STMicroelectronics.X-CUBE-SFXS2LP1.4.0.0
2025-02-17 16:51:35,006 [WARN] PackLoader:240 - Cannot read IP mode file for STMicroelectronics.X-CUBE-AZRTOS-H7.3.3.0
2025-02-17 16:51:35,018 [WARN] ConditionMgr:438 - getConditionDescription Invalid condition id : UX DEVICE CLASS RTOS Condition cause : null
2025-02-17 16:51:35,018 [WARN] ConditionMgr:438 - getConditionDescription Invalid condition id : UX DEVICE CLASS RTOS Condition cause : null
2025-02-17 16:51:35,020 [WARN] PackLoader:240 - Cannot read IP mode file for STMicroelectronics.X-CUBE-AZRTOS-WB.2.0.0
2025-02-17 16:51:35,020 [WARN] ConditionMgr:1039 - genDependencies : Invalid condition id : UX DEVICE CLASS RTOS Condition cause : null
2025-02-17 16:51:35,020 [WARN] ConditionMgr:1039 - genDependencies : Invalid condition id : UX DEVICE CLASS RTOS Condition cause : null
2025-02-17 16:51:35,020 [WARN] ConditionMgr:1039 - genDependencies : Invalid condition id : UX DEVICE CLASS RTOS Condition cause : null
2025-02-17 16:51:35,021 [WARN] ConditionMgr:1039 - genDependencies : Invalid condition id : UX DEVICE CLASS RTOS Condition cause : null
2025-02-17 16:51:35,021 [WARN] ConditionMgr:1039 - genDependencies : Invalid condition id : UX DEVICE CLASS RTOS Condition cause : null
2025-02-17 16:51:35,025 [WARN] PackLoader:240 - Cannot read IP mode file for STMicroelectronics.X-CUBE-GNSS1.7.0.1
2025-02-17 16:51:35,030 [WARN] PackLoader:240 - Cannot read IP mode file for STMicroelectronics.FP-SNS-STBOX1.2.0.0
2025-02-17 16:51:35,037 [WARN] PackLoader:240 - Cannot read IP mode file for STMicroelectronics.X-CUBE-SUBG2.5.0.0
2025-02-17 16:51:35,043 [WARN] PackLoader:240 - Cannot read IP mode file for Cesanta.I-CUBE-Mongoose.7.13.0
2025-02-17 16:51:35,052 [WARN] PackLoader:240 - Cannot read IP mode file for STMicroelectronics.X-CUBE-AZRTOS-G4.2.0.0
2025-02-17 16:51:35,056 [ERROR] Engine:466 - C:\Users\ksylaz\.stm32cubemx\thirdparties\pdsc\STMicroelectronics.X-CUBE-IPS.3.1.0.pdsc: PDSC version is not supported
2025-02-17 16:51:35,059 [WARN] PackLoader:240 - Cannot read IP mode file for STMicroelectronics.X-CUBE-ALS.1.0.2
2025-02-17 16:51:35,063 [WARN] PackLoader:240 - Cannot read IP mode file for STMicroelectronics.X-CUBE-TOUCHGFX.4.24.2
2025-02-17 16:51:35,065 [WARN] PackLoader:240 - Cannot read IP mode file for wolfSSL.I-CUBE-wolfTPM.3.4.0
2025-02-17 16:51:35,068 [WARN] PackLoader:240 - Cannot read IP mode file for portGmbH.I-Cube-SoM-uGOAL.1.1.0
2025-02-17 16:51:35,080 [WARN] PackLoader:240 - Cannot read IP mode file for STMicroelectronics.X-CUBE-AZRTOS-H7RS.1.0.0
2025-02-17 16:51:35,089 [WARN] PackLoader:240 - Cannot read IP mode file for STMicroelectronics.X-CUBE-TOF1.3.4.2
2025-02-17 16:51:35,098 [WARN] PackLoader:240 - Cannot read IP mode file for wolfSSL.I-CUBE-wolfSSH.1.4.17
2025-02-17 16:51:35,099 [INFO] ThirdParty:978 - Integrity check success = true
2025-02-17 16:51:35,099 [INFO] IntegrityCheckThread:100 - exiting critical section [integrity check]
2025-02-17 16:51:35,099 [INFO] IntegrityCheckThread:103 - End integrity checks thread
2025-02-17 17:01:37,048 [INFO] McuFinderGlobals:63 - Set McuFinder mode to 2 (CubeIDE integrated)
2025-02-17 17:01:37,065 [INFO] MainUpdater:2873 - connection check result : 10
2025-02-17 17:01:37,538 [INFO] ApiDb:581 - Connected to CubeFinder SQLite database (C:\Users\ksylaz\.stmcufinder\plugins\mcufinder\mcu\cube-finder-db.db)
2025-02-17 17:01:37,602 [INFO] ApiDb:668 - CubeFinder database Data Model version=2.1
2025-02-17 17:01:37,602 [INFO] ApiDb:669 - CubeFinder database Configuration version=3.0.39
2025-02-17 17:01:37,603 [INFO] ApiDb:670 - CubeFinder database generation date=2025-02-07 (1738919966)
2025-02-17 17:01:37,603 [INFO] ApiDb:671 - CubeFinder database FW Pack versions=[FP-ATR-ASTRA1_V2.0.0, FP-SNS-FLIGHT1_V5.0.2, FP-SNS-MOTENV1_V5.0.0, FP-SNS-MOTENVWB1_V1.4.0, FP-SNS-SMARTAG2_V1.2.0, FP-SNS-STBOX1_V2.0.0, STM32Cube_FW_C0_V1.3.0, STM32Cube_FW_F4_V1.28.1, STM32Cube_FW_F7_V1.17.2, STM32Cube_FW_G0_V1.6.2, STM32Cube_FW_G4_V1.6.1, STM32Cube_FW_H5_V1.4.0, STM32Cube_FW_H7RS_V1.1.0, STM32Cube_FW_H7_V1.12.0, STM32Cube_FW_L0_V1.12.2, STM32Cube_FW_L4_V1.18.1, STM32Cube_FW_L5_V1.5.1, STM32Cube_FW_N6_V1.0.0, STM32Cube_FW_U0_V1.2.0, STM32Cube_FW_U3_V1.0.0, STM32Cube_FW_U5_V1.7.0, STM32Cube_FW_WB0_V1.1.0, STM32Cube_FW_WBA_V1.5.0, STM32Cube_FW_WB_V1.21.0, STM32Cube_FW_WL3_V1.0.0, STM32Cube_FW_WL_V1.3.0, X-CUBE-ALGOBUILD_V1.4.0, X-CUBE-ALS_V1.0.2, X-CUBE-AZRTOS-F4_V1.1.0, X-CUBE-AZRTOS-F7_V1.1.0, X-CUBE-AZRTOS-G0_V1.1.0, X-CUBE-AZRTOS-G4_V2.0.0, X-CUBE-AZRTOS-H7RS_V1.0.0, X-CUBE-AZRTOS-H7_V3.3.0, X-CUBE-AZRTOS-L4_V2.0.0, X-CUBE-AZRTOS-L5_V2.0.0, X-CUBE-AZRTOS-WB_V2.0.0, X-CUBE-AZRTOS-WL_V2.0.0, X-CUBE-BLE1_V7.0.0, X-CUBE-BLE2_V3.3.0, X-CUBE-BLEMGR_V4.0.0, X-CUBE-EEPRMA1_V5.1.0, X-CUBE-FREERTOS_V1.2.0, X-CUBE-GNSS1_V6.0.0, X-CUBE-MEMS1_V11.1.0, X-CUBE-NFC4_V3.0.0, X-CUBE-NFC7_V1.0.1, X-CUBE-SFXS2LP1_V4.0.0, X-CUBE-SUBG2_V5.0.0, X-CUBE-TOF1_V3.4.2]
2025-02-17 17:01:37,685 [INFO] DbBoardsSqlite:226 - include board P-NUCLEO-WB55-NUCLEO as a kit item of type 'Nucleo-64'
2025-02-17 17:01:37,686 [INFO] DbBoardsSqlite:226 - include board P-NUCLEO-WB55-USBDONGLE as a kit item of type 'Nucleo USB Dongle'
2025-02-17 17:01:37,686 [INFO] DbBoardsSqlite:226 - include board STEVAL-IDP005V1 as a kit item of type 'Evaluation Board'
2025-02-17 17:01:37,687 [INFO] DbBoardsSqlite:226 - include board STEVAL-IDP005V2 as a kit item of type 'Evaluation Board'
2025-02-17 17:01:37,974 [INFO] ApiDb:240 - Found 483 in-development CPN: [B-G473E-ZEST1S, B-WB1M-WPAN1, B-WL5M-SUBG1, NUCLEO-C031C6, NUCLEO-H503RB, NUCLEO-H533RE, NUCLEO-H563ZI, NUCLEO-H7S3L8, NUCLEO-U031R8, NUCLEO-U083RC, NUCLEO-U545RE-Q, NUCLEO-U5A5ZJ-Q, NUCLEO-WBA52CG, NUCLEO-WBA55CG, STEVAL-PROTEUS1, STEVAL-SMARTAG2, STEVAL-STWINBX1, STM320518-EVAL, STM32C0116-DK, STM32C011D6Y3TR, STM32C011D6Y6TR, STM32C011F4P3, STM32C011F4P6, STM32C011F4U3, STM32C011F4U6TR, STM32C011F6P3, STM32C011F6P6, STM32C011F6U3, STM32C011F6U6TR, STM32C011J4M3, STM32C011J4M6, STM32C011J6M3, STM32C011J6M6, STM32C0316-DK, STM32C031C4T3, STM32C031C4T6, STM32C031C4U3, STM32C031C4U6, STM32C031C6T3, STM32C031C6T6, STM32C031C6U3, STM32C031C6U6, STM32C031F4P3, STM32C031F4P6, STM32C031F6P3, STM32C031F6P6, STM32C031G4U3, STM32C031G4U6, STM32C031G6U3, STM32C031G6U6, STM32C031K4T3, STM32C031K4T6, STM32C031K4U3, STM32C031K4U6, STM32C031K6T3, STM32C031K6T6, STM32C031K6U3, STM32C031K6U6, STM32G071K8TXN, STM32G071K8UXN, STM32G081GBU6N, STM32G081KBT6N, STM32G081KBUXN, STM32G0B1CCT6N, STM32G0B1KCT6, STM32G0B1NEY6TR, STM32G0B1RCT6N, STM32G0C1CCT6, STM32G0C1CCT6N, STM32G0C1CCU6N, STM32G0C1CET6N, STM32G0C1CEU6N, STM32G0C1KCT6, STM32G0C1NEY6TR, STM32G0C1RCI6N, STM32G0C1RCT6N, STM32G0C1REI6N, STM32G0C1RET6N, STM32G0C1VCI6, STM32G0C1VEI6, STM32G471CCT6, STM32G471CCU6, STM32G471CET3, STM32G471CET6, STM32G471CEU3, STM32G471CEU6, STM32G471MCT6, STM32G471MET3, STM32G471MET6, STM32G471MEY6TR, STM32G471QCT6, STM32G471QET3, STM32G471RCT6, STM32G471RET3, STM32G471RET6, STM32G471VCH6, STM32G471VCI6, STM32G471VCT6, STM32G471VEH3, STM32G471VEH6, STM32G471VEI3, STM32G471VEI6, STM32G471VET3, STM32G471VET6, STM32G474CCT6, STM32H503CBT6, STM32H503CBU6, STM32H503EBY6TR, STM32H503KBU6, STM32H503RBT6, STM32H523CCT6, STM32H523CCU6, STM32H523CET6, STM32H523CEU6, STM32H523HEY6TR, STM32H523RCT6, STM32H523RET6, STM32H523VCI6, STM32H523VCT6, STM32H523VEI6, STM32H523VET6, STM32H523ZCJ6, STM32H523ZCT6, STM32H523ZEJ6, STM32H523ZET6, STM32H533CET6, STM32H533CEU6, STM32H533HEY6TR, STM32H533RET6, STM32H533VEI6, STM32H533VET6, STM32H533ZEJ6, STM32H533ZET6, STM32H562AGI6, STM32H562AII6, STM32H562IGK6, STM32H562IGT6, STM32H562IIK6, STM32H562IIT6, STM32H562RGT6, STM32H562RGV6, STM32H562RIT6, STM32H562RIV6, STM32H562VGT6, STM32H562VIT6, STM32H562ZGT6, STM32H562ZIT6, STM32H563AGI6, STM32H563AII3Q, STM32H563AII6, STM32H563IGK6, STM32H563IGT6, STM32H563IIK3Q, STM32H563IIK6, STM32H563IIT3Q, STM32H563IIT6, STM32H563MIY3QTR, STM32H563RGT6, STM32H563RGV6, STM32H563RIT6, STM32H563RIV6, STM32H563VGT6, STM32H563VIT3Q, STM32H563VIT6, STM32H563ZGT6, STM32H563ZIT3Q, STM32H563ZIT6, STM32H573AII3Q, STM32H573AII6, STM32H573I-DK, STM32H573IIK3Q, STM32H573IIK6, STM32H573IIT3Q, STM32H573IIT6, STM32H573MIY3QTR, STM32H573RIT6, STM32H573RIV6, STM32H573VIT3Q, STM32H573VIT6, STM32H573ZIT3Q, STM32H573ZIT6, STM32H7R3A8I6, STM32H7R3I8K6, STM32H7R3I8T6, STM32H7R3L8H6, STM32H7R3L8H6H, STM32H7R3R8V6, STM32H7R3V8H6, STM32H7R3V8T6, STM32H7R3V8Y6, STM32H7R3Z8J6, STM32H7R3Z8T6, STM32H7R7A8I6, STM32H7R7I8K6, STM32H7R7I8T6, STM32H7R7L8H6, STM32H7R7L8H6H, STM32H7R7Z8J6, STM32H7S3A8I6, STM32H7S3I8K6, STM32H7S3I8T6, STM32H7S3L8H6, STM32H7S3L8H6H, STM32H7S3R8V6, STM32H7S3V8H6, STM32H7S3V8T6, STM32H7S3V8Y6, STM32H7S3Z8J6, STM32H7S3Z8T6, STM32H7S78-DK, STM32H7S7A8I6, STM32H7S7I8K6, STM32H7S7I8T6, STM32H7S7L8H6, STM32H7S7L8H6H, STM32H7S7Z8J6, STM32L4R5QGI6STR, STM32MP131AAE3, STM32MP131AAF3, STM32MP131AAG3, STM32MP131CAE3, STM32MP131CAF3, STM32MP131CAG3, STM32MP131DAE7, STM32MP131DAF7, STM32MP131DAG7, STM32MP131FAE7, STM32MP131FAF7, STM32MP131FAG7, STM32MP133AAE3, STM32MP133AAF3, STM32MP133AAG3, STM32MP133CAE3, STM32MP133CAF3, STM32MP133CAG3, STM32MP133DAE7, STM32MP133DAF7, STM32MP133DAG7, STM32MP133FAE7, STM32MP133FAF7, STM32MP133FAG7, STM32MP135AAE3, STM32MP135AAF3, STM32MP135AAG3, STM32MP135CAE3, STM32MP135CAF3, STM32MP135CAG3, STM32MP135DAE7, STM32MP135DAF7, STM32MP135DAG7, STM32MP135F-DK, STM32MP135FAE7, STM32MP135FAF7, STM32MP135FAF7T, STM32MP135FAF7U, STM32MP135FAG7, STM32U031C6T6, STM32U031C6U6, STM32U031C8T6, STM32U031C8U6, STM32U031F4P6, STM32U031F6P6, STM32U031F8P6, STM32U031G6Y6TR, STM32U031G8Y6TR, STM32U031K4U6, STM32U031K6U6, STM32U031K8U6, STM32U031R6I6, STM32U031R6T6, STM32U031R8I6, STM32U031R8T6, STM32U073C8T6, STM32U073C8U6, STM32U073CBT6, STM32U073CBU6, STM32U073CCT6, STM32U073CCU6, STM32U073H8Y6TR, STM32U073HBY6TR, STM32U073HCY6TR, STM32U073K8U6, STM32U073KBU6, STM32U073KCU6, STM32U073M8I6, STM32U073M8T6, STM32U073MBI6, STM32U073MBT6, STM32U073MCI6, STM32U073MCT6, STM32U073R8I6, STM32U073R8T6, STM32U073RBI6, STM32U073RBT6, STM32U073RCI6, STM32U073RCT6, STM32U083C-DK, STM32U083CCT6, STM32U083CCU6, STM32U083HCY6TR, STM32U083KCU6, STM32U083MCI6, STM32U083MCT6, STM32U083RCI6, STM32U083RCT6, STM32U535CBT6, STM32U535CBT6Q, STM32U535CBU6, STM32U535CBU6Q, STM32U535CCT6, STM32U535CCT6Q, STM32U535CCU6, STM32U535CCU6Q, STM32U535CET6, STM32U535CET6Q, STM32U535CEU6, STM32U535CEU6Q, STM32U535JEY6QTR, STM32U535NCY6QTR, STM32U535NEY6QTR, STM32U535RBI6, STM32U535RBI6Q, STM32U535RBT6, STM32U535RBT6Q, STM32U535RCI6, STM32U535RCI6Q, STM32U535RCT6, STM32U535RCT6Q, STM32U535REI6, STM32U535REI6Q, STM32U535RET6, STM32U535RET6Q, STM32U535VCI6, STM32U535VCI6Q, STM32U535VCT6, STM32U535VCT6Q, STM32U535VEI6, STM32U535VEI6Q, STM32U535VET6, STM32U535VET6Q, STM32U545CET6, STM32U545CET6Q, STM32U545CEU6, STM32U545CEU6Q, STM32U545JEY6QTR, STM32U545NEY6QTR, STM32U545REI6, STM32U545REI6Q, STM32U545RET6, STM32U545RET6Q, STM32U545VEI6, STM32U545VEI6Q, STM32U545VET6, STM32U545VET6Q, STM32U595AIH6, STM32U595AIH6Q, STM32U595AJH6, STM32U595AJH6Q, STM32U595QII6, STM32U595QII6Q, STM32U595QJI6, STM32U595QJI6Q, STM32U595RIT6, STM32U595RIT6Q, STM32U595RJT6, STM32U595RJT6Q, STM32U595VIT6, STM32U595VIT6Q, STM32U595VJT6, STM32U595VJT6Q, STM32U595ZIT6, STM32U595ZIT6Q, STM32U595ZIY6QTR, STM32U595ZJT6, STM32U595ZJT6Q, STM32U595ZJY6QTR, STM32U599BJY6QTR, STM32U599NIH6Q, STM32U599NJH6Q, STM32U599VIT6Q, STM32U599VJT6, STM32U599VJT6Q, STM32U599ZIT6Q, STM32U599ZIY6QTR, STM32U599ZJT6Q, STM32U599ZJY6QTR, STM32U5A5AJH6, STM32U5A5AJH6Q, STM32U5A5QII3Q , STM32U5A5QJI6, STM32U5A5QJI6Q, STM32U5A5RJT6, STM32U5A5RJT6Q, STM32U5A5VJT6, STM32U5A5VJT6Q, STM32U5A5ZJT6, STM32U5A5ZJT6Q, STM32U5A5ZJY6QTR, STM32U5A9BJY6QTR, STM32U5A9J-DK, STM32U5A9NJH6Q, STM32U5A9VJT6Q, STM32U5A9ZJT6Q, STM32U5A9ZJY6QTR, STM32U5F7VIT6, STM32U5F7VIT6Q, STM32U5F7VJT6, STM32U5F7VJT6Q, STM32U5F9BJY6QTR, STM32U5F9NJH6Q, STM32U5F9VIT6Q, STM32U5F9VJT6Q, STM32U5F9ZIJ6QTR, STM32U5F9ZIT6Q, STM32U5F9ZJJ6QTR, STM32U5F9ZJT6Q, STM32U5G7VJT6, STM32U5G7VJT6Q, STM32U5G9BJY6QTR, STM32U5G9J-DK1, STM32U5G9J-DK2, STM32U5G9NJH6Q, STM32U5G9VJT6Q, STM32U5G9ZJJ6QTR, STM32U5G9ZJT6Q, STM32WB1MMCH6, STM32WBA50KEU6, STM32WBA50KEU6TR, STM32WBA50KGU6, STM32WBA50KGU6TR, STM32WBA52CEU6, STM32WBA52CEU6TR, STM32WBA52CEU7, STM32WBA52CEU7TR, STM32WBA52CGU6, STM32WBA52CGU6TR, STM32WBA52CGU6U, STM32WBA52CGU7, STM32WBA52CGU7TR, STM32WBA52KEU6, STM32WBA52KEU6TR, STM32WBA52KGU6, STM32WBA52KGU6TR, STM32WBA54CEU6, STM32WBA54CEU6TR, STM32WBA54CEU7, STM32WBA54CEU7TR, STM32WBA54CGU6, STM32WBA54CGU6TR, STM32WBA54CGU7, STM32WBA54CGU7TR, STM32WBA54KEU6, STM32WBA54KEU6TR, STM32WBA54KEU7, STM32WBA54KEU7TR, STM32WBA54KGU6, STM32WBA54KGU6TR, STM32WBA54KGU7, STM32WBA54KGU7TR, STM32WBA55CEU6, STM32WBA55CEU6TR, STM32WBA55CEU7, STM32WBA55CEU7TR, STM32WBA55CGU6, STM32WBA55CGU6TR, STM32WBA55CGU6U, STM32WBA55CGU7, STM32WBA55CGU7TR, STM32WBA55G-DK1, STM32WBA55HEF6, STM32WBA55HEF7, STM32WBA55HGF6, STM32WBA55HGF7, STM32WBA55UEI6, STM32WBA55UEI6TR, STM32WBA55UEI7, STM32WBA55UEI7TR, STM32WBA55UGI6, STM32WBA55UGI6TR, STM32WBA55UGI7, STM32WBA55UGI7TR, STM32WL5MOCH6, STM32WL5MOCH6TR]
2025-02-17 17:01:37,976 [INFO] ApiDb:668 - CubeFinder database Data Model version=2.1
2025-02-17 17:01:37,976 [INFO] ApiDb:669 - CubeFinder database Configuration version=3.0.39
2025-02-17 17:01:37,976 [INFO] ApiDb:670 - CubeFinder database generation date=2025-02-07 (1738919966)
2025-02-17 17:01:37,976 [INFO] ApiDb:671 - CubeFinder database FW Pack versions=[FP-ATR-ASTRA1_V2.0.0, FP-SNS-FLIGHT1_V5.0.2, FP-SNS-MOTENV1_V5.0.0, FP-SNS-MOTENVWB1_V1.4.0, FP-SNS-SMARTAG2_V1.2.0, FP-SNS-STBOX1_V2.0.0, STM32Cube_FW_C0_V1.3.0, STM32Cube_FW_F4_V1.28.1, STM32Cube_FW_F7_V1.17.2, STM32Cube_FW_G0_V1.6.2, STM32Cube_FW_G4_V1.6.1, STM32Cube_FW_H5_V1.4.0, STM32Cube_FW_H7RS_V1.1.0, STM32Cube_FW_H7_V1.12.0, STM32Cube_FW_L0_V1.12.2, STM32Cube_FW_L4_V1.18.1, STM32Cube_FW_L5_V1.5.1, STM32Cube_FW_N6_V1.0.0, STM32Cube_FW_U0_V1.2.0, STM32Cube_FW_U3_V1.0.0, STM32Cube_FW_U5_V1.7.0, STM32Cube_FW_WB0_V1.1.0, STM32Cube_FW_WBA_V1.5.0, STM32Cube_FW_WB_V1.21.0, STM32Cube_FW_WL3_V1.0.0, STM32Cube_FW_WL_V1.3.0, X-CUBE-ALGOBUILD_V1.4.0, X-CUBE-ALS_V1.0.2, X-CUBE-AZRTOS-F4_V1.1.0, X-CUBE-AZRTOS-F7_V1.1.0, X-CUBE-AZRTOS-G0_V1.1.0, X-CUBE-AZRTOS-G4_V2.0.0, X-CUBE-AZRTOS-H7RS_V1.0.0, X-CUBE-AZRTOS-H7_V3.3.0, X-CUBE-AZRTOS-L4_V2.0.0, X-CUBE-AZRTOS-L5_V2.0.0, X-CUBE-AZRTOS-WB_V2.0.0, X-CUBE-AZRTOS-WL_V2.0.0, X-CUBE-BLE1_V7.0.0, X-CUBE-BLE2_V3.3.0, X-CUBE-BLEMGR_V4.0.0, X-CUBE-EEPRMA1_V5.1.0, X-CUBE-FREERTOS_V1.2.0, X-CUBE-GNSS1_V6.0.0, X-CUBE-MEMS1_V11.1.0, X-CUBE-NFC4_V3.0.0, X-CUBE-NFC7_V1.0.1, X-CUBE-SFXS2LP1_V4.0.0, X-CUBE-SUBG2_V5.0.0, X-CUBE-TOF1_V3.4.2]
2025-02-17 17:01:39,088 [INFO] ApiDb:240 - Found 483 in-development CPN: [B-G473E-ZEST1S, B-WB1M-WPAN1, B-WL5M-SUBG1, NUCLEO-C031C6, NUCLEO-H503RB, NUCLEO-H533RE, NUCLEO-H563ZI, NUCLEO-H7S3L8, NUCLEO-U031R8, NUCLEO-U083RC, NUCLEO-U545RE-Q, NUCLEO-U5A5ZJ-Q, NUCLEO-WBA52CG, NUCLEO-WBA55CG, STEVAL-PROTEUS1, STEVAL-SMARTAG2, STEVAL-STWINBX1, STM320518-EVAL, STM32C0116-DK, STM32C011D6Y3TR, STM32C011D6Y6TR, STM32C011F4P3, STM32C011F4P6, STM32C011F4U3, STM32C011F4U6TR, STM32C011F6P3, STM32C011F6P6, STM32C011F6U3, STM32C011F6U6TR, STM32C011J4M3, STM32C011J4M6, STM32C011J6M3, STM32C011J6M6, STM32C0316-DK, STM32C031C4T3, STM32C031C4T6, STM32C031C4U3, STM32C031C4U6, STM32C031C6T3, STM32C031C6T6, STM32C031C6U3, STM32C031C6U6, STM32C031F4P3, STM32C031F4P6, STM32C031F6P3, STM32C031F6P6, STM32C031G4U3, STM32C031G4U6, STM32C031G6U3, STM32C031G6U6, STM32C031K4T3, STM32C031K4T6, STM32C031K4U3, STM32C031K4U6, STM32C031K6T3, STM32C031K6T6, STM32C031K6U3, STM32C031K6U6, STM32G071K8TXN, STM32G071K8UXN, STM32G081GBU6N, STM32G081KBT6N, STM32G081KBUXN, STM32G0B1CCT6N, STM32G0B1KCT6, STM32G0B1NEY6TR, STM32G0B1RCT6N, STM32G0C1CCT6, STM32G0C1CCT6N, STM32G0C1CCU6N, STM32G0C1CET6N, STM32G0C1CEU6N, STM32G0C1KCT6, STM32G0C1NEY6TR, STM32G0C1RCI6N, STM32G0C1RCT6N, STM32G0C1REI6N, STM32G0C1RET6N, STM32G0C1VCI6, STM32G0C1VEI6, STM32G471CCT6, STM32G471CCU6, STM32G471CET3, STM32G471CET6, STM32G471CEU3, STM32G471CEU6, STM32G471MCT6, STM32G471MET3, STM32G471MET6, STM32G471MEY6TR, STM32G471QCT6, STM32G471QET3, STM32G471RCT6, STM32G471RET3, STM32G471RET6, STM32G471VCH6, STM32G471VCI6, STM32G471VCT6, STM32G471VEH3, STM32G471VEH6, STM32G471VEI3, STM32G471VEI6, STM32G471VET3, STM32G471VET6, STM32G474CCT6, STM32H503CBT6, STM32H503CBU6, STM32H503EBY6TR, STM32H503KBU6, STM32H503RBT6, STM32H523CCT6, STM32H523CCU6, STM32H523CET6, STM32H523CEU6, STM32H523HEY6TR, STM32H523RCT6, STM32H523RET6, STM32H523VCI6, STM32H523VCT6, STM32H523VEI6, STM32H523VET6, STM32H523ZCJ6, STM32H523ZCT6, STM32H523ZEJ6, STM32H523ZET6, STM32H533CET6, STM32H533CEU6, STM32H533HEY6TR, STM32H533RET6, STM32H533VEI6, STM32H533VET6, STM32H533ZEJ6, STM32H533ZET6, STM32H562AGI6, STM32H562AII6, STM32H562IGK6, STM32H562IGT6, STM32H562IIK6, STM32H562IIT6, STM32H562RGT6, STM32H562RGV6, STM32H562RIT6, STM32H562RIV6, STM32H562VGT6, STM32H562VIT6, STM32H562ZGT6, STM32H562ZIT6, STM32H563AGI6, STM32H563AII3Q, STM32H563AII6, STM32H563IGK6, STM32H563IGT6, STM32H563IIK3Q, STM32H563IIK6, STM32H563IIT3Q, STM32H563IIT6, STM32H563MIY3QTR, STM32H563RGT6, STM32H563RGV6, STM32H563RIT6, STM32H563RIV6, STM32H563VGT6, STM32H563VIT3Q, STM32H563VIT6, STM32H563ZGT6, STM32H563ZIT3Q, STM32H563ZIT6, STM32H573AII3Q, STM32H573AII6, STM32H573I-DK, STM32H573IIK3Q, STM32H573IIK6, STM32H573IIT3Q, STM32H573IIT6, STM32H573MIY3QTR, STM32H573RIT6, STM32H573RIV6, STM32H573VIT3Q, STM32H573VIT6, STM32H573ZIT3Q, STM32H573ZIT6, STM32H7R3A8I6, STM32H7R3I8K6, STM32H7R3I8T6, STM32H7R3L8H6, STM32H7R3L8H6H, STM32H7R3R8V6, STM32H7R3V8H6, STM32H7R3V8T6, STM32H7R3V8Y6, STM32H7R3Z8J6, STM32H7R3Z8T6, STM32H7R7A8I6, STM32H7R7I8K6, STM32H7R7I8T6, STM32H7R7L8H6, STM32H7R7L8H6H, STM32H7R7Z8J6, STM32H7S3A8I6, STM32H7S3I8K6, STM32H7S3I8T6, STM32H7S3L8H6, STM32H7S3L8H6H, STM32H7S3R8V6, STM32H7S3V8H6, STM32H7S3V8T6, STM32H7S3V8Y6, STM32H7S3Z8J6, STM32H7S3Z8T6, STM32H7S78-DK, STM32H7S7A8I6, STM32H7S7I8K6, STM32H7S7I8T6, STM32H7S7L8H6, STM32H7S7L8H6H, STM32H7S7Z8J6, STM32L4R5QGI6STR, STM32MP131AAE3, STM32MP131AAF3, STM32MP131AAG3, STM32MP131CAE3, STM32MP131CAF3, STM32MP131CAG3, STM32MP131DAE7, STM32MP131DAF7, STM32MP131DAG7, STM32MP131FAE7, STM32MP131FAF7, STM32MP131FAG7, STM32MP133AAE3, STM32MP133AAF3, STM32MP133AAG3, STM32MP133CAE3, STM32MP133CAF3, STM32MP133CAG3, STM32MP133DAE7, STM32MP133DAF7, STM32MP133DAG7, STM32MP133FAE7, STM32MP133FAF7, STM32MP133FAG7, STM32MP135AAE3, STM32MP135AAF3, STM32MP135AAG3, STM32MP135CAE3, STM32MP135CAF3, STM32MP135CAG3, STM32MP135DAE7, STM32MP135DAF7, STM32MP135DAG7, STM32MP135F-DK, STM32MP135FAE7, STM32MP135FAF7, STM32MP135FAF7T, STM32MP135FAF7U, STM32MP135FAG7, STM32U031C6T6, STM32U031C6U6, STM32U031C8T6, STM32U031C8U6, STM32U031F4P6, STM32U031F6P6, STM32U031F8P6, STM32U031G6Y6TR, STM32U031G8Y6TR, STM32U031K4U6, STM32U031K6U6, STM32U031K8U6, STM32U031R6I6, STM32U031R6T6, STM32U031R8I6, STM32U031R8T6, STM32U073C8T6, STM32U073C8U6, STM32U073CBT6, STM32U073CBU6, STM32U073CCT6, STM32U073CCU6, STM32U073H8Y6TR, STM32U073HBY6TR, STM32U073HCY6TR, STM32U073K8U6, STM32U073KBU6, STM32U073KCU6, STM32U073M8I6, STM32U073M8T6, STM32U073MBI6, STM32U073MBT6, STM32U073MCI6, STM32U073MCT6, STM32U073R8I6, STM32U073R8T6, STM32U073RBI6, STM32U073RBT6, STM32U073RCI6, STM32U073RCT6, STM32U083C-DK, STM32U083CCT6, STM32U083CCU6, STM32U083HCY6TR, STM32U083KCU6, STM32U083MCI6, STM32U083MCT6, STM32U083RCI6, STM32U083RCT6, STM32U535CBT6, STM32U535CBT6Q, STM32U535CBU6, STM32U535CBU6Q, STM32U535CCT6, STM32U535CCT6Q, STM32U535CCU6, STM32U535CCU6Q, STM32U535CET6, STM32U535CET6Q, STM32U535CEU6, STM32U535CEU6Q, STM32U535JEY6QTR, STM32U535NCY6QTR, STM32U535NEY6QTR, STM32U535RBI6, STM32U535RBI6Q, STM32U535RBT6, STM32U535RBT6Q, STM32U535RCI6, STM32U535RCI6Q, STM32U535RCT6, STM32U535RCT6Q, STM32U535REI6, STM32U535REI6Q, STM32U535RET6, STM32U535RET6Q, STM32U535VCI6, STM32U535VCI6Q, STM32U535VCT6, STM32U535VCT6Q, STM32U535VEI6, STM32U535VEI6Q, STM32U535VET6, STM32U535VET6Q, STM32U545CET6, STM32U545CET6Q, STM32U545CEU6, STM32U545CEU6Q, STM32U545JEY6QTR, STM32U545NEY6QTR, STM32U545REI6, STM32U545REI6Q, STM32U545RET6, STM32U545RET6Q, STM32U545VEI6, STM32U545VEI6Q, STM32U545VET6, STM32U545VET6Q, STM32U595AIH6, STM32U595AIH6Q, STM32U595AJH6, STM32U595AJH6Q, STM32U595QII6, STM32U595QII6Q, STM32U595QJI6, STM32U595QJI6Q, STM32U595RIT6, STM32U595RIT6Q, STM32U595RJT6, STM32U595RJT6Q, STM32U595VIT6, STM32U595VIT6Q, STM32U595VJT6, STM32U595VJT6Q, STM32U595ZIT6, STM32U595ZIT6Q, STM32U595ZIY6QTR, STM32U595ZJT6, STM32U595ZJT6Q, STM32U595ZJY6QTR, STM32U599BJY6QTR, STM32U599NIH6Q, STM32U599NJH6Q, STM32U599VIT6Q, STM32U599VJT6, STM32U599VJT6Q, STM32U599ZIT6Q, STM32U599ZIY6QTR, STM32U599ZJT6Q, STM32U599ZJY6QTR, STM32U5A5AJH6, STM32U5A5AJH6Q, STM32U5A5QII3Q , STM32U5A5QJI6, STM32U5A5QJI6Q, STM32U5A5RJT6, STM32U5A5RJT6Q, STM32U5A5VJT6, STM32U5A5VJT6Q, STM32U5A5ZJT6, STM32U5A5ZJT6Q, STM32U5A5ZJY6QTR, STM32U5A9BJY6QTR, STM32U5A9J-DK, STM32U5A9NJH6Q, STM32U5A9VJT6Q, STM32U5A9ZJT6Q, STM32U5A9ZJY6QTR, STM32U5F7VIT6, STM32U5F7VIT6Q, STM32U5F7VJT6, STM32U5F7VJT6Q, STM32U5F9BJY6QTR, STM32U5F9NJH6Q, STM32U5F9VIT6Q, STM32U5F9VJT6Q, STM32U5F9ZIJ6QTR, STM32U5F9ZIT6Q, STM32U5F9ZJJ6QTR, STM32U5F9ZJT6Q, STM32U5G7VJT6, STM32U5G7VJT6Q, STM32U5G9BJY6QTR, STM32U5G9J-DK1, STM32U5G9J-DK2, STM32U5G9NJH6Q, STM32U5G9VJT6Q, STM32U5G9ZJJ6QTR, STM32U5G9ZJT6Q, STM32WB1MMCH6, STM32WBA50KEU6, STM32WBA50KEU6TR, STM32WBA50KGU6, STM32WBA50KGU6TR, STM32WBA52CEU6, STM32WBA52CEU6TR, STM32WBA52CEU7, STM32WBA52CEU7TR, STM32WBA52CGU6, STM32WBA52CGU6TR, STM32WBA52CGU6U, STM32WBA52CGU7, STM32WBA52CGU7TR, STM32WBA52KEU6, STM32WBA52KEU6TR, STM32WBA52KGU6, STM32WBA52KGU6TR, STM32WBA54CEU6, STM32WBA54CEU6TR, STM32WBA54CEU7, STM32WBA54CEU7TR, STM32WBA54CGU6, STM32WBA54CGU6TR, STM32WBA54CGU7, STM32WBA54CGU7TR, STM32WBA54KEU6, STM32WBA54KEU6TR, STM32WBA54KEU7, STM32WBA54KEU7TR, STM32WBA54KGU6, STM32WBA54KGU6TR, STM32WBA54KGU7, STM32WBA54KGU7TR, STM32WBA55CEU6, STM32WBA55CEU6TR, STM32WBA55CEU7, STM32WBA55CEU7TR, STM32WBA55CGU6, STM32WBA55CGU6TR, STM32WBA55CGU6U, STM32WBA55CGU7, STM32WBA55CGU7TR, STM32WBA55G-DK1, STM32WBA55HEF6, STM32WBA55HEF7, STM32WBA55HGF6, STM32WBA55HGF7, STM32WBA55UEI6, STM32WBA55UEI6TR, STM32WBA55UEI7, STM32WBA55UEI7TR, STM32WBA55UGI6, STM32WBA55UGI6TR, STM32WBA55UGI7, STM32WBA55UGI7TR, STM32WL5MOCH6, STM32WL5MOCH6TR]
2025-02-17 17:01:39,093 [INFO] DbMcus:218 - Found 4440 MCUs, 4440 are supported
2025-02-17 17:01:39,099 [INFO] ApiDb:423 - Load user favorites file C:\Users\ksylaz/.stm32cubeide/favorites.mcus.txt: 2 item(s)
2025-02-17 17:01:39,099 [INFO] ApiDb:427 - User favorites MCUs=[STM32F103RGT6, STM32F401RCT6]
2025-02-17 17:01:39,099 [INFO] DbMcus:224 - Set 2 / 2 favorites MCUs
2025-02-17 17:01:39,295 [INFO] BoardInfo:889 - No configuration file found for board NUCLEO-C071RB
2025-02-17 17:01:39,295 [INFO] DbBoards:161 - Board is not supported: NUCLEO-C071RB
2025-02-17 17:01:39,343 [INFO] BoardInfo:889 - No configuration file found for board NUCLEO-N657X0-Q
2025-02-17 17:01:39,343 [INFO] DbBoards:161 - Board is not supported: NUCLEO-N657X0-Q
2025-02-17 17:01:39,347 [INFO] BoardInfo:889 - No configuration file found for board NUCLEO-WB05KZ
2025-02-17 17:01:39,347 [INFO] DbBoards:161 - Board is not supported: NUCLEO-WB05KZ
2025-02-17 17:01:39,348 [INFO] BoardInfo:889 - No configuration file found for board NUCLEO-WB07CC
2025-02-17 17:01:39,348 [INFO] DbBoards:161 - Board is not supported: NUCLEO-WB07CC
2025-02-17 17:01:39,349 [INFO] BoardInfo:889 - No configuration file found for board NUCLEO-WB09KE
2025-02-17 17:01:39,349 [INFO] DbBoards:161 - Board is not supported: NUCLEO-WB09KE
2025-02-17 17:01:39,351 [INFO] BoardInfo:889 - No configuration file found for board NUCLEO-WL33CC1
2025-02-17 17:01:39,352 [INFO] DbBoards:161 - Board is not supported: NUCLEO-WL33CC1
2025-02-17 17:01:39,352 [INFO] BoardInfo:889 - No configuration file found for board NUCLEO-WL33CC2
2025-02-17 17:01:39,352 [INFO] DbBoards:161 - Board is not supported: NUCLEO-WL33CC2
2025-02-17 17:01:39,355 [INFO] BoardInfo:889 - No configuration file found for board P-NUCLEO-WB55
2025-02-17 17:01:39,356 [INFO] DbBoards:161 - Kit is not supported: P-NUCLEO-WB55
2025-02-17 17:01:39,358 [INFO] BoardInfo:889 - No configuration file found for board STEVAL-BFA001V1B
2025-02-17 17:01:39,358 [INFO] DbBoards:161 - Kit is not supported: STEVAL-BFA001V1B
2025-02-17 17:01:39,359 [INFO] BoardInfo:889 - No configuration file found for board STEVAL-BFA001V2B
2025-02-17 17:01:39,359 [INFO] DbBoards:161 - Kit is not supported: STEVAL-BFA001V2B
2025-02-17 17:01:39,433 [INFO] BoardInfo:889 - No configuration file found for board STM32MP257F-DK
2025-02-17 17:01:39,433 [INFO] DbBoards:161 - Board is not supported: STM32MP257F-DK
2025-02-17 17:01:39,434 [INFO] BoardInfo:889 - No configuration file found for board STM32MP257F-EV1
2025-02-17 17:01:39,434 [INFO] DbBoards:161 - Board is not supported: STM32MP257F-EV1
2025-02-17 17:01:39,434 [INFO] BoardInfo:889 - No configuration file found for board STM32N6570-DK
2025-02-17 17:01:39,435 [INFO] DbBoards:161 - Board is not supported: STM32N6570-DK
2025-02-17 17:01:39,440 [INFO] DbBoards:168 - Found 205 boards, 192 are supported
2025-02-17 17:01:39,440 [INFO] DbBoards:169 - Found 205 boards, 8 of them is supported for  Bsp
2025-02-17 17:01:39,447 [INFO] ApiDb:423 - Load user favorites file C:\Users\ksylaz/.stm32cubeide/favorites.boards.txt: 1 item(s)
2025-02-17 17:01:39,447 [INFO] ApiDb:427 - User favorites Boards=[STM32F429I-DISC1]
2025-02-17 17:01:39,447 [INFO] DbBoards:198 - Set 1 / 1 favorites Boards
2025-02-17 17:01:39,447 [INFO] McuFinderGlobals:76 - Set McuFinderConnectedMode to true
2025-02-17 17:01:39,453 [INFO] MultiScanPanel:200 - Auto-refresh data requested => check proxy status ongoing
2025-02-17 17:01:39,455 [INFO] FinderPluginLoader:95 - Searching for filters in installed packs
2025-02-17 17:01:40,291 [INFO] LoadUrlFilesThread:185 - End of LoadServerUrlFiles without Thread
2025-02-17 17:01:40,304 [INFO] DetailPanel:341 - Set advertising image to C:/Users/ksylaz/STM32Cube/Repository/\en.prom-stm32n6-mcu-finder.png
2025-02-17 17:01:52,818 [INFO] MainUpdater:2873 - connection check result : 10
2025-02-17 17:01:52,819 [INFO] MainUpdater:2873 - connection check result : 10
2025-02-17 17:01:52,844 [INFO] MicroXplorer:468 - Change Database Path : 
2025-02-17 17:01:52,844 [INFO] MicroXplorer:498 - Change Database Version : DB.6.0.110
2025-02-17 17:01:52,849 [WARN] ThirdParty:871 - waiting for thirdparty lock release [close project]
2025-02-17 17:01:52,849 [INFO] ThirdParty:873 - entering critical section [close project]
2025-02-17 17:01:52,849 [INFO] ThirdParty:883 - exiting critical section [close project]
2025-02-17 17:01:52,851 [INFO] PinOutPanel:1561 - setPackage(No Configuration,No Configuration)
2025-02-17 17:01:52,853 [INFO] UtilMem:75 - Begin LoadConfig() Used Memory: 728394528 Bytes (1073741824)
2025-02-17 17:01:52,853 [INFO] MicroXplorer:468 - Change Database Path : 
2025-02-17 17:01:52,853 [INFO] MicroXplorer:498 - Change Database Version : DB.6.0.110
2025-02-17 17:01:52,853 [INFO] OpenFileManager:312 - Change cursor
2025-02-17 17:01:52,906 [INFO] Mcu:2021 - Initializing MCU STM32F401RCTx STM32F401RCTx STM32F401RCT6
2025-02-17 17:01:54,037 [INFO] Context:663 - Trying to add GPIOservice into a context  which must be forbidden
2025-02-17 17:01:54,235 [INFO] ImportTextPane:194 - (OptionalMessage_ERROR) Unable to find key (Mcu.ThirdPartyNb) in loaded IOC file
2025-02-17 17:01:54,235 [INFO] ImportTextPane:194 - (OptionalMessage_ERROR) Unable to find key (Mcu.PinsNb) in loaded IOC file
2025-02-17 17:01:54,235 [INFO] ImportTextPane:194 - (OptionalMessage_ERROR) Unable to find key (Mcu.IPNb) in loaded IOC file
2025-02-17 17:01:54,326 [INFO] RtosManager:555 - Registered RTOS mode: class=CMSIS, group=RTOS, mode=CMSIS_V1, owner=FREERTOS
2025-02-17 17:01:54,326 [INFO] RtosManager:555 - Registered RTOS mode: class=CMSIS, group=RTOS2, mode=CMSIS_V2, owner=FREERTOS
2025-02-17 17:01:54,326 [INFO] RtosManager:555 - Registered RTOS mode: class=RTOS, group=Core, mode=CMSIS_V1, owner=FREERTOS
2025-02-17 17:01:54,326 [INFO] RtosManager:555 - Registered RTOS mode: class=RTOS, group=Core, mode=CMSIS_V2, owner=FREERTOS
2025-02-17 17:01:54,327 [WARN] ModelIntegratedComponent:184 - Missing modes for component STMicroelectronics:FreeRTOS:0.0.1:STMicroelectronics:RTOS:FreeRTOS:Core:::10.2.0:
2025-02-17 17:01:54,334 [WARN] ModelIntegratedComponent:182 - Modes not found for component STMicroelectronics:USB_HOST:1.0.0:STMicroelectronics:USB::USB Host:Audio HS::1.0:USB_HOST_1_0_RESTRICTED_HS
2025-02-17 17:01:54,334 [WARN] ModelIntegratedComponent:188 - Modes not found for component STMicroelectronics:USB_HOST:1.0.0:STMicroelectronics:USB::USB Host:Audio HS::1.0:USB_HOST_1_0_RESTRICTED_HS
2025-02-17 17:01:54,334 [WARN] ModelIntegratedComponent:182 - Modes not found for component STMicroelectronics:USB_HOST:1.0.0:STMicroelectronics:USB::USB Host:CDC HS::1.0:USB_HOST_1_0_RESTRICTED_HS
2025-02-17 17:01:54,334 [WARN] ModelIntegratedComponent:188 - Modes not found for component STMicroelectronics:USB_HOST:1.0.0:STMicroelectronics:USB::USB Host:CDC HS::1.0:USB_HOST_1_0_RESTRICTED_HS
2025-02-17 17:01:54,334 [WARN] ModelIntegratedComponent:182 - Modes not found for component STMicroelectronics:USB_HOST:1.0.0:STMicroelectronics:USB::USB Host:MSC HS::1.0:USB_HOST_1_0_RESTRICTED_HS
2025-02-17 17:01:54,334 [WARN] ModelIntegratedComponent:188 - Modes not found for component STMicroelectronics:USB_HOST:1.0.0:STMicroelectronics:USB::USB Host:MSC HS::1.0:USB_HOST_1_0_RESTRICTED_HS
2025-02-17 17:01:54,334 [WARN] ModelIntegratedComponent:182 - Modes not found for component STMicroelectronics:USB_HOST:1.0.0:STMicroelectronics:USB::USB Host:HID HS::1.0:USB_HOST_1_0_RESTRICTED_HS
2025-02-17 17:01:54,334 [WARN] ModelIntegratedComponent:188 - Modes not found for component STMicroelectronics:USB_HOST:1.0.0:STMicroelectronics:USB::USB Host:HID HS::1.0:USB_HOST_1_0_RESTRICTED_HS
2025-02-17 17:01:54,334 [WARN] ModelIntegratedComponent:182 - Modes not found for component STMicroelectronics:USB_HOST:1.0.0:STMicroelectronics:USB::USB Host:MTP HS::1.0:USB_HOST_1_0_RESTRICTED_HS
2025-02-17 17:01:54,334 [WARN] ModelIntegratedComponent:188 - Modes not found for component STMicroelectronics:USB_HOST:1.0.0:STMicroelectronics:USB::USB Host:MTP HS::1.0:USB_HOST_1_0_RESTRICTED_HS
2025-02-17 17:01:54,342 [WARN] ModelIntegratedComponent:63 - No mode defined for component null
2025-02-17 17:01:54,342 [WARN] ModelIntegratedComponent:63 - No mode defined for component null
2025-02-17 17:01:54,342 [WARN] ModelIntegratedComponent:63 - No mode defined for component null
2025-02-17 17:01:54,342 [WARN] ModelIntegratedComponent:63 - No mode defined for component null
2025-02-17 17:01:54,342 [WARN] ModelIntegratedComponent:63 - No mode defined for component null
2025-02-17 17:01:54,342 [WARN] ModelIntegratedComponent:63 - No mode defined for component null
2025-02-17 17:01:54,342 [WARN] ModelIntegratedComponent:63 - No mode defined for component null
2025-02-17 17:01:54,342 [WARN] ModelIntegratedComponent:63 - No mode defined for component null
2025-02-17 17:01:54,342 [WARN] ModelIntegratedComponent:63 - No mode defined for component null
2025-02-17 17:01:54,342 [WARN] ModelIntegratedComponent:63 - No mode defined for component null
2025-02-17 17:01:54,342 [WARN] ModelIntegratedComponent:63 - No mode defined for component null
2025-02-17 17:01:54,342 [WARN] ModelIntegratedComponent:63 - No mode defined for component null
2025-02-17 17:01:54,342 [WARN] ModelIntegratedComponent:63 - No mode defined for component null
2025-02-17 17:01:54,342 [WARN] ModelIntegratedComponent:63 - No mode defined for component null
2025-02-17 17:01:54,342 [WARN] ModelIntegratedComponent:63 - No mode defined for component null
2025-02-17 17:01:54,342 [WARN] ModelIntegratedComponent:63 - No mode defined for component null
2025-02-17 17:01:54,343 [WARN] ModelIntegratedComponent:63 - No mode defined for component null
2025-02-17 17:01:54,343 [WARN] ModelIntegratedComponent:63 - No mode defined for component null
2025-02-17 17:01:54,343 [WARN] ModelIntegratedComponent:63 - No mode defined for component null
2025-02-17 17:01:54,343 [WARN] ModelIntegratedComponent:63 - No mode defined for component null
2025-02-17 17:01:54,343 [WARN] ModelIntegratedComponent:63 - No mode defined for component null
2025-02-17 17:01:54,343 [WARN] ModelIntegratedComponent:63 - No mode defined for component null
2025-02-17 17:01:54,343 [WARN] ModelIntegratedComponent:63 - No mode defined for component null
2025-02-17 17:01:54,343 [WARN] ModelIntegratedComponent:63 - No mode defined for component null
2025-02-17 17:01:54,343 [WARN] ModelIntegratedComponent:63 - No mode defined for component null
2025-02-17 17:01:54,343 [WARN] ModelIntegratedComponent:63 - No mode defined for component null
2025-02-17 17:01:54,343 [WARN] ModelIntegratedComponent:63 - No mode defined for component null
2025-02-17 17:01:54,343 [WARN] ModelIntegratedComponent:63 - No mode defined for component null
2025-02-17 17:01:54,343 [WARN] ModelIntegratedComponent:63 - No mode defined for component null
2025-02-17 17:01:54,343 [WARN] ModelIntegratedComponent:63 - No mode defined for component null
2025-02-17 17:01:54,343 [WARN] ModelIntegratedComponent:63 - No mode defined for component null
2025-02-17 17:01:54,343 [WARN] ModelIntegratedComponent:63 - No mode defined for component null
2025-02-17 17:01:54,343 [WARN] ModelIntegratedComponent:63 - No mode defined for component null
2025-02-17 17:01:54,343 [WARN] ModelIntegratedComponent:63 - No mode defined for component null
2025-02-17 17:01:54,394 [WARN] ModelIntegratedComponent:182 - Modes not found for component STMicroelectronics:USB_DEVICE:1.0.0:STMicroelectronics:USB::USB Device:Audio HS::1.0:USB_DEVICE_1_0_RESTRICTED_HS
2025-02-17 17:01:54,394 [WARN] ModelIntegratedComponent:188 - Modes not found for component STMicroelectronics:USB_DEVICE:1.0.0:STMicroelectronics:USB::USB Device:Audio HS::1.0:USB_DEVICE_1_0_RESTRICTED_HS
2025-02-17 17:01:54,394 [WARN] ModelIntegratedComponent:182 - Modes not found for component STMicroelectronics:USB_DEVICE:1.0.0:STMicroelectronics:USB::USB Device:CDC HS::1.0:USB_DEVICE_1_0_RESTRICTED_HS
2025-02-17 17:01:54,394 [WARN] ModelIntegratedComponent:188 - Modes not found for component STMicroelectronics:USB_DEVICE:1.0.0:STMicroelectronics:USB::USB Device:CDC HS::1.0:USB_DEVICE_1_0_RESTRICTED_HS
2025-02-17 17:01:54,394 [WARN] ModelIntegratedComponent:182 - Modes not found for component STMicroelectronics:USB_DEVICE:1.0.0:STMicroelectronics:USB::USB Device:DFU HS::1.0:USB_DEVICE_1_0_RESTRICTED_HS
2025-02-17 17:01:54,394 [WARN] ModelIntegratedComponent:188 - Modes not found for component STMicroelectronics:USB_DEVICE:1.0.0:STMicroelectronics:USB::USB Device:DFU HS::1.0:USB_DEVICE_1_0_RESTRICTED_HS
2025-02-17 17:01:54,394 [WARN] ModelIntegratedComponent:182 - Modes not found for component STMicroelectronics:USB_DEVICE:1.0.0:STMicroelectronics:USB::USB Device:HID HS::1.0:USB_DEVICE_1_0_RESTRICTED_HS
2025-02-17 17:01:54,394 [WARN] ModelIntegratedComponent:188 - Modes not found for component STMicroelectronics:USB_DEVICE:1.0.0:STMicroelectronics:USB::USB Device:HID HS::1.0:USB_DEVICE_1_0_RESTRICTED_HS
2025-02-17 17:01:54,394 [WARN] ModelIntegratedComponent:182 - Modes not found for component STMicroelectronics:USB_DEVICE:1.0.0:STMicroelectronics:USB::USB Device:Custom HID HS::1.0:USB_DEVICE_1_0_RESTRICTED_HS
2025-02-17 17:01:54,394 [WARN] ModelIntegratedComponent:188 - Modes not found for component STMicroelectronics:USB_DEVICE:1.0.0:STMicroelectronics:USB::USB Device:Custom HID HS::1.0:USB_DEVICE_1_0_RESTRICTED_HS
2025-02-17 17:01:54,394 [WARN] ModelIntegratedComponent:182 - Modes not found for component STMicroelectronics:USB_DEVICE:1.0.0:STMicroelectronics:USB::USB Device:MSC HS::1.0:USB_DEVICE_1_0_RESTRICTED_HS
2025-02-17 17:01:54,394 [WARN] ModelIntegratedComponent:188 - Modes not found for component STMicroelectronics:USB_DEVICE:1.0.0:STMicroelectronics:USB::USB Device:MSC HS::1.0:USB_DEVICE_1_0_RESTRICTED_HS
2025-02-17 17:01:54,405 [INFO] ThirdPartyModel:298 - Start build external matchings
2025-02-17 17:01:54,638 [INFO] ThirdPartyModel:316 - End build external matchings
2025-02-17 17:01:54,838 [INFO] UtilMem:75 - End LoadConfig() Used Memory: 689108936 Bytes (1073741824)
2025-02-17 17:01:54,860 [WARN] ThirdParty:833 - waiting for thirdparty lock release [change project]
2025-02-17 17:01:54,861 [INFO] ThirdParty:835 - entering critical section [change project]
2025-02-17 17:01:54,861 [INFO] ThirdParty:1030 - CMSIS Pack Vendor :STMicroelectronics USBPD 4.1
2025-02-17 17:01:54,861 [INFO] ThirdParty:1030 - CMSIS Pack Vendor :STMicroelectronics X-CUBE-AZRTOS-H7 3.3.0
2025-02-17 17:01:54,861 [INFO] ThirdParty:1030 - CMSIS Pack Vendor :STMicroelectronics X-CUBE-NFC9 1.0.0
2025-02-17 17:01:54,861 [INFO] ThirdParty:1030 - CMSIS Pack Vendor :STMicroelectronics USB_HOST 2.0.0
2025-02-17 17:01:54,861 [INFO] ThirdParty:1030 - CMSIS Pack Vendor :STMicroelectronics FP-SNS-MOTENVWB1 1.4.0
2025-02-17 17:01:54,861 [INFO] ThirdParty:1030 - CMSIS Pack Vendor :STMicroelectronics X-CUBE-AZRTOS-F4 1.1.0
2025-02-17 17:01:54,861 [INFO] ThirdParty:1030 - CMSIS Pack Vendor :STMicroelectronics LIBJPEG 8.0.0
2025-02-17 17:01:54,861 [INFO] ThirdParty:1030 - CMSIS Pack Vendor :STMicroelectronics FP-ATR-ASTRA1 2.0.1
2025-02-17 17:01:54,861 [INFO] ThirdParty:1030 - CMSIS Pack Vendor :STMicroelectronics X-CUBE-SMBUS 2.1.0
2025-02-17 17:01:54,861 [INFO] ThirdParty:1030 - CMSIS Pack Vendor :STMicroelectronics X-CUBE-WB05N 1.1.0
2025-02-17 17:01:54,861 [INFO] ThirdParty:1030 - CMSIS Pack Vendor :STMicroelectronics USB_DEVICE 3.0.0
2025-02-17 17:01:54,861 [INFO] ThirdParty:1030 - CMSIS Pack Vendor :STMicroelectronics X-CUBE-ISPU 2.1.0
2025-02-17 17:01:54,861 [INFO] ThirdParty:1030 - CMSIS Pack Vendor :STMicroelectronics X-CUBE-AZRTOS-WB 2.0.0
2025-02-17 17:01:54,861 [INFO] ThirdParty:1030 - CMSIS Pack Vendor :STMicroelectronics X-CUBE-GNSS1 7.0.1
2025-02-17 17:01:54,861 [INFO] ThirdParty:1030 - CMSIS Pack Vendor :STMicroelectronics X-CUBE-AZRTOS-F7 1.1.0
2025-02-17 17:01:54,861 [INFO] ThirdParty:1030 - CMSIS Pack Vendor :STMicroelectronics X-CUBE-AZRTOS-L5 2.0.0
2025-02-17 17:01:54,861 [INFO] ThirdParty:1030 - CMSIS Pack Vendor :STMicroelectronics USB_DEVICE 2.0.0
2025-02-17 17:01:54,861 [INFO] ThirdParty:1030 - CMSIS Pack Vendor :STMicroelectronics X-CUBE-NFC6 3.1.0
2025-02-17 17:01:54,861 [INFO] ThirdParty:1030 - CMSIS Pack Vendor :STMicroelectronics FP-SNS-STBOX1 2.0.0
2025-02-17 17:01:54,861 [INFO] ThirdParty:1030 - CMSIS Pack Vendor :STMicroelectronics FreeRTOS 0.0.1
2025-02-17 17:01:54,861 [INFO] ThirdParty:1030 - CMSIS Pack Vendor :STMicroelectronics X-CUBE-AZRTOS-G0 1.1.0
2025-02-17 17:01:54,861 [INFO] ThirdParty:1030 - CMSIS Pack Vendor :STMicroelectronics X-CUBE-SAFEA1 1.2.2
2025-02-17 17:01:54,861 [INFO] ThirdParty:1030 - CMSIS Pack Vendor :STMicroelectronics X-CUBE-NFC4 3.0.0
2025-02-17 17:01:54,861 [INFO] ThirdParty:1030 - CMSIS Pack Vendor :STMicroelectronics X-CUBE-DPower 1.2.0
2025-02-17 17:01:54,861 [INFO] ThirdParty:1030 - CMSIS Pack Vendor :STMicroelectronics X-CUBE-SUBG2 5.0.0
2025-02-17 17:01:54,861 [INFO] ThirdParty:1030 - CMSIS Pack Vendor :STMicroelectronics STM32_WPAN 1.0.0
2025-02-17 17:01:54,861 [INFO] ThirdParty:1030 - CMSIS Pack Vendor :EmbeddedOffice I-CUBE-FS-RTOS 1.0.1
2025-02-17 17:01:54,861 [INFO] ThirdParty:1030 - CMSIS Pack Vendor :STMicroelectronics lwIP 2.0.3
2025-02-17 17:01:54,861 [INFO] ThirdParty:1030 - CMSIS Pack Vendor :STMicroelectronics FP-SNS-FLIGHT1 5.0.2
2025-02-17 17:01:54,861 [INFO] ThirdParty:1030 - CMSIS Pack Vendor :Cesanta I-CUBE-Mongoose 7.13.0
2025-02-17 17:01:54,862 [INFO] ThirdParty:1030 - CMSIS Pack Vendor :STMicroelectronics USB_HOST 1.0.0
2025-02-17 17:01:54,862 [INFO] ThirdParty:1030 - CMSIS Pack Vendor :Infineon AIROC-Wi-Fi-Bluetooth-STM32 1.7.0
2025-02-17 17:01:54,862 [INFO] ThirdParty:1030 - CMSIS Pack Vendor :STMicroelectronics X-CUBE-AZRTOS-G4 2.0.0
2025-02-17 17:01:54,862 [INFO] ThirdParty:1030 - CMSIS Pack Vendor :STMicroelectronics PDM2PCM 3.1.0
2025-02-17 17:01:54,862 [INFO] ThirdParty:1030 - CMSIS Pack Vendor :STMicroelectronics PDM2PCM 3.3.0
2025-02-17 17:01:54,862 [INFO] ThirdParty:1030 - CMSIS Pack Vendor :STMicroelectronics X-CUBE-DISPLAY 3.0.0
2025-02-17 17:01:54,862 [INFO] ThirdParty:1030 - CMSIS Pack Vendor :RealThread X-CUBE-RT-Thread_Nano 4.1.1
2025-02-17 17:01:54,862 [INFO] ThirdParty:1030 - CMSIS Pack Vendor :STMicroelectronics X-CUBE-BLE1 7.0.0
2025-02-17 17:01:54,862 [INFO] ThirdParty:1030 - CMSIS Pack Vendor :STMicroelectronics FP-ATR-SIGFOX1 3.2.0
2025-02-17 17:01:54,862 [INFO] ThirdParty:1030 - CMSIS Pack Vendor :STMicroelectronics X-CUBE-NFC10 1.0.0
2025-02-17 17:01:54,862 [INFO] ThirdParty:1030 - CMSIS Pack Vendor :quantropi X-CUBE-qispace-sdk-base 1.9.3
2025-02-17 17:01:54,862 [INFO] ThirdParty:1030 - CMSIS Pack Vendor :STMicroelectronics X-CUBE-BLEMGR 4.0.0
2025-02-17 17:01:54,862 [INFO] ThirdParty:1030 - CMSIS Pack Vendor :STMicroelectronics X-CUBE-EEPRMA1 5.1.0
2025-02-17 17:01:54,862 [INFO] ThirdParty:1030 - CMSIS Pack Vendor :STMicroelectronics HAL Drivers 0.0.0
2025-02-17 17:01:54,862 [INFO] ThirdParty:1030 - CMSIS Pack Vendor :STMicroelectronics MBEDTLS 2.16.2
2025-02-17 17:01:54,862 [INFO] ThirdParty:1030 - CMSIS Pack Vendor :STMicroelectronics X-CUBE-ALS 1.0.2
2025-02-17 17:01:54,862 [INFO] ThirdParty:1030 - CMSIS Pack Vendor :emotas I-CUBE-CANOPEN 1.3.0
2025-02-17 17:01:54,862 [INFO] ThirdParty:1030 - CMSIS Pack Vendor :STMicroelectronics X-CUBE-FREERTOS 1.3.0
2025-02-17 17:01:54,862 [INFO] ThirdParty:1030 - CMSIS Pack Vendor :wolfSSL I-CUBE-wolfSSL 5.7.4
2025-02-17 17:01:54,862 [INFO] ThirdParty:1030 - CMSIS Pack Vendor :STMicroelectronics X-CUBE-NFC7 1.0.1
2025-02-17 17:01:54,862 [INFO] ThirdParty:1030 - CMSIS Pack Vendor :STMicroelectronics MBEDTLS 2.14.1
2025-02-17 17:01:54,862 [INFO] ThirdParty:1030 - CMSIS Pack Vendor :ITTIA_DB I-CUBE-ITTIADB 8.9.0
2025-02-17 17:01:54,862 [INFO] ThirdParty:1030 - CMSIS Pack Vendor :STMicroelectronics X-CUBE-TOUCHGFX 4.24.2
2025-02-17 17:01:54,862 [INFO] ThirdParty:1030 - CMSIS Pack Vendor :wolfSSL I-CUBE-wolfTPM 3.4.0
2025-02-17 17:01:54,862 [INFO] ThirdParty:1030 - CMSIS Pack Vendor :portGmbH I-Cube-SoM-uGOAL 1.1.0
2025-02-17 17:01:54,862 [INFO] ThirdParty:1030 - CMSIS Pack Vendor :STMicroelectronics X-CUBE-AI 10.0.0
2025-02-17 17:01:54,862 [INFO] ThirdParty:1030 - CMSIS Pack Vendor :STMicroelectronics ThreadX 1.0.0
2025-02-17 17:01:54,863 [INFO] ThirdParty:1030 - CMSIS Pack Vendor :STMicroelectronics FP-SNS-SMARTAG2 1.2.0
2025-02-17 17:01:54,863 [INFO] ThirdParty:1030 - CMSIS Pack Vendor :STMicroelectronics X-CUBE-MEMS1 11.1.0
2025-02-17 17:01:54,863 [INFO] ThirdParty:1030 - CMSIS Pack Vendor :STMicroelectronics X-CUBE-AZRTOS-WL 2.0.0
2025-02-17 17:01:54,863 [INFO] ThirdParty:1030 - CMSIS Pack Vendor :SEGGER I-CUBE-embOS 1.3.1
2025-02-17 17:01:54,863 [INFO] ThirdParty:1030 - CMSIS Pack Vendor :STMicroelectronics X-CUBE-ALGOBUILD 1.4.0
2025-02-17 17:01:54,863 [INFO] ThirdParty:1030 - CMSIS Pack Vendor :STMicroelectronics FP-SNS-MOTENV1 5.0.0
2025-02-17 17:01:54,863 [INFO] ThirdParty:1030 - CMSIS Pack Vendor :STMicroelectronics USB_DEVICE 1.0.0
2025-02-17 17:01:54,863 [INFO] ThirdParty:1030 - CMSIS Pack Vendor :STMicroelectronics X-CUBE-AZRTOS-H7RS 1.0.0
2025-02-17 17:01:54,863 [INFO] ThirdParty:1030 - CMSIS Pack Vendor :wolfSSL I-CUBE-wolfMQTT 1.19.0
2025-02-17 17:01:54,863 [INFO] ThirdParty:1030 - CMSIS Pack Vendor :STMicroelectronics X-CUBE-AZRTOS-L4 2.0.0
2025-02-17 17:01:54,863 [INFO] ThirdParty:1030 - CMSIS Pack Vendor :STMicroelectronics ThreadX 0.0.2
2025-02-17 17:01:54,863 [INFO] ThirdParty:1030 - CMSIS Pack Vendor :WES I-CUBE-Cesium 1.3.0
2025-02-17 17:01:54,863 [INFO] ThirdParty:1030 - CMSIS Pack Vendor :STMicroelectronics lwIP 2.1.2
2025-02-17 17:01:54,863 [INFO] ThirdParty:1030 - CMSIS Pack Vendor :STMicroelectronics X-CUBE-SFXS2LP1 4.0.0
2025-02-17 17:01:54,863 [INFO] ThirdParty:1030 - CMSIS Pack Vendor :STMicroelectronics X-CUBE-BLE2 3.3.0
2025-02-17 17:01:54,863 [INFO] ThirdParty:1030 - CMSIS Pack Vendor :STMicroelectronics X-CUBE-TOF1 3.4.2
2025-02-17 17:01:54,863 [INFO] ThirdParty:1030 - CMSIS Pack Vendor :STMicroelectronics X-CUBE-AI 9.1.0
2025-02-17 17:01:54,863 [INFO] ThirdParty:1030 - CMSIS Pack Vendor :STMicroelectronics PDM2PCM 3.2.0
2025-02-17 17:01:54,863 [INFO] ThirdParty:1030 - CMSIS Pack Vendor :wolfSSL I-CUBE-wolfSSH 1.4.17
2025-02-17 17:01:54,863 [INFO] ThirdParty:841 - exiting critical section [change project]
2025-02-17 17:01:55,072 [INFO] PinOutPanel:1561 - setPackage(No Configuration,No Configuration)
2025-02-17 17:01:55,073 [INFO] PinOutPanel:1561 - setPackage(STM32F401RCTx,LQFP64)
2025-02-17 17:01:55,495 [INFO] UtilMem:75 - Before build in PCC Used Memory: 817562624 Bytes (1073741824)
2025-02-17 17:01:56,424 [INFO] UtilMem:75 - After build in PCC Used Memory: 877853696 Bytes (1073741824)
2025-02-17 17:01:56,444 [INFO] IPUIPlugin:80 - create IPUIPlugin
2025-02-17 17:01:56,444 [INFO] IPUIPlugin:80 - create IPUIPlugin
2025-02-17 17:01:56,444 [INFO] IPUIPlugin:80 - create IPUIPlugin
2025-02-17 17:01:56,444 [INFO] IPUIPlugin:80 - create IPUIPlugin
2025-02-17 17:01:56,444 [INFO] IPUIPlugin:80 - create IPUIPlugin
2025-02-17 17:01:56,444 [INFO] IPUIPlugin:80 - create IPUIPlugin
2025-02-17 17:01:56,444 [INFO] IPUIPlugin:80 - create IPUIPlugin
2025-02-17 17:01:56,444 [INFO] IPUIPlugin:80 - create IPUIPlugin
2025-02-17 17:01:56,444 [INFO] IPUIPlugin:80 - create IPUIPlugin
2025-02-17 17:01:56,444 [INFO] IPUIPlugin:80 - create IPUIPlugin
2025-02-17 17:01:56,445 [INFO] IPUIPlugin:80 - create IPUIPlugin
2025-02-17 17:01:56,445 [INFO] IPUIPlugin:80 - create IPUIPlugin
2025-02-17 17:01:56,445 [INFO] IPUIPlugin:80 - create IPUIPlugin
2025-02-17 17:01:56,445 [INFO] IPUIPlugin:80 - create IPUIPlugin
2025-02-17 17:01:56,445 [INFO] IPUIPlugin:80 - create IPUIPlugin
2025-02-17 17:01:56,445 [INFO] IPUIPlugin:80 - create IPUIPlugin
2025-02-17 17:01:56,445 [INFO] IPUIPlugin:80 - create IPUIPlugin
2025-02-17 17:01:56,445 [INFO] IPUIPlugin:80 - create IPUIPlugin
2025-02-17 17:01:56,445 [INFO] IPUIPlugin:80 - create IPUIPlugin
2025-02-17 17:01:56,445 [INFO] IPUIPlugin:80 - create IPUIPlugin
2025-02-17 17:01:56,445 [INFO] IPUIPlugin:80 - create IPUIPlugin
2025-02-17 17:01:56,445 [INFO] IPUIPlugin:80 - create IPUIPlugin
2025-02-17 17:01:56,445 [INFO] IPUIPlugin:80 - create IPUIPlugin
2025-02-17 17:01:56,446 [INFO] IPUIPlugin:80 - create IPUIPlugin
2025-02-17 17:01:56,446 [INFO] IPUIPlugin:80 - create IPUIPlugin
2025-02-17 17:01:56,446 [INFO] IPUIPlugin:80 - create IPUIPlugin
2025-02-17 17:01:56,446 [INFO] IPUIPlugin:80 - create IPUIPlugin
2025-02-17 17:01:56,446 [INFO] IPUIPlugin:80 - create IPUIPlugin
2025-02-17 17:01:56,446 [INFO] IPUIPlugin:80 - create IPUIPlugin
2025-02-17 17:01:56,446 [INFO] IPUIPlugin:80 - create IPUIPlugin
2025-02-17 17:01:56,446 [INFO] IPUIPlugin:80 - create IPUIPlugin
2025-02-17 17:01:56,446 [INFO] IPUIPlugin:80 - create IPUIPlugin
2025-02-17 17:01:56,446 [INFO] IPUIPlugin:80 - create IPUIPlugin
2025-02-17 17:01:56,446 [INFO] IPUIPlugin:80 - create IPUIPlugin
2025-02-17 17:01:56,447 [INFO] IPUIPlugin:80 - create IPUIPlugin
2025-02-17 17:01:56,447 [INFO] IPUIPlugin:80 - create IPUIPlugin
2025-02-17 17:01:56,447 [INFO] IPUIPlugin:80 - create IPUIPlugin
2025-02-17 17:01:56,447 [INFO] IPUIPlugin:80 - create IPUIPlugin
2025-02-17 17:01:56,656 [INFO] ApiDbMcu:508 - Load IP Config File for PDM2PCM
2025-02-17 17:01:56,816 [INFO] CADModel:165 - CPN selected for project levelSTM32F401RCT6
2025-02-17 17:01:56,816 [INFO] CADModel:114 - Register for checkConnection events
2025-02-17 17:01:56,867 [INFO] OpenFileManager:343 - Restore cursor
2025-02-17 17:01:57,943 [INFO] UtilMem:75 - End SaveConfig() Used Memory: 643712416 Bytes (1073741824)
2025-02-17 17:01:57,987 [INFO] UtilMem:75 - End SaveConfig() Used Memory: 659955168 Bytes (1073741824)
2025-02-17 17:01:58,289 [INFO] BlockDiagram:2759 - set Specific Code input for plugin: NVIC
2025-02-17 17:01:58,289 [INFO] BlockDiagram:2759 - set Specific Code input for plugin: RCC
2025-02-17 17:01:58,290 [INFO] CodeGenerator:807 - code generatio: config db path: C:\ST\STM32CubeIDE_1.15.0\STM32CubeIDE\plugins\com.st.stm32cube.common.mx_6.11.0.202403141607\\db\
2025-02-17 17:01:58,404 [INFO] CodeEngine:255 - oldGeneratedFile, D:\Thykloop\WS\6_SPI\MXTmpFiles\license.tmp_save
2025-02-17 17:01:58,656 [INFO] CodeEngine:279 - Generated code: D:\Thykloop\WS\6_SPI\MXTmpFiles\license.tmp
2025-02-17 17:01:58,673 [INFO] CodeEngine:255 - oldGeneratedFile, D:\Thykloop\WS\6_SPI\Core\Src\stm32f4xx_it.c_save
2025-02-17 17:01:58,809 [INFO] CodeEngine:279 - Generated code: D:\Thykloop\WS\6_SPI\Core\Src\stm32f4xx_it.c
2025-02-17 17:01:58,818 [INFO] CodeEngine:255 - oldGeneratedFile, D:\Thykloop\WS\6_SPI\Core\Inc\stm32f4xx_it.h_save
2025-02-17 17:01:58,890 [INFO] CodeEngine:279 - Generated code: D:\Thykloop\WS\6_SPI\Core\Inc\stm32f4xx_it.h
2025-02-17 17:01:58,993 [INFO] CodeEngine:255 - oldGeneratedFile, D:\Thykloop\WS\6_SPI\Core\Src\stm32f4xx_hal_msp.c_save
2025-02-17 17:01:59,109 [INFO] CodeEngine:279 - Generated code: D:\Thykloop\WS\6_SPI\Core\Src\stm32f4xx_hal_msp.c
2025-02-17 17:01:59,117 [INFO] CodeEngine:255 - oldGeneratedFile, D:\Thykloop\WS\6_SPI\MXTmpFiles\system.tmp_save
2025-02-17 17:01:59,177 [INFO] CodeEngine:279 - Generated code: D:\Thykloop\WS\6_SPI\MXTmpFiles\system.tmp
2025-02-17 17:01:59,188 [INFO] CodeEngine:311 - oldGeneratedFile, D:\Thykloop\WS\6_SPI\Core\Inc\stm32f4xx_hal_conf.h_save
2025-02-17 17:01:59,269 [INFO] CodeEngine:335 - Generated code: D:\Thykloop\WS\6_SPI\Core\Inc\stm32f4xx_hal_conf.h
2025-02-17 17:01:59,331 [INFO] CodeEngine:255 - oldGeneratedFile, D:\Thykloop\WS\6_SPI\Core\Inc\main.h_save
2025-02-17 17:01:59,428 [INFO] CodeEngine:279 - Generated code: D:\Thykloop\WS\6_SPI\Core\Inc\main.h
2025-02-17 17:01:59,438 [INFO] CodeEngine:255 - oldGeneratedFile, D:\Thykloop\WS\6_SPI\Core\Src\main.c_save
2025-02-17 17:01:59,545 [INFO] CodeEngine:279 - Generated code: D:\Thykloop\WS\6_SPI\Core\Src\main.c
2025-02-17 17:01:59,845 [INFO] ProjectBuilder:3163 - Time for Copy HAL[1] : 82mS.
2025-02-17 17:01:59,848 [INFO] ProjectBuilder:4736 - Project Generator version: 4.3.0-B58
2025-02-17 17:01:59,895 [INFO] ConfigFileManager:1503 - The Die is : DIE423
2025-02-17 17:01:59,909 [INFO] ApiDbMcu:508 - Load IP Config File for FATFS
2025-02-17 17:01:59,921 [INFO] ApiDbMcu:508 - Load IP Config File for FREERTOS
2025-02-17 17:01:59,929 [INFO] ApiDbMcu:508 - Load IP Config File for LIBJPEG
2025-02-17 17:01:59,939 [INFO] ApiDbMcu:508 - Load IP Config File for MBEDTLS
2025-02-17 17:01:59,951 [INFO] ApiDbMcu:508 - Load IP Config File for USB_DEVICE
2025-02-17 17:01:59,961 [INFO] ApiDbMcu:508 - Load IP Config File for USB_HOST
2025-02-17 17:02:00,435 [INFO] LogOutputStream:77 - [STDOUT_REDIRECT] 
2025-02-17 17:02:02,132 [INFO] ProjectBuilder:5002 - Time for Generating toolchain IDE Files: 2284mS.
2025-02-17 17:02:02,132 [INFO] ProjectBuilder:3034 - Time for Copy CMSIS : 0mS.
2025-02-17 17:02:02,133 [INFO] ProjectBuilder:3034 - Time for Copy CMSIS : 0mS.
2025-02-17 17:02:03,135 [INFO] McuFinderGlobals:76 - Set McuFinderConnectedMode to true
2025-02-17 17:02:03,138 [INFO] ApiDb:448 - Save user favorites file C:\Users\ksylaz/.stm32cubeide/favorites.mcus.txt: 2 item(s)
2025-02-17 17:02:03,138 [INFO] ApiDb:452 - User favorites MCUs=[STM32F103RGT6, STM32F401RCT6]
2025-02-17 17:06:55,835 [INFO] NvicIntPanel:101 - NVIC parent = com.st.microxplorer.plugins.ip.nvic.MultiNvicIntPanel[,0,0,0x0,invalid,layout=javax.swing.BoxLayout,alignmentX=0.0,alignmentY=0.0,border=,flags=9,maximumSize=,minimumSize=,preferredSize=]
2025-02-17 17:08:03,608 [INFO] UtilMem:75 - End SaveConfig() Used Memory: 782379936 Bytes (1073741824)
2025-02-17 17:08:03,663 [INFO] UtilMem:75 - End SaveConfig() Used Memory: 799157152 Bytes (1073741824)
2025-02-17 17:08:03,769 [INFO] UtilMem:75 - End SaveConfig() Used Memory: 841100192 Bytes (1073741824)
2025-02-17 17:08:03,852 [INFO] BlockDiagram:2759 - set Specific Code input for plugin: SPI
2025-02-17 17:08:03,852 [INFO] BlockDiagram:2759 - set Specific Code input for plugin: NVIC
2025-02-17 17:08:03,852 [INFO] BlockDiagram:2759 - set Specific Code input for plugin: SYS
2025-02-17 17:08:03,852 [INFO] BlockDiagram:2759 - set Specific Code input for plugin: GPIO
2025-02-17 17:08:03,852 [INFO] BlockDiagram:2759 - set Specific Code input for plugin: RCC
2025-02-17 17:08:03,853 [INFO] CodeGenerator:807 - code generatio: config db path: C:\ST\STM32CubeIDE_1.15.0\STM32CubeIDE\plugins\com.st.stm32cube.common.mx_6.11.0.202403141607\\db\
2025-02-17 17:08:03,884 [INFO] CodeEngine:255 - oldGeneratedFile, D:\Thykloop\WS\6_SPI\MXTmpFiles\license.tmp_save
2025-02-17 17:08:03,939 [INFO] CodeEngine:279 - Generated code: D:\Thykloop\WS\6_SPI\MXTmpFiles\license.tmp
2025-02-17 17:08:03,974 [INFO] CodeEngine:255 - oldGeneratedFile, D:\Thykloop\WS\6_SPI\MXTmpFiles\gpio.tmp_save
2025-02-17 17:08:04,038 [INFO] CodeEngine:279 - Generated code: D:\Thykloop\WS\6_SPI\MXTmpFiles\gpio.tmp
2025-02-17 17:08:04,101 [INFO] CodeEngine:255 - oldGeneratedFile, D:\Thykloop\WS\6_SPI\Core\Src\stm32f4xx_it.c_save
2025-02-17 17:08:04,220 [INFO] CodeEngine:279 - Generated code: D:\Thykloop\WS\6_SPI\Core\Src\stm32f4xx_it.c
2025-02-17 17:08:04,223 [INFO] CodeEngine:255 - oldGeneratedFile, D:\Thykloop\WS\6_SPI\Core\Inc\stm32f4xx_it.h_save
2025-02-17 17:08:04,264 [INFO] CodeEngine:279 - Generated code: D:\Thykloop\WS\6_SPI\Core\Inc\stm32f4xx_it.h
2025-02-17 17:08:04,276 [INFO] CodeEngine:255 - oldGeneratedFile, D:\Thykloop\WS\6_SPI\Core\Src\stm32f4xx_hal_msp.c_save
2025-02-17 17:08:04,367 [INFO] CodeEngine:279 - Generated code: D:\Thykloop\WS\6_SPI\Core\Src\stm32f4xx_hal_msp.c
2025-02-17 17:08:04,369 [INFO] CodeEngine:255 - oldGeneratedFile, D:\Thykloop\WS\6_SPI\MXTmpFiles\system.tmp_save
2025-02-17 17:08:04,402 [INFO] CodeEngine:279 - Generated code: D:\Thykloop\WS\6_SPI\MXTmpFiles\system.tmp
2025-02-17 17:08:04,414 [INFO] CodeEngine:311 - oldGeneratedFile, D:\Thykloop\WS\6_SPI\Core\Inc\stm32f4xx_hal_conf.h_save
2025-02-17 17:08:04,491 [INFO] CodeEngine:335 - Generated code: D:\Thykloop\WS\6_SPI\Core\Inc\stm32f4xx_hal_conf.h
2025-02-17 17:08:04,526 [INFO] CodeEngine:255 - oldGeneratedFile, D:\Thykloop\WS\6_SPI\Core\Inc\main.h_save
2025-02-17 17:08:04,575 [INFO] CodeEngine:279 - Generated code: D:\Thykloop\WS\6_SPI\Core\Inc\main.h
2025-02-17 17:08:04,601 [INFO] CodeEngine:255 - oldGeneratedFile, D:\Thykloop\WS\6_SPI\Core\Src\main.c_save
2025-02-17 17:08:04,717 [INFO] CodeEngine:279 - Generated code: D:\Thykloop\WS\6_SPI\Core\Src\main.c
2025-02-17 17:08:04,934 [INFO] ProjectBuilder:3163 - Time for Copy HAL[1] : 116mS.
2025-02-17 17:08:04,936 [INFO] ProjectBuilder:4736 - Project Generator version: 4.3.0-B58
2025-02-17 17:08:04,968 [INFO] ConfigFileManager:1503 - The Die is : DIE423
2025-02-17 17:08:05,690 [INFO] ProjectBuilder:5002 - Time for Generating toolchain IDE Files: 754mS.
2025-02-17 17:08:05,691 [INFO] ProjectBuilder:3034 - Time for Copy CMSIS : 0mS.
2025-02-17 17:08:05,692 [INFO] ProjectBuilder:3034 - Time for Copy CMSIS : 0mS.
2025-02-17 17:09:47,750 [INFO] UtilMem:75 - End SaveConfig() Used Memory: 755424992 Bytes (1073741824)
2025-02-17 17:09:47,791 [INFO] UtilMem:75 - End SaveConfig() Used Memory: 776918752 Bytes (1073741824)
2025-02-17 17:09:48,123 [INFO] UtilMem:75 - End SaveConfig() Used Memory: 827250400 Bytes (1073741824)
2025-02-17 17:09:48,232 [INFO] BlockDiagram:2759 - set Specific Code input for plugin: NVIC
2025-02-17 17:09:48,232 [INFO] BlockDiagram:2759 - set Specific Code input for plugin: SYS
2025-02-17 17:09:48,232 [INFO] BlockDiagram:2759 - set Specific Code input for plugin: RCC
2025-02-17 17:09:48,233 [INFO] CodeGenerator:807 - code generatio: config db path: C:\ST\STM32CubeIDE_1.15.0\STM32CubeIDE\plugins\com.st.stm32cube.common.mx_6.11.0.202403141607\\db\
2025-02-17 17:09:48,260 [INFO] CodeEngine:255 - oldGeneratedFile, D:\Thykloop\WS\6_SPI\MXTmpFiles\license.tmp_save
2025-02-17 17:09:48,309 [INFO] CodeEngine:279 - Generated code: D:\Thykloop\WS\6_SPI\MXTmpFiles\license.tmp
2025-02-17 17:09:48,325 [INFO] CodeEngine:255 - oldGeneratedFile, D:\Thykloop\WS\6_SPI\Core\Src\stm32f4xx_it.c_save
2025-02-17 17:09:48,369 [INFO] CodeEngine:279 - Generated code: D:\Thykloop\WS\6_SPI\Core\Src\stm32f4xx_it.c
2025-02-17 17:09:48,373 [INFO] CodeEngine:255 - oldGeneratedFile, D:\Thykloop\WS\6_SPI\Core\Inc\stm32f4xx_it.h_save
2025-02-17 17:09:48,421 [INFO] CodeEngine:279 - Generated code: D:\Thykloop\WS\6_SPI\Core\Inc\stm32f4xx_it.h
2025-02-17 17:09:48,436 [INFO] CodeEngine:255 - oldGeneratedFile, D:\Thykloop\WS\6_SPI\Core\Src\stm32f4xx_hal_msp.c_save
2025-02-17 17:09:48,491 [INFO] CodeEngine:279 - Generated code: D:\Thykloop\WS\6_SPI\Core\Src\stm32f4xx_hal_msp.c
2025-02-17 17:09:48,493 [INFO] CodeEngine:255 - oldGeneratedFile, D:\Thykloop\WS\6_SPI\MXTmpFiles\system.tmp_save
2025-02-17 17:09:48,527 [INFO] CodeEngine:279 - Generated code: D:\Thykloop\WS\6_SPI\MXTmpFiles\system.tmp
2025-02-17 17:09:48,539 [INFO] CodeEngine:311 - oldGeneratedFile, D:\Thykloop\WS\6_SPI\Core\Inc\stm32f4xx_hal_conf.h_save
2025-02-17 17:09:48,597 [INFO] CodeEngine:335 - Generated code: D:\Thykloop\WS\6_SPI\Core\Inc\stm32f4xx_hal_conf.h
2025-02-17 17:09:48,633 [INFO] CodeEngine:255 - oldGeneratedFile, D:\Thykloop\WS\6_SPI\Core\Inc\main.h_save
2025-02-17 17:09:48,673 [INFO] CodeEngine:279 - Generated code: D:\Thykloop\WS\6_SPI\Core\Inc\main.h
2025-02-17 17:09:48,685 [INFO] CodeEngine:255 - oldGeneratedFile, D:\Thykloop\WS\6_SPI\Core\Src\main.c_save
2025-02-17 17:09:48,732 [INFO] CodeEngine:279 - Generated code: D:\Thykloop\WS\6_SPI\Core\Src\main.c
2025-02-17 17:09:48,923 [INFO] ProjectBuilder:3163 - Time for Copy HAL[1] : 108mS.
2025-02-17 17:09:48,924 [INFO] ProjectBuilder:4736 - Project Generator version: 4.3.0-B58
2025-02-17 17:09:48,958 [INFO] ConfigFileManager:1503 - The Die is : DIE423
2025-02-17 17:09:49,319 [INFO] ProjectBuilder:5002 - Time for Generating toolchain IDE Files: 395mS.
2025-02-17 17:09:49,320 [INFO] ProjectBuilder:3034 - Time for Copy CMSIS : 1mS.
2025-02-17 17:09:49,322 [INFO] ProjectBuilder:3034 - Time for Copy CMSIS : 0mS.
