16:18:25 **** Incremental Build of configuration Debug for project 4_UART ****
make -j24 all 
arm-none-eabi-gcc "../Core/Src/main.c" -mcpu=cortex-m4 -std=gnu11 -g3 -DDEBUG -DUSE_HAL_DRIVER -DSTM32F401xC -c -I../Core/Inc -I../Drivers/STM32F4xx_HAL_Driver/Inc -I../Drivers/STM32F4xx_HAL_Driver/Inc/Legacy -I../Drivers/CMSIS/Device/ST/STM32F4xx/Include -I../Drivers/CMSIS/Include -O0 -ffunction-sections -fdata-sections -Wall -fstack-usage -fcyclomatic-complexity -MMD -MP -MF"Core/Src/main.d" -MT"Core/Src/main.o" --specs=nano.specs -mfpu=fpv4-sp-d16 -mfloat-abi=hard -mthumb -o "Core/Src/main.o"
../Core/Src/main.c: In function 'main':
../Core/Src/main.c:155:24: warning: assignment to 'char *' from 'uint8_t' {aka 'unsigned char'} makes pointer from integer without a cast [-Wint-conversion]
  155 |                 rxData = UARTReceive();
      |                        ^
../Core/Src/main.c:157:30: warning: passing argument 1 of 'UARTTransmit' makes integer from pointer without a cast [-Wint-conversion]
  157 |                 UARTTransmit(rxData);
      |                              ^~~~~~
      |                              |
      |                              char *
../Core/Src/main.c:80:27: note: expected 'uint8_t' {aka 'unsigned char'} but argument is of type 'char *'
   80 | void UARTTransmit(uint8_t a_data) {
      |                   ~~~~~~~~^~~~~~
arm-none-eabi-gcc -o "4_UART.elf" @"objects.list"   -mcpu=cortex-m4 -T"D:\Thykloop\WS\4_UART\STM32F401RCTX_FLASH.ld" --specs=nosys.specs -Wl,-Map="4_UART.map" -Wl,--gc-sections -static --specs=nano.specs -mfpu=fpv4-sp-d16 -mfloat-abi=hard -mthumb -Wl,--start-group -lc -lm -Wl,--end-group
Finished building target: 4_UART.elf
 
arm-none-eabi-size  4_UART.elf 
arm-none-eabi-objdump -h -S 4_UART.elf  > "4_UART.list"
   text	   data	    bss	    dec	    hex	filename
   5028	     12	   1572	   6612	   19d4	4_UART.elf
Finished building: default.size.stdout
 
Finished building: 4_UART.list
 
16:18:45 **** Incremental Build of configuration Debug for project 4_UART ****
make -j24 all 
arm-none-eabi-gcc "../Core/Src/main.c" -mcpu=cortex-m4 -std=gnu11 -g3 -DDEBUG -DUSE_HAL_DRIVER -DSTM32F401xC -c -I../Core/Inc -I../Drivers/STM32F4xx_HAL_Driver/Inc -I../Drivers/STM32F4xx_HAL_Driver/Inc/Legacy -I../Drivers/CMSIS/Device/ST/STM32F4xx/Include -I../Drivers/CMSIS/Include -O0 -ffunction-sections -fdata-sections -Wall -fstack-usage -fcyclomatic-complexity -MMD -MP -MF"Core/Src/main.d" -MT"Core/Src/main.o" --specs=nano.specs -mfpu=fpv4-sp-d16 -mfloat-abi=hard -mthumb -o "Core/Src/main.o"
arm-none-eabi-gcc -o "4_UART.elf" @"objects.list"   -mcpu=cortex-m4 -T"D:\Thykloop\WS\4_UART\STM32F401RCTX_FLASH.ld" --specs=nosys.specs -Wl,-Map="4_UART.map" -Wl,--gc-sections -static --specs=nano.specs -mfpu=fpv4-sp-d16 -mfloat-abi=hard -mthumb -Wl,--start-group -lc -lm -Wl,--end-group
Finished building target: 4_UART.elf
 
arm-none-eabi-size  4_UART.elf 
arm-none-eabi-objdump -h -S 4_UART.elf  > "4_UART.list"
   text	   data	    bss	    dec	    hex	filename
   5024	     12	   1572	   6608	   19d0	4_UART.elf
Finished building: default.size.stdout
 
Finished building: 4_UART.list
 
16:18:50 **** Incremental Build of configuration Debug for project 4_UART ****
make -j24 all 
arm-none-eabi-size  4_UART.elf 
   text	   data	    bss	    dec	    hex	filename
   5024	     12	   1572	   6608	   19d0	4_UART.elf
Finished building: default.size.stdout
 
16:31:23 **** Incremental Build of configuration Debug for project 4_UART ****
make -j24 all 
arm-none-eabi-gcc "../Core/Src/main.c" -mcpu=cortex-m4 -std=gnu11 -g3 -DDEBUG -DUSE_HAL_DRIVER -DSTM32F401xC -c -I../Core/Inc -I../Drivers/STM32F4xx_HAL_Driver/Inc -I../Drivers/STM32F4xx_HAL_Driver/Inc/Legacy -I../Drivers/CMSIS/Device/ST/STM32F4xx/Include -I../Drivers/CMSIS/Include -O0 -ffunction-sections -fdata-sections -Wall -fstack-usage -fcyclomatic-complexity -MMD -MP -MF"Core/Src/main.d" -MT"Core/Src/main.o" --specs=nano.specs -mfpu=fpv4-sp-d16 -mfloat-abi=hard -mthumb -o "Core/Src/main.o"
arm-none-eabi-gcc -o "4_UART.elf" @"objects.list"   -mcpu=cortex-m4 -T"D:\Thykloop\WS\4_UART\STM32F401RCTX_FLASH.ld" --specs=nosys.specs -Wl,-Map="4_UART.map" -Wl,--gc-sections -static --specs=nano.specs -mfpu=fpv4-sp-d16 -mfloat-abi=hard -mthumb -Wl,--start-group -lc -lm -Wl,--end-group
Finished building target: 4_UART.elf
 
arm-none-eabi-size  4_UART.elf 
arm-none-eabi-objdump -h -S 4_UART.elf  > "4_UART.list"
   text	   data	    bss	    dec	    hex	filename
   5032	     12	   1572	   6616	   19d8	4_UART.elf
Finished building: default.size.stdout
 
Finished building: 4_UART.list
 
16:32:57 **** Incremental Build of configuration Debug for project 4_UART ****
make -j24 all 
arm-none-eabi-gcc "../Core/Src/main.c" -mcpu=cortex-m4 -std=gnu11 -g3 -DDEBUG -DUSE_HAL_DRIVER -DSTM32F401xC -c -I../Core/Inc -I../Drivers/STM32F4xx_HAL_Driver/Inc -I../Drivers/STM32F4xx_HAL_Driver/Inc/Legacy -I../Drivers/CMSIS/Device/ST/STM32F4xx/Include -I../Drivers/CMSIS/Include -O0 -ffunction-sections -fdata-sections -Wall -fstack-usage -fcyclomatic-complexity -MMD -MP -MF"Core/Src/main.d" -MT"Core/Src/main.o" --specs=nano.specs -mfpu=fpv4-sp-d16 -mfloat-abi=hard -mthumb -o "Core/Src/main.o"
arm-none-eabi-gcc -o "4_UART.elf" @"objects.list"   -mcpu=cortex-m4 -T"D:\Thykloop\WS\4_UART\STM32F401RCTX_FLASH.ld" --specs=nosys.specs -Wl,-Map="4_UART.map" -Wl,--gc-sections -static --specs=nano.specs -mfpu=fpv4-sp-d16 -mfloat-abi=hard -mthumb -Wl,--start-group -lc -lm -Wl,--end-group
Finished building target: 4_UART.elf
 
arm-none-eabi-size  4_UART.elf 
arm-none-eabi-objdump -h -S 4_UART.elf  > "4_UART.list"
   text	   data	    bss	    dec	    hex	filename
  12324	    104	   1912	  14340	   3804	4_UART.elf
Finished building: default.size.stdout
 
Finished building: 4_UART.list
 
16:33:42 **** Incremental Build of configuration Debug for project 4_UART ****
make -j24 all 
arm-none-eabi-gcc "../Core/Src/main.c" -mcpu=cortex-m4 -std=gnu11 -g3 -DDEBUG -DUSE_HAL_DRIVER -DSTM32F401xC -c -I../Core/Inc -I../Drivers/STM32F4xx_HAL_Driver/Inc -I../Drivers/STM32F4xx_HAL_Driver/Inc/Legacy -I../Drivers/CMSIS/Device/ST/STM32F4xx/Include -I../Drivers/CMSIS/Include -O0 -ffunction-sections -fdata-sections -Wall -fstack-usage -fcyclomatic-complexity -MMD -MP -MF"Core/Src/main.d" -MT"Core/Src/main.o" --specs=nano.specs -mfpu=fpv4-sp-d16 -mfloat-abi=hard -mthumb -o "Core/Src/main.o"
arm-none-eabi-gcc -o "4_UART.elf" @"objects.list"   -mcpu=cortex-m4 -T"D:\Thykloop\WS\4_UART\STM32F401RCTX_FLASH.ld" --specs=nosys.specs -Wl,-Map="4_UART.map" -Wl,--gc-sections -static --specs=nano.specs -mfpu=fpv4-sp-d16 -mfloat-abi=hard -mthumb -Wl,--start-group -lc -lm -Wl,--end-group
Finished building target: 4_UART.elf
 
arm-none-eabi-size  4_UART.elf 
arm-none-eabi-objdump -h -S 4_UART.elf  > "4_UART.list"
   text	   data	    bss	    dec	    hex	filename
  12320	    104	   1912	  14336	   3800	4_UART.elf
Finished building: default.size.stdout
 
Finished building: 4_UART.list
 
16:33:56 **** Incremental Build of configuration Debug for project 4_UART ****
make -j24 all 
arm-none-eabi-size  4_UART.elf 
   text	   data	    bss	    dec	    hex	filename
  12320	    104	   1912	  14336	   3800	4_UART.elf
Finished building: default.size.stdout
 
16:34:28 **** Incremental Build of configuration Debug for project 4_UART ****
make -j24 all 
arm-none-eabi-gcc "../Core/Src/main.c" -mcpu=cortex-m4 -std=gnu11 -g3 -DDEBUG -DUSE_HAL_DRIVER -DSTM32F401xC -c -I../Core/Inc -I../Drivers/STM32F4xx_HAL_Driver/Inc -I../Drivers/STM32F4xx_HAL_Driver/Inc/Legacy -I../Drivers/CMSIS/Device/ST/STM32F4xx/Include -I../Drivers/CMSIS/Include -O0 -ffunction-sections -fdata-sections -Wall -fstack-usage -fcyclomatic-complexity -MMD -MP -MF"Core/Src/main.d" -MT"Core/Src/main.o" --specs=nano.specs -mfpu=fpv4-sp-d16 -mfloat-abi=hard -mthumb -o "Core/Src/main.o"
arm-none-eabi-gcc -o "4_UART.elf" @"objects.list"   -mcpu=cortex-m4 -T"D:\Thykloop\WS\4_UART\STM32F401RCTX_FLASH.ld" --specs=nosys.specs -Wl,-Map="4_UART.map" -Wl,--gc-sections -static --specs=nano.specs -mfpu=fpv4-sp-d16 -mfloat-abi=hard -mthumb -Wl,--start-group -lc -lm -Wl,--end-group
Finished building target: 4_UART.elf
 
arm-none-eabi-size  4_UART.elf 
arm-none-eabi-objdump -h -S 4_UART.elf  > "4_UART.list"
   text	   data	    bss	    dec	    hex	filename
  12312	    104	   2008	  14424	   3858	4_UART.elf
Finished building: default.size.stdout
 
Finished building: 4_UART.list
 
16:36:17 **** Incremental Build of configuration Debug for project 4_UART ****
make -j24 all 
arm-none-eabi-gcc "../Core/Src/main.c" -mcpu=cortex-m4 -std=gnu11 -g3 -DDEBUG -DUSE_HAL_DRIVER -DSTM32F401xC -c -I../Core/Inc -I../Drivers/STM32F4xx_HAL_Driver/Inc -I../Drivers/STM32F4xx_HAL_Driver/Inc/Legacy -I../Drivers/CMSIS/Device/ST/STM32F4xx/Include -I../Drivers/CMSIS/Include -O0 -ffunction-sections -fdata-sections -Wall -fstack-usage -fcyclomatic-complexity -MMD -MP -MF"Core/Src/main.d" -MT"Core/Src/main.o" --specs=nano.specs -mfpu=fpv4-sp-d16 -mfloat-abi=hard -mthumb -o "Core/Src/main.o"
arm-none-eabi-gcc -o "4_UART.elf" @"objects.list"   -mcpu=cortex-m4 -T"D:\Thykloop\WS\4_UART\STM32F401RCTX_FLASH.ld" --specs=nosys.specs -Wl,-Map="4_UART.map" -Wl,--gc-sections -static --specs=nano.specs -mfpu=fpv4-sp-d16 -mfloat-abi=hard -mthumb -Wl,--start-group -lc -lm -Wl,--end-group
Finished building target: 4_UART.elf
 
arm-none-eabi-size  4_UART.elf 
arm-none-eabi-objdump -h -S 4_UART.elf  > "4_UART.list"
   text	   data	    bss	    dec	    hex	filename
  12368	    104	   2008	  14480	   3890	4_UART.elf
Finished building: default.size.stdout
 
Finished building: 4_UART.list
 
16:36:21 **** Incremental Build of configuration Debug for project 4_UART ****
make -j24 all 
arm-none-eabi-size  4_UART.elf 
   text	   data	    bss	    dec	    hex	filename
  12368	    104	   2008	  14480	   3890	4_UART.elf
Finished building: default.size.stdout
 
16:36:52 **** Incremental Build of configuration Debug for project 4_UART ****
make -j24 all 
arm-none-eabi-gcc "../Core/Src/main.c" -mcpu=cortex-m4 -std=gnu11 -g3 -DDEBUG -DUSE_HAL_DRIVER -DSTM32F401xC -c -I../Core/Inc -I../Drivers/STM32F4xx_HAL_Driver/Inc -I../Drivers/STM32F4xx_HAL_Driver/Inc/Legacy -I../Drivers/CMSIS/Device/ST/STM32F4xx/Include -I../Drivers/CMSIS/Include -O0 -ffunction-sections -fdata-sections -Wall -fstack-usage -fcyclomatic-complexity -MMD -MP -MF"Core/Src/main.d" -MT"Core/Src/main.o" --specs=nano.specs -mfpu=fpv4-sp-d16 -mfloat-abi=hard -mthumb -o "Core/Src/main.o"
arm-none-eabi-gcc -o "4_UART.elf" @"objects.list"   -mcpu=cortex-m4 -T"D:\Thykloop\WS\4_UART\STM32F401RCTX_FLASH.ld" --specs=nosys.specs -Wl,-Map="4_UART.map" -Wl,--gc-sections -static --specs=nano.specs -mfpu=fpv4-sp-d16 -mfloat-abi=hard -mthumb -Wl,--start-group -lc -lm -Wl,--end-group
Finished building target: 4_UART.elf
 
arm-none-eabi-size  4_UART.elf 
arm-none-eabi-objdump -h -S 4_UART.elf  > "4_UART.list"
   text	   data	    bss	    dec	    hex	filename
  12388	    104	   2008	  14500	   38a4	4_UART.elf
Finished building: default.size.stdout
 
Finished building: 4_UART.list
 
16:38:04 **** Incremental Build of configuration Debug for project 4_UART ****
make -j24 all 
arm-none-eabi-gcc "../Core/Src/main.c" -mcpu=cortex-m4 -std=gnu11 -g3 -DDEBUG -DUSE_HAL_DRIVER -DSTM32F401xC -c -I../Core/Inc -I../Drivers/STM32F4xx_HAL_Driver/Inc -I../Drivers/STM32F4xx_HAL_Driver/Inc/Legacy -I../Drivers/CMSIS/Device/ST/STM32F4xx/Include -I../Drivers/CMSIS/Include -O0 -ffunction-sections -fdata-sections -Wall -fstack-usage -fcyclomatic-complexity -MMD -MP -MF"Core/Src/main.d" -MT"Core/Src/main.o" --specs=nano.specs -mfpu=fpv4-sp-d16 -mfloat-abi=hard -mthumb -o "Core/Src/main.o"
arm-none-eabi-gcc -o "4_UART.elf" @"objects.list"   -mcpu=cortex-m4 -T"D:\Thykloop\WS\4_UART\STM32F401RCTX_FLASH.ld" --specs=nosys.specs -Wl,-Map="4_UART.map" -Wl,--gc-sections -static --specs=nano.specs -mfpu=fpv4-sp-d16 -mfloat-abi=hard -mthumb -Wl,--start-group -lc -lm -Wl,--end-group
Finished building target: 4_UART.elf
 
arm-none-eabi-size  4_UART.elf 
arm-none-eabi-objdump -h -S 4_UART.elf  > "4_UART.list"
   text	   data	    bss	    dec	    hex	filename
  12356	    104	   2008	  14468	   3884	4_UART.elf
Finished building: default.size.stdout
 
Finished building: 4_UART.list
 
16:38:28 **** Incremental Build of configuration Debug for project 4_UART ****
make -j24 all 
arm-none-eabi-gcc "../Core/Src/main.c" -mcpu=cortex-m4 -std=gnu11 -g3 -DDEBUG -DUSE_HAL_DRIVER -DSTM32F401xC -c -I../Core/Inc -I../Drivers/STM32F4xx_HAL_Driver/Inc -I../Drivers/STM32F4xx_HAL_Driver/Inc/Legacy -I../Drivers/CMSIS/Device/ST/STM32F4xx/Include -I../Drivers/CMSIS/Include -O0 -ffunction-sections -fdata-sections -Wall -fstack-usage -fcyclomatic-complexity -MMD -MP -MF"Core/Src/main.d" -MT"Core/Src/main.o" --specs=nano.specs -mfpu=fpv4-sp-d16 -mfloat-abi=hard -mthumb -o "Core/Src/main.o"
arm-none-eabi-gcc -o "4_UART.elf" @"objects.list"   -mcpu=cortex-m4 -T"D:\Thykloop\WS\4_UART\STM32F401RCTX_FLASH.ld" --specs=nosys.specs -Wl,-Map="4_UART.map" -Wl,--gc-sections -static --specs=nano.specs -mfpu=fpv4-sp-d16 -mfloat-abi=hard -mthumb -Wl,--start-group -lc -lm -Wl,--end-group
Finished building target: 4_UART.elf
 
arm-none-eabi-size  4_UART.elf 
arm-none-eabi-objdump -h -S 4_UART.elf  > "4_UART.list"
   text	   data	    bss	    dec	    hex	filename
  12356	    104	   2008	  14468	   3884	4_UART.elf
Finished building: default.size.stdout
 
Finished building: 4_UART.list
 
